# JRE version: Java(TM) SE Runtime Environment (15.0.2+7) (build 15.0.2+7-27)
# Java VM: Java HotSpot(TM) 64-Bit Server VM (15.0.2+7-27, mixed mode, sharing, tiered, compressed oops, g1 gc, windows-amd64)
GC Precious Log:
 CPUs: 20 total, 20 available
 Memory: 16155M
 Large Page Support: Disabled
 NUMA Support: Disabled
 Compressed Oops: Enabled (Zero based)
 Heap Region Size: 2M
 Heap Min Capacity: 8M
 Heap Initial Capacity: 254M
 Heap Max Capacity: 4040M
 Pre-touch: Disabled
 Parallel Workers: 15
 Concurrent Workers: 4
 Concurrent Refinement Workers: 15
 Periodic GC: Disabled
Heap:
 garbage-first heap   total 137216K, used 99149K [0x0000000703800000, 0x0000000800000000)
  region size 2048K, 12 young (24576K), 1 survivors (2048K)
 Metaspace       used 51337K, capacity 51674K, committed 51888K, reserved 1093632K
  class space    used 6981K, capacity 7137K, committed 7168K, reserved 1048576K
GC Heap History (20 events):
Event: 6.243 GC heap before
{Heap before GC invocations=11 (full 0):
 garbage-first heap   total 75776K, used 55703K [0x0000000703800000, 0x0000000800000000)
  region size 2048K, 8 young (16384K), 2 survivors (4096K)
 Metaspace       used 36830K, capacity 37176K, committed 37680K, reserved 1081344K
  class space    used 4806K, capacity 4941K, committed 4992K, reserved 1048576K
}
Event: 6.245 GC heap after
{Heap after GC invocations=12 (full 0):
 garbage-first heap   total 75776K, used 46151K [0x0000000703800000, 0x0000000800000000)
  region size 2048K, 1 young (2048K), 1 survivors (2048K)
 Metaspace       used 36830K, capacity 37176K, committed 37680K, reserved 1081344K
  class space    used 4806K, capacity 4941K, committed 4992K, reserved 1048576K
}
Event: 6.584 GC heap before
{Heap before GC invocations=13 (full 0):
 garbage-first heap   total 81920K, used 58439K [0x0000000703800000, 0x0000000800000000)
  region size 2048K, 7 young (14336K), 1 survivors (2048K)
 Metaspace       used 39706K, capacity 39991K, committed 40496K, reserved 1085440K
  class space    used 5132K, capacity 5239K, committed 5248K, reserved 1048576K
}
Event: 6.587 GC heap after
{Heap after GC invocations=14 (full 0):
 garbage-first heap   total 81920K, used 48073K [0x0000000703800000, 0x0000000800000000)
  region size 2048K, 1 young (2048K), 1 survivors (2048K)
 Metaspace       used 39706K, capacity 39991K, committed 40496K, reserved 1085440K
  class space    used 5132K, capacity 5239K, committed 5248K, reserved 1048576K
}
Event: 6.780 GC heap before
{Heap before GC invocations=14 (full 0):
 garbage-first heap   total 81920K, used 60361K [0x0000000703800000, 0x0000000800000000)
  region size 2048K, 8 young (16384K), 1 survivors (2048K)
 Metaspace       used 41319K, capacity 41671K, committed 42032K, reserved 1085440K
  class space    used 5365K, capacity 5498K, committed 5504K, reserved 1048576K
}
Event: 6.782 GC heap after
{Heap after GC invocations=15 (full 0):
 garbage-first heap   total 81920K, used 51342K [0x0000000703800000, 0x0000000800000000)
  region size 2048K, 1 young (2048K), 1 survivors (2048K)
 Metaspace       used 41319K, capacity 41671K, committed 42032K, reserved 1085440K
  class space    used 5365K, capacity 5498K, committed 5504K, reserved 1048576K
}
Event: 6.879 GC heap before
{Heap before GC invocations=16 (full 0):
 garbage-first heap   total 92160K, used 61582K [0x0000000703800000, 0x0000000800000000)
  region size 2048K, 7 young (14336K), 1 survivors (2048K)
 Metaspace       used 41842K, capacity 42151K, committed 42672K, reserved 1087488K
  class space    used 5485K, capacity 5594K, committed 5632K, reserved 1048576K
}
Event: 6.881 GC heap after
{Heap after GC invocations=17 (full 0):
 garbage-first heap   total 92160K, used 55524K [0x0000000703800000, 0x0000000800000000)
  region size 2048K, 1 young (2048K), 1 survivors (2048K)
 Metaspace       used 41842K, capacity 42151K, committed 42672K, reserved 1087488K
  class space    used 5485K, capacity 5594K, committed 5632K, reserved 1048576K
}
Event: 7.007 GC heap before
{Heap before GC invocations=17 (full 0):
 garbage-first heap   total 92160K, used 69860K [0x0000000703800000, 0x0000000800000000)
  region size 2048K, 8 young (16384K), 1 survivors (2048K)
 Metaspace       used 42338K, capacity 42695K, committed 43056K, reserved 1087488K
  class space    used 5631K, capacity 5754K, committed 5760K, reserved 1048576K
}
Event: 7.008 GC heap after
{Heap after GC invocations=18 (full 0):
 garbage-first heap   total 92160K, used 59923K [0x0000000703800000, 0x0000000800000000)
  region size 2048K, 1 young (2048K), 1 survivors (2048K)
 Metaspace       used 42338K, capacity 42695K, committed 43056K, reserved 1087488K
  class space    used 5631K, capacity 5754K, committed 5760K, reserved 1048576K
}
Event: 7.091 GC heap before
{Heap before GC invocations=19 (full 0):
 garbage-first heap   total 106496K, used 70163K [0x0000000703800000, 0x0000000800000000)
  region size 2048K, 6 young (12288K), 1 survivors (2048K)
 Metaspace       used 42671K, capacity 43016K, committed 43440K, reserved 1087488K
  class space    used 5705K, capacity 5818K, committed 5888K, reserved 1048576K
}
Event: 7.093 GC heap after
{Heap after GC invocations=20 (full 0):
 garbage-first heap   total 106496K, used 63115K [0x0000000703800000, 0x0000000800000000)
  region size 2048K, 1 young (2048K), 1 survivors (2048K)
 Metaspace       used 42671K, capacity 43016K, committed 43440K, reserved 1087488K
  class space    used 5705K, capacity 5818K, committed 5888K, reserved 1048576K
}
Event: 7.168 GC heap before
{Heap before GC invocations=20 (full 0):
 garbage-first heap   total 106496K, used 75403K [0x0000000703800000, 0x0000000800000000)
  region size 2048K, 8 young (16384K), 1 survivors (2048K)
 Metaspace       used 42977K, capacity 43240K, committed 43824K, reserved 1087488K
  class space    used 5803K, capacity 5914K, committed 6016K, reserved 1048576K
}
Event: 7.170 GC heap after
{Heap after GC invocations=21 (full 0):
 garbage-first heap   total 106496K, used 67342K [0x0000000703800000, 0x0000000800000000)
  region size 2048K, 1 young (2048K), 1 survivors (2048K)
 Metaspace       used 42977K, capacity 43240K, committed 43824K, reserved 1087488K
  class space    used 5803K, capacity 5914K, committed 6016K, reserved 1048576K
}
Event: 7.238 GC heap before
{Heap before GC invocations=22 (full 0):
 garbage-first heap   total 120832K, used 77582K [0x0000000703800000, 0x0000000800000000)
  region size 2048K, 7 young (14336K), 1 survivors (2048K)
 Metaspace       used 43183K, capacity 43464K, committed 43824K, reserved 1087488K
  class space    used 5876K, capacity 6010K, committed 6016K, reserved 1048576K
}
Event: 7.240 GC heap after
{Heap after GC invocations=23 (full 0):
 garbage-first heap   total 120832K, used 70869K [0x0000000703800000, 0x0000000800000000)
  region size 2048K, 1 young (2048K), 1 survivors (2048K)
 Metaspace       used 43183K, capacity 43464K, committed 43824K, reserved 1087488K
  class space    used 5876K, capacity 6010K, committed 6016K, reserved 1048576K
}
Event: 7.411 GC heap before
{Heap before GC invocations=23 (full 0):
 garbage-first heap   total 120832K, used 72917K [0x0000000703800000, 0x0000000800000000)
  region size 2048K, 4 young (8192K), 1 survivors (2048K)
 Metaspace       used 44137K, capacity 44424K, committed 44976K, reserved 1087488K
  class space    used 5959K, capacity 6074K, committed 6144K, reserved 1048576K
}
Event: 7.412 GC heap after
{Heap after GC invocations=24 (full 0):
 garbage-first heap   total 120832K, used 73455K [0x0000000703800000, 0x0000000800000000)
  region size 2048K, 2 young (4096K), 2 survivors (4096K)
 Metaspace       used 44137K, capacity 44424K, committed 44976K, reserved 1087488K
  class space    used 5959K, capacity 6074K, committed 6144K, reserved 1048576K
}
Event: 18.670 GC heap before
{Heap before GC invocations=25 (full 0):
 garbage-first heap   total 137216K, used 93935K [0x0000000703800000, 0x0000000800000000)
  region size 2048K, 11 young (22528K), 2 survivors (4096K)
 Metaspace       used 47376K, capacity 47668K, committed 48176K, reserved 1091584K
  class space    used 6375K, capacity 6493K, committed 6528K, reserved 1048576K
}
Event: 18.672 GC heap after
{Heap after GC invocations=26 (full 0):
 garbage-first heap   total 137216K, used 78669K [0x0000000703800000, 0x0000000800000000)
  region size 2048K, 1 young (2048K), 1 survivors (2048K)
 Metaspace       used 47376K, capacity 47668K, committed 48176K, reserved 1091584K
  class space    used 6375K, capacity 6493K, committed 6528K, reserved 1048576K
}

