# JRE version: Java(TM) SE Runtime Environment (15.0.2+7) (build 15.0.2+7-27)
# Java VM: Java HotSpot(TM) 64-Bit Server VM (15.0.2+7-27, mixed mode, sharing, tiered, compressed oops, g1 gc, windows-amd64)
GC Precious Log:
 CPUs: 4 total, 4 available
 Memory: 12188M
 Large Page Support: Disabled
 NUMA Support: Disabled
 Compressed Oops: Enabled (Zero based)
 Heap Region Size: 2M
 Heap Min Capacity: 8M
 Heap Initial Capacity: 192M
 Heap Max Capacity: 3048M
 Pre-touch: Disabled
 Parallel Workers: 4
 Concurrent Workers: 1
 Concurrent Refinement Workers: 4
 Periodic GC: Disabled
Heap:
 garbage-first heap   total 143360K, used 101211K [0x0000000741800000, 0x0000000800000000)
  region size 2048K, 11 young (22528K), 1 survivors (2048K)
 Metaspace       used 50604K, capacity 50977K, committed 51324K, reserved 1093632K
  class space    used 6909K, capacity 7041K, committed 7116K, reserved 1048576K
GC Heap History (20 events):
Event: 6.698 GC heap before
{Heap before GC invocations=6 (full 0):
 garbage-first heap   total 102400K, used 80037K [0x0000000741800000, 0x0000000800000000)
  region size 2048K, 30 young (61440K), 3 survivors (6144K)
 Metaspace       used 29774K, capacity 30005K, committed 30460K, reserved 1077248K
  class space    used 3464K, capacity 3530K, committed 3660K, reserved 1048576K
}
Event: 6.711 GC heap after
{Heap after GC invocations=7 (full 0):
 garbage-first heap   total 102400K, used 35154K [0x0000000741800000, 0x0000000800000000)
  region size 2048K, 4 young (8192K), 4 survivors (8192K)
 Metaspace       used 29774K, capacity 30005K, committed 30460K, reserved 1077248K
  class space    used 3464K, capacity 3530K, committed 3660K, reserved 1048576K
}
Event: 8.907 GC heap before
{Heap before GC invocations=8 (full 0):
 garbage-first heap   total 102400K, used 63826K [0x0000000741800000, 0x0000000800000000)
  region size 2048K, 18 young (36864K), 4 survivors (8192K)
 Metaspace       used 33000K, capacity 33309K, committed 33916K, reserved 1079296K
  class space    used 4083K, capacity 4172K, committed 4300K, reserved 1048576K
}
Event: 8.920 GC heap after
{Heap after GC invocations=9 (full 0):
 garbage-first heap   total 102400K, used 41941K [0x0000000741800000, 0x0000000800000000)
  region size 2048K, 3 young (6144K), 3 survivors (6144K)
 Metaspace       used 33000K, capacity 33309K, committed 33916K, reserved 1079296K
  class space    used 4083K, capacity 4172K, committed 4300K, reserved 1048576K
}
Event: 11.986 GC heap before
{Heap before GC invocations=9 (full 0):
 garbage-first heap   total 102400K, used 68565K [0x0000000741800000, 0x0000000800000000)
  region size 2048K, 16 young (32768K), 3 survivors (6144K)
 Metaspace       used 35994K, capacity 36288K, committed 36860K, reserved 1081344K
  class space    used 4741K, capacity 4844K, committed 4940K, reserved 1048576K
}
Event: 11.998 GC heap after
{Heap after GC invocations=10 (full 0):
 garbage-first heap   total 102400K, used 47954K [0x0000000741800000, 0x0000000800000000)
  region size 2048K, 2 young (4096K), 2 survivors (4096K)
 Metaspace       used 35994K, capacity 36288K, committed 36860K, reserved 1081344K
  class space    used 4741K, capacity 4844K, committed 4940K, reserved 1048576K
}
Event: 13.001 GC heap before
{Heap before GC invocations=10 (full 0):
 garbage-first heap   total 102400K, used 72530K [0x0000000741800000, 0x0000000800000000)
  region size 2048K, 14 young (28672K), 2 survivors (4096K)
 Metaspace       used 40353K, capacity 40686K, committed 41212K, reserved 1085440K
  class space    used 5277K, capacity 5370K, committed 5452K, reserved 1048576K
}
Event: 13.011 GC heap after
{Heap after GC invocations=11 (full 0):
 garbage-first heap   total 102400K, used 53089K [0x0000000741800000, 0x0000000800000000)
  region size 2048K, 2 young (4096K), 2 survivors (4096K)
 Metaspace       used 40353K, capacity 40686K, committed 41212K, reserved 1085440K
  class space    used 5277K, capacity 5370K, committed 5452K, reserved 1048576K
}
Event: 13.410 GC heap before
{Heap before GC invocations=11 (full 0):
 garbage-first heap   total 102400K, used 73569K [0x0000000741800000, 0x0000000800000000)
  region size 2048K, 12 young (24576K), 2 survivors (4096K)
 Metaspace       used 41174K, capacity 41518K, committed 41852K, reserved 1085440K
  class space    used 5473K, capacity 5562K, committed 5580K, reserved 1048576K
}
Event: 13.418 GC heap after
{Heap after GC invocations=12 (full 0):
 garbage-first heap   total 102400K, used 60528K [0x0000000741800000, 0x0000000800000000)
  region size 2048K, 2 young (4096K), 2 survivors (4096K)
 Metaspace       used 41174K, capacity 41518K, committed 41852K, reserved 1085440K
  class space    used 5473K, capacity 5562K, committed 5580K, reserved 1048576K
}
Event: 13.797 GC heap before
{Heap before GC invocations=13 (full 0):
 garbage-first heap   total 110592K, used 76912K [0x0000000741800000, 0x0000000800000000)
  region size 2048K, 10 young (20480K), 2 survivors (4096K)
 Metaspace       used 41720K, capacity 42063K, committed 42620K, reserved 1085440K
  class space    used 5614K, capacity 5722K, committed 5836K, reserved 1048576K
}
Event: 13.802 GC heap after
{Heap after GC invocations=14 (full 0):
 garbage-first heap   total 110592K, used 65571K [0x0000000741800000, 0x0000000800000000)
  region size 2048K, 2 young (4096K), 2 survivors (4096K)
 Metaspace       used 41720K, capacity 42063K, committed 42620K, reserved 1085440K
  class space    used 5614K, capacity 5722K, committed 5836K, reserved 1048576K
}
Event: 14.070 GC heap before
{Heap before GC invocations=14 (full 0):
 garbage-first heap   total 110592K, used 81955K [0x0000000741800000, 0x0000000800000000)
  region size 2048K, 10 young (20480K), 2 survivors (4096K)
 Metaspace       used 42094K, capacity 42415K, committed 42876K, reserved 1087488K
  class space    used 5718K, capacity 5818K, committed 5836K, reserved 1048576K
}
Event: 14.074 GC heap after
{Heap after GC invocations=15 (full 0):
 garbage-first heap   total 110592K, used 70470K [0x0000000741800000, 0x0000000800000000)
  region size 2048K, 2 young (4096K), 2 survivors (4096K)
 Metaspace       used 42094K, capacity 42415K, committed 42876K, reserved 1087488K
  class space    used 5718K, capacity 5818K, committed 5836K, reserved 1048576K
}
Event: 14.354 GC heap before
{Heap before GC invocations=16 (full 0):
 garbage-first heap   total 126976K, used 82758K [0x0000000741800000, 0x0000000800000000)
  region size 2048K, 9 young (18432K), 2 survivors (4096K)
 Metaspace       used 42380K, capacity 42703K, committed 43004K, reserved 1087488K
  class space    used 5800K, capacity 5914K, committed 5964K, reserved 1048576K
}
Event: 14.359 GC heap after
{Heap after GC invocations=17 (full 0):
 garbage-first heap   total 126976K, used 74679K [0x0000000741800000, 0x0000000800000000)
  region size 2048K, 2 young (4096K), 2 survivors (4096K)
 Metaspace       used 42380K, capacity 42703K, committed 43004K, reserved 1087488K
  class space    used 5800K, capacity 5914K, committed 5964K, reserved 1048576K
}
Event: 14.626 GC heap before
{Heap before GC invocations=17 (full 0):
 garbage-first heap   total 126976K, used 78775K [0x0000000741800000, 0x0000000800000000)
  region size 2048K, 5 young (10240K), 2 survivors (4096K)
 Metaspace       used 43332K, capacity 43663K, committed 44156K, reserved 1087488K
  class space    used 5877K, capacity 5978K, committed 6092K, reserved 1048576K
}
Event: 14.629 GC heap after
{Heap after GC invocations=18 (full 0):
 garbage-first heap   total 126976K, used 77137K [0x0000000741800000, 0x0000000800000000)
  region size 2048K, 2 young (4096K), 2 survivors (4096K)
 Metaspace       used 43332K, capacity 43663K, committed 44156K, reserved 1087488K
  class space    used 5877K, capacity 5978K, committed 6092K, reserved 1048576K
}
Event: 20.704 GC heap before
{Heap before GC invocations=19 (full 0):
 garbage-first heap   total 143360K, used 97617K [0x0000000741800000, 0x0000000800000000)
  region size 2048K, 11 young (22528K), 2 survivors (4096K)
 Metaspace       used 46759K, capacity 47099K, committed 47612K, reserved 1091584K
  class space    used 6312K, capacity 6397K, committed 6476K, reserved 1048576K
}
Event: 20.709 GC heap after
{Heap after GC invocations=20 (full 0):
 garbage-first heap   total 143360K, used 82779K [0x0000000741800000, 0x0000000800000000)
  region size 2048K, 1 young (2048K), 1 survivors (2048K)
 Metaspace       used 46759K, capacity 47099K, committed 47612K, reserved 1091584K
  class space    used 6312K, capacity 6397K, committed 6476K, reserved 1048576K
}

