# JRE version: Java(TM) SE Runtime Environment (15.0.2+7) (build 15.0.2+7-27)
# Java VM: Java HotSpot(TM) 64-Bit Server VM (15.0.2+7-27, mixed mode, sharing, tiered, compressed oops, g1 gc, windows-amd64)
GC Precious Log:
 CPUs: 20 total, 20 available
 Memory: 16155M
 Large Page Support: Disabled
 NUMA Support: Disabled
 Compressed Oops: Enabled (Zero based)
 Heap Region Size: 2M
 Heap Min Capacity: 8M
 Heap Initial Capacity: 254M
 Heap Max Capacity: 4040M
 Pre-touch: Disabled
 Parallel Workers: 15
 Concurrent Workers: 4
 Concurrent Refinement Workers: 15
 Periodic GC: Disabled
Heap:
 garbage-first heap   total 141312K, used 82274K [0x0000000703800000, 0x0000000800000000)
  region size 2048K, 4 young (8192K), 2 survivors (4096K)
 Metaspace       used 51336K, capacity 51706K, committed 51888K, reserved 1093632K
  class space    used 6973K, capacity 7105K, committed 7168K, reserved 1048576K
GC Heap History (20 events):
Event: 5.223 GC heap before
{Heap before GC invocations=7 (full 0):
 garbage-first heap   total 98304K, used 61802K [0x0000000703800000, 0x0000000800000000)
  region size 2048K, 17 young (34816K), 2 survivors (4096K)
 Metaspace       used 34353K, capacity 34582K, committed 34992K, reserved 1079296K
  class space    used 4206K, capacity 4269K, committed 4352K, reserved 1048576K
}
Event: 5.226 GC heap after
{Heap after GC invocations=8 (full 0):
 garbage-first heap   total 98304K, used 40036K [0x0000000703800000, 0x0000000800000000)
  region size 2048K, 3 young (6144K), 3 survivors (6144K)
 Metaspace       used 34353K, capacity 34582K, committed 34992K, reserved 1079296K
  class space    used 4206K, capacity 4269K, committed 4352K, reserved 1048576K
}
Event: 5.700 GC heap before
{Heap before GC invocations=8 (full 0):
 garbage-first heap   total 98304K, used 46180K [0x0000000703800000, 0x0000000800000000)
  region size 2048K, 7 young (14336K), 3 survivors (6144K)
 Metaspace       used 35175K, capacity 35479K, committed 35888K, reserved 1081344K
  class space    used 4396K, capacity 4461K, committed 4480K, reserved 1048576K
}
Event: 5.702 GC heap after
{Heap after GC invocations=9 (full 0):
 garbage-first heap   total 98304K, used 41601K [0x0000000703800000, 0x0000000800000000)
  region size 2048K, 1 young (2048K), 1 survivors (2048K)
 Metaspace       used 35175K, capacity 35479K, committed 35888K, reserved 1081344K
  class space    used 4396K, capacity 4461K, committed 4480K, reserved 1048576K
}
Event: 6.567 GC heap before
{Heap before GC invocations=10 (full 0):
 garbage-first heap   total 98304K, used 66177K [0x0000000703800000, 0x0000000800000000)
  region size 2048K, 14 young (28672K), 1 survivors (2048K)
 Metaspace       used 39432K, capacity 39703K, committed 40240K, reserved 1085440K
  class space    used 5103K, capacity 5207K, committed 5248K, reserved 1048576K
}
Event: 6.569 GC heap after
{Heap after GC invocations=11 (full 0):
 garbage-first heap   total 98304K, used 46413K [0x0000000703800000, 0x0000000800000000)
  region size 2048K, 2 young (4096K), 2 survivors (4096K)
 Metaspace       used 39432K, capacity 39703K, committed 40240K, reserved 1085440K
  class space    used 5103K, capacity 5207K, committed 5248K, reserved 1048576K
}
Event: 6.956 GC heap before
{Heap before GC invocations=11 (full 0):
 garbage-first heap   total 98304K, used 70989K [0x0000000703800000, 0x0000000800000000)
  region size 2048K, 14 young (28672K), 2 survivors (4096K)
 Metaspace       used 41462K, capacity 41767K, committed 42160K, reserved 1085440K
  class space    used 5414K, capacity 5530K, committed 5632K, reserved 1048576K
}
Event: 6.959 GC heap after
{Heap after GC invocations=12 (full 0):
 garbage-first heap   total 98304K, used 52822K [0x0000000703800000, 0x0000000800000000)
  region size 2048K, 2 young (4096K), 2 survivors (4096K)
 Metaspace       used 41462K, capacity 41767K, committed 42160K, reserved 1085440K
  class space    used 5414K, capacity 5530K, committed 5632K, reserved 1048576K
}
Event: 7.117 GC heap before
{Heap before GC invocations=13 (full 0):
 garbage-first heap   total 98304K, used 69206K [0x0000000703800000, 0x0000000800000000)
  region size 2048K, 11 young (22528K), 2 survivors (4096K)
 Metaspace       used 42178K, capacity 42471K, committed 42800K, reserved 1087488K
  class space    used 5610K, capacity 5722K, committed 5760K, reserved 1048576K
}
Event: 7.119 GC heap after
{Heap after GC invocations=14 (full 0):
 garbage-first heap   total 98304K, used 58840K [0x0000000703800000, 0x0000000800000000)
  region size 2048K, 2 young (4096K), 2 survivors (4096K)
 Metaspace       used 42178K, capacity 42471K, committed 42800K, reserved 1087488K
  class space    used 5610K, capacity 5722K, committed 5760K, reserved 1048576K
}
Event: 7.221 GC heap before
{Heap before GC invocations=14 (full 0):
 garbage-first heap   total 98304K, used 73176K [0x0000000703800000, 0x0000000800000000)
  region size 2048K, 9 young (18432K), 2 survivors (4096K)
 Metaspace       used 42615K, capacity 42952K, committed 43440K, reserved 1087488K
  class space    used 5710K, capacity 5818K, committed 5888K, reserved 1048576K
}
Event: 7.222 GC heap after
{Heap after GC invocations=15 (full 0):
 garbage-first heap   total 98304K, used 63640K [0x0000000703800000, 0x0000000800000000)
  region size 2048K, 2 young (4096K), 2 survivors (4096K)
 Metaspace       used 42615K, capacity 42952K, committed 43440K, reserved 1087488K
  class space    used 5710K, capacity 5818K, committed 5888K, reserved 1048576K
}
Event: 7.301 GC heap before
{Heap before GC invocations=16 (full 0):
 garbage-first heap   total 112640K, used 73880K [0x0000000703800000, 0x0000000800000000)
  region size 2048K, 8 young (16384K), 2 survivors (4096K)
 Metaspace       used 42867K, capacity 43240K, committed 43824K, reserved 1087488K
  class space    used 5796K, capacity 5914K, committed 6016K, reserved 1048576K
}
Event: 7.302 GC heap after
{Heap after GC invocations=17 (full 0):
 garbage-first heap   total 112640K, used 67469K [0x0000000703800000, 0x0000000800000000)
  region size 2048K, 1 young (2048K), 1 survivors (2048K)
 Metaspace       used 42867K, capacity 43240K, committed 43824K, reserved 1087488K
  class space    used 5796K, capacity 5914K, committed 6016K, reserved 1048576K
}
Event: 7.508 GC heap before
{Heap before GC invocations=17 (full 0):
 garbage-first heap   total 112640K, used 79757K [0x0000000703800000, 0x0000000800000000)
  region size 2048K, 9 young (18432K), 1 survivors (2048K)
 Metaspace       used 44040K, capacity 44328K, committed 44720K, reserved 1087488K
  class space    used 5941K, capacity 6042K, committed 6144K, reserved 1048576K
}
Event: 7.509 GC heap after
{Heap after GC invocations=18 (full 0):
 garbage-first heap   total 112640K, used 72964K [0x0000000703800000, 0x0000000800000000)
  region size 2048K, 2 young (4096K), 2 survivors (4096K)
 Metaspace       used 44040K, capacity 44328K, committed 44720K, reserved 1087488K
  class space    used 5941K, capacity 6042K, committed 6144K, reserved 1048576K
}
Event: 14.636 GC heap before
{Heap before GC invocations=19 (full 0):
 garbage-first heap   total 137216K, used 89348K [0x0000000703800000, 0x0000000800000000)
  region size 2048K, 8 young (16384K), 2 survivors (4096K)
 Metaspace       used 46114K, capacity 46452K, committed 47024K, reserved 1089536K
  class space    used 6186K, capacity 6301K, committed 6400K, reserved 1048576K
}
Event: 14.637 GC heap after
{Heap after GC invocations=20 (full 0):
 garbage-first heap   total 137216K, used 77373K [0x0000000703800000, 0x0000000800000000)
  region size 2048K, 1 young (2048K), 1 survivors (2048K)
 Metaspace       used 46114K, capacity 46452K, committed 47024K, reserved 1089536K
  class space    used 6186K, capacity 6301K, committed 6400K, reserved 1048576K
}
Event: 26.714 GC heap before
{Heap before GC invocations=20 (full 0):
 garbage-first heap   total 137216K, used 101949K [0x0000000703800000, 0x0000000800000000)
  region size 2048K, 14 young (28672K), 1 survivors (2048K)
 Metaspace       used 51203K, capacity 51612K, committed 51888K, reserved 1093632K
  class space    used 6957K, capacity 7096K, committed 7168K, reserved 1048576K
}
Event: 26.724 GC heap after
{Heap after GC invocations=21 (full 0):
 garbage-first heap   total 137216K, used 80226K [0x0000000703800000, 0x0000000800000000)
  region size 2048K, 2 young (4096K), 2 survivors (4096K)
 Metaspace       used 51203K, capacity 51612K, committed 51888K, reserved 1093632K
  class space    used 6957K, capacity 7096K, committed 7168K, reserved 1048576K
}

