# JRE version: Java(TM) SE Runtime Environment (15.0.2+7) (build 15.0.2+7-27)
# Java VM: Java HotSpot(TM) 64-Bit Server VM (15.0.2+7-27, mixed mode, sharing, tiered, compressed oops, g1 gc, windows-amd64)
GC Precious Log:
 CPUs: 20 total, 20 available
 Memory: 16155M
 Large Page Support: Disabled
 NUMA Support: Disabled
 Compressed Oops: Enabled (Zero based)
 Heap Region Size: 2M
 Heap Min Capacity: 8M
 Heap Initial Capacity: 254M
 Heap Max Capacity: 4040M
 Pre-touch: Disabled
 Parallel Workers: 15
 Concurrent Workers: 4
 Concurrent Refinement Workers: 15
 Periodic GC: Disabled
Heap:
 garbage-first heap   total 163840K, used 88864K [0x0000000703800000, 0x0000000800000000)
  region size 2048K, 2 young (4096K), 1 survivors (2048K)
 Metaspace       used 53466K, capacity 53844K, committed 54064K, reserved 1095680K
  class space    used 7131K, capacity 7239K, committed 7296K, reserved 1048576K
GC Heap History (20 events):
Event: 274.871 GC heap before
{Heap before GC invocations=142 (full 0):
 garbage-first heap   total 163840K, used 139990K [0x0000000703800000, 0x0000000800000000)
  region size 2048K, 28 young (57344K), 1 survivors (2048K)
 Metaspace       used 53251K, capacity 53604K, committed 54064K, reserved 1095680K
  class space    used 7107K, capacity 7225K, committed 7296K, reserved 1048576K
}
Event: 274.873 GC heap after
{Heap after GC invocations=143 (full 0):
 garbage-first heap   total 163840K, used 84727K [0x0000000703800000, 0x0000000800000000)
  region size 2048K, 1 young (2048K), 1 survivors (2048K)
 Metaspace       used 53251K, capacity 53604K, committed 54064K, reserved 1095680K
  class space    used 7107K, capacity 7225K, committed 7296K, reserved 1048576K
}
Event: 275.591 GC heap before
{Heap before GC invocations=144 (full 0):
 garbage-first heap   total 163840K, used 140023K [0x0000000703800000, 0x0000000800000000)
  region size 2048K, 28 young (57344K), 1 survivors (2048K)
 Metaspace       used 53251K, capacity 53604K, committed 54064K, reserved 1095680K
  class space    used 7107K, capacity 7225K, committed 7296K, reserved 1048576K
}
Event: 275.593 GC heap after
{Heap after GC invocations=145 (full 0):
 garbage-first heap   total 163840K, used 84771K [0x0000000703800000, 0x0000000800000000)
  region size 2048K, 1 young (2048K), 1 survivors (2048K)
 Metaspace       used 53251K, capacity 53604K, committed 54064K, reserved 1095680K
  class space    used 7107K, capacity 7225K, committed 7296K, reserved 1048576K
}
Event: 276.330 GC heap before
{Heap before GC invocations=145 (full 0):
 garbage-first heap   total 163840K, used 142115K [0x0000000703800000, 0x0000000800000000)
  region size 2048K, 29 young (59392K), 1 survivors (2048K)
 Metaspace       used 53251K, capacity 53604K, committed 54064K, reserved 1095680K
  class space    used 7107K, capacity 7225K, committed 7296K, reserved 1048576K
}
Event: 276.332 GC heap after
{Heap after GC invocations=146 (full 0):
 garbage-first heap   total 163840K, used 85233K [0x0000000703800000, 0x0000000800000000)
  region size 2048K, 1 young (2048K), 1 survivors (2048K)
 Metaspace       used 53251K, capacity 53604K, committed 54064K, reserved 1095680K
  class space    used 7107K, capacity 7225K, committed 7296K, reserved 1048576K
}
Event: 277.093 GC heap before
{Heap before GC invocations=147 (full 0):
 garbage-first heap   total 163840K, used 142577K [0x0000000703800000, 0x0000000800000000)
  region size 2048K, 29 young (59392K), 1 survivors (2048K)
 Metaspace       used 53252K, capacity 53604K, committed 54064K, reserved 1095680K
  class space    used 7108K, capacity 7225K, committed 7296K, reserved 1048576K
}
Event: 277.097 GC heap after
{Heap after GC invocations=148 (full 0):
 garbage-first heap   total 163840K, used 84726K [0x0000000703800000, 0x0000000800000000)
  region size 2048K, 1 young (2048K), 1 survivors (2048K)
 Metaspace       used 53252K, capacity 53604K, committed 54064K, reserved 1095680K
  class space    used 7108K, capacity 7225K, committed 7296K, reserved 1048576K
}
Event: 277.779 GC heap before
{Heap before GC invocations=148 (full 0):
 garbage-first heap   total 163840K, used 142070K [0x0000000703800000, 0x0000000800000000)
  region size 2048K, 29 young (59392K), 1 survivors (2048K)
 Metaspace       used 53252K, capacity 53604K, committed 54064K, reserved 1095680K
  class space    used 7108K, capacity 7225K, committed 7296K, reserved 1048576K
}
Event: 277.780 GC heap after
{Heap after GC invocations=149 (full 0):
 garbage-first heap   total 163840K, used 85208K [0x0000000703800000, 0x0000000800000000)
  region size 2048K, 1 young (2048K), 1 survivors (2048K)
 Metaspace       used 53252K, capacity 53604K, committed 54064K, reserved 1095680K
  class space    used 7108K, capacity 7225K, committed 7296K, reserved 1048576K
}
Event: 278.435 GC heap before
{Heap before GC invocations=150 (full 0):
 garbage-first heap   total 163840K, used 142552K [0x0000000703800000, 0x0000000800000000)
  region size 2048K, 29 young (59392K), 1 survivors (2048K)
 Metaspace       used 53252K, capacity 53604K, committed 54064K, reserved 1095680K
  class space    used 7108K, capacity 7225K, committed 7296K, reserved 1048576K
}
Event: 278.439 GC heap after
{Heap after GC invocations=151 (full 0):
 garbage-first heap   total 163840K, used 85231K [0x0000000703800000, 0x0000000800000000)
  region size 2048K, 1 young (2048K), 1 survivors (2048K)
 Metaspace       used 53252K, capacity 53604K, committed 54064K, reserved 1095680K
  class space    used 7108K, capacity 7225K, committed 7296K, reserved 1048576K
}
Event: 279.076 GC heap before
{Heap before GC invocations=151 (full 0):
 garbage-first heap   total 163840K, used 142575K [0x0000000703800000, 0x0000000800000000)
  region size 2048K, 29 young (59392K), 1 survivors (2048K)
 Metaspace       used 53252K, capacity 53604K, committed 54064K, reserved 1095680K
  class space    used 7108K, capacity 7225K, committed 7296K, reserved 1048576K
}
Event: 279.079 GC heap after
{Heap after GC invocations=152 (full 0):
 garbage-first heap   total 163840K, used 85431K [0x0000000703800000, 0x0000000800000000)
  region size 2048K, 2 young (4096K), 2 survivors (4096K)
 Metaspace       used 53252K, capacity 53604K, committed 54064K, reserved 1095680K
  class space    used 7108K, capacity 7225K, committed 7296K, reserved 1048576K
}
Event: 279.752 GC heap before
{Heap before GC invocations=153 (full 0):
 garbage-first heap   total 163840K, used 140727K [0x0000000703800000, 0x0000000800000000)
  region size 2048K, 29 young (59392K), 2 survivors (4096K)
 Metaspace       used 53252K, capacity 53604K, committed 54064K, reserved 1095680K
  class space    used 7108K, capacity 7225K, committed 7296K, reserved 1048576K
}
Event: 279.754 GC heap after
{Heap after GC invocations=154 (full 0):
 garbage-first heap   total 163840K, used 84804K [0x0000000703800000, 0x0000000800000000)
  region size 2048K, 1 young (2048K), 1 survivors (2048K)
 Metaspace       used 53252K, capacity 53604K, committed 54064K, reserved 1095680K
  class space    used 7108K, capacity 7225K, committed 7296K, reserved 1048576K
}
Event: 280.653 GC heap before
{Heap before GC invocations=154 (full 0):
 garbage-first heap   total 163840K, used 142148K [0x0000000703800000, 0x0000000800000000)
  region size 2048K, 29 young (59392K), 1 survivors (2048K)
 Metaspace       used 53252K, capacity 53604K, committed 54064K, reserved 1095680K
  class space    used 7108K, capacity 7225K, committed 7296K, reserved 1048576K
}
Event: 280.655 GC heap after
{Heap after GC invocations=155 (full 0):
 garbage-first heap   total 163840K, used 84727K [0x0000000703800000, 0x0000000800000000)
  region size 2048K, 1 young (2048K), 1 survivors (2048K)
 Metaspace       used 53252K, capacity 53604K, committed 54064K, reserved 1095680K
  class space    used 7108K, capacity 7225K, committed 7296K, reserved 1048576K
}
Event: 404.110 GC heap before
{Heap before GC invocations=156 (full 0):
 garbage-first heap   total 163840K, used 129783K [0x0000000703800000, 0x0000000800000000)
  region size 2048K, 24 young (49152K), 1 survivors (2048K)
 Metaspace       used 53411K, capacity 53747K, committed 54064K, reserved 1095680K
  class space    used 7121K, capacity 7229K, committed 7296K, reserved 1048576K
}
Event: 404.112 GC heap after
{Heap after GC invocations=157 (full 0):
 garbage-first heap   total 163840K, used 84768K [0x0000000703800000, 0x0000000800000000)
  region size 2048K, 1 young (2048K), 1 survivors (2048K)
 Metaspace       used 53411K, capacity 53747K, committed 54064K, reserved 1095680K
  class space    used 7121K, capacity 7229K, committed 7296K, reserved 1048576K
}

