# JRE version: Java(TM) SE Runtime Environment (15.0.2+7) (build 15.0.2+7-27)
# Java VM: Java HotSpot(TM) 64-Bit Server VM (15.0.2+7-27, mixed mode, sharing, tiered, compressed oops, g1 gc, windows-amd64)
GC Precious Log:
 CPUs: 4 total, 4 available
 Memory: 12188M
 Large Page Support: Disabled
 NUMA Support: Disabled
 Compressed Oops: Enabled (Zero based)
 Heap Region Size: 2M
 Heap Min Capacity: 8M
 Heap Initial Capacity: 192M
 Heap Max Capacity: 3048M
 Pre-touch: Disabled
 Parallel Workers: 4
 Concurrent Workers: 1
 Concurrent Refinement Workers: 4
 Periodic GC: Disabled
Heap:
 garbage-first heap   total 151552K, used 89664K [0x0000000741800000, 0x0000000800000000)
  region size 2048K, 2 young (4096K), 1 survivors (2048K)
 Metaspace       used 50697K, capacity 51113K, committed 51376K, reserved 1093632K
  class space    used 6919K, capacity 7081K, committed 7168K, reserved 1048576K
GC Heap History (20 events):
Event: 12.825 GC heap before
{Heap before GC invocations=8 (full 0):
 garbage-first heap   total 102400K, used 57333K [0x0000000741800000, 0x0000000800000000)
  region size 2048K, 11 young (22528K), 3 survivors (6144K)
 Metaspace       used 35128K, capacity 35374K, committed 35888K, reserved 1081344K
  class space    used 4507K, capacity 4620K, committed 4736K, reserved 1048576K
}
Event: 12.834 GC heap after
{Heap after GC invocations=9 (full 0):
 garbage-first heap   total 102400K, used 47023K [0x0000000741800000, 0x0000000800000000)
  region size 2048K, 2 young (4096K), 2 survivors (4096K)
 Metaspace       used 35128K, capacity 35374K, committed 35888K, reserved 1081344K
  class space    used 4507K, capacity 4620K, committed 4736K, reserved 1048576K
}
Event: 14.620 GC heap before
{Heap before GC invocations=10 (full 0):
 garbage-first heap   total 102400K, used 69551K [0x0000000741800000, 0x0000000800000000)
  region size 2048K, 14 young (28672K), 2 survivors (4096K)
 Metaspace       used 39641K, capacity 39925K, committed 40368K, reserved 1085440K
  class space    used 5187K, capacity 5304K, committed 5376K, reserved 1048576K
}
Event: 14.629 GC heap after
{Heap after GC invocations=11 (full 0):
 garbage-first heap   total 102400K, used 51193K [0x0000000741800000, 0x0000000800000000)
  region size 2048K, 2 young (4096K), 2 survivors (4096K)
 Metaspace       used 39641K, capacity 39925K, committed 40368K, reserved 1085440K
  class space    used 5187K, capacity 5304K, committed 5376K, reserved 1048576K
}
Event: 15.317 GC heap before
{Heap before GC invocations=11 (full 0):
 garbage-first heap   total 102400K, used 73721K [0x0000000741800000, 0x0000000800000000)
  region size 2048K, 13 young (26624K), 2 survivors (4096K)
 Metaspace       used 40969K, capacity 41246K, committed 41904K, reserved 1085440K
  class space    used 5409K, capacity 5530K, committed 5632K, reserved 1048576K
}
Event: 15.325 GC heap after
{Heap after GC invocations=12 (full 0):
 garbage-first heap   total 102400K, used 58186K [0x0000000741800000, 0x0000000800000000)
  region size 2048K, 2 young (4096K), 2 survivors (4096K)
 Metaspace       used 40969K, capacity 41246K, committed 41904K, reserved 1085440K
  class space    used 5409K, capacity 5530K, committed 5632K, reserved 1048576K
}
Event: 16.006 GC heap before
{Heap before GC invocations=13 (full 0):
 garbage-first heap   total 102400K, used 76618K [0x0000000741800000, 0x0000000800000000)
  region size 2048K, 11 young (22528K), 2 survivors (4096K)
 Metaspace       used 41658K, capacity 41982K, committed 42544K, reserved 1085440K
  class space    used 5585K, capacity 5690K, committed 5760K, reserved 1048576K
}
Event: 16.012 GC heap after
{Heap after GC invocations=14 (full 0):
 garbage-first heap   total 102400K, used 64259K [0x0000000741800000, 0x0000000800000000)
  region size 2048K, 2 young (4096K), 2 survivors (4096K)
 Metaspace       used 41658K, capacity 41982K, committed 42544K, reserved 1085440K
  class space    used 5585K, capacity 5690K, committed 5760K, reserved 1048576K
}
Event: 16.377 GC heap before
{Heap before GC invocations=14 (full 0):
 garbage-first heap   total 102400K, used 78595K [0x0000000741800000, 0x0000000800000000)
  region size 2048K, 9 young (18432K), 2 survivors (4096K)
 Metaspace       used 41990K, capacity 42271K, committed 42928K, reserved 1087488K
  class space    used 5679K, capacity 5786K, committed 5888K, reserved 1048576K
}
Event: 16.384 GC heap after
{Heap after GC invocations=15 (full 0):
 garbage-first heap   total 102400K, used 68858K [0x0000000741800000, 0x0000000800000000)
  region size 2048K, 2 young (4096K), 2 survivors (4096K)
 Metaspace       used 41990K, capacity 42271K, committed 42928K, reserved 1087488K
  class space    used 5679K, capacity 5786K, committed 5888K, reserved 1048576K
}
Event: 16.867 GC heap before
{Heap before GC invocations=16 (full 0):
 garbage-first heap   total 120832K, used 81146K [0x0000000741800000, 0x0000000800000000)
  region size 2048K, 8 young (16384K), 2 survivors (4096K)
 Metaspace       used 42314K, capacity 42623K, committed 43184K, reserved 1087488K
  class space    used 5759K, capacity 5882K, committed 5888K, reserved 1048576K
}
Event: 16.874 GC heap after
{Heap after GC invocations=17 (full 0):
 garbage-first heap   total 120832K, used 72813K [0x0000000741800000, 0x0000000800000000)
  region size 2048K, 1 young (2048K), 1 survivors (2048K)
 Metaspace       used 42314K, capacity 42623K, committed 43184K, reserved 1087488K
  class space    used 5759K, capacity 5882K, committed 5888K, reserved 1048576K
}
Event: 17.463 GC heap before
{Heap before GC invocations=17 (full 0):
 garbage-first heap   total 120832K, used 83053K [0x0000000741800000, 0x0000000800000000)
  region size 2048K, 8 young (16384K), 1 survivors (2048K)
 Metaspace       used 43378K, capacity 43647K, committed 44080K, reserved 1087488K
  class space    used 5883K, capacity 6010K, committed 6016K, reserved 1048576K
}
Event: 17.466 GC heap after
{Heap after GC invocations=18 (full 0):
 garbage-first heap   total 120832K, used 77968K [0x0000000741800000, 0x0000000800000000)
  region size 2048K, 2 young (4096K), 2 survivors (4096K)
 Metaspace       used 43378K, capacity 43647K, committed 44080K, reserved 1087488K
  class space    used 5883K, capacity 6010K, committed 6016K, reserved 1048576K
}
Event: 29.241 GC heap before
{Heap before GC invocations=19 (full 0):
 garbage-first heap   total 143360K, used 96400K [0x0000000741800000, 0x0000000800000000)
  region size 2048K, 9 young (18432K), 2 survivors (4096K)
 Metaspace       used 45723K, capacity 46027K, committed 46384K, reserved 1089536K
  class space    used 6152K, capacity 6269K, committed 6272K, reserved 1048576K
}
Event: 29.245 GC heap after
{Heap after GC invocations=20 (full 0):
 garbage-first heap   total 143360K, used 83212K [0x0000000741800000, 0x0000000800000000)
  region size 2048K, 1 young (2048K), 1 survivors (2048K)
 Metaspace       used 45723K, capacity 46027K, committed 46384K, reserved 1089536K
  class space    used 6152K, capacity 6269K, committed 6272K, reserved 1048576K
}
Event: 39.621 GC heap before
{Heap before GC invocations=20 (full 0):
 garbage-first heap   total 143360K, used 107788K [0x0000000741800000, 0x0000000800000000)
  region size 2048K, 13 young (26624K), 1 survivors (2048K)
 Metaspace       used 50496K, capacity 50931K, committed 51376K, reserved 1093632K
  class space    used 6894K, capacity 7064K, committed 7168K, reserved 1048576K
}
Event: 39.628 GC heap after
{Heap after GC invocations=21 (full 0):
 garbage-first heap   total 143360K, used 85225K [0x0000000741800000, 0x0000000800000000)
  region size 2048K, 2 young (4096K), 2 survivors (4096K)
 Metaspace       used 50496K, capacity 50931K, committed 51376K, reserved 1093632K
  class space    used 6894K, capacity 7064K, committed 7168K, reserved 1048576K
}
Event: 42.104 GC heap before
{Heap before GC invocations=22 (full 0):
 garbage-first heap   total 151552K, used 87273K [0x0000000741800000, 0x0000000800000000)
  region size 2048K, 4 young (8192K), 2 survivors (4096K)
 Metaspace       used 50641K, capacity 51019K, committed 51376K, reserved 1093632K
  class space    used 6908K, capacity 7071K, committed 7168K, reserved 1048576K
}
Event: 42.109 GC heap after
{Heap after GC invocations=23 (full 0):
 garbage-first heap   total 151552K, used 85568K [0x0000000741800000, 0x0000000800000000)
  region size 2048K, 1 young (2048K), 1 survivors (2048K)
 Metaspace       used 50641K, capacity 51019K, committed 51376K, reserved 1093632K
  class space    used 6908K, capacity 7071K, committed 7168K, reserved 1048576K
}

