# JRE version: Java(TM) SE Runtime Environment (15.0.2+7) (build 15.0.2+7-27)
# Java VM: Java HotSpot(TM) 64-Bit Server VM (15.0.2+7-27, mixed mode, sharing, tiered, compressed oops, g1 gc, windows-amd64)
GC Precious Log:
 CPUs: 4 total, 4 available
 Memory: 3996M
 Large Page Support: Disabled
 NUMA Support: Disabled
 Compressed Oops: Enabled (32-bit)
 Heap Region Size: 1M
 Heap Min Capacity: 8M
 Heap Initial Capacity: 64M
 Heap Max Capacity: 1000M
 Pre-touch: Disabled
 Parallel Workers: 4
 Concurrent Workers: 1
 Concurrent Refinement Workers: 4
 Periodic GC: Disabled
Heap:
 garbage-first heap   total 153600K, used 102000K [0x00000000c1800000, 0x0000000100000000)
  region size 1024K, 17 young (17408K), 4 survivors (4096K)
 Metaspace       used 44937K, capacity 45307K, committed 45744K, reserved 1089536K
  class space    used 6024K, capacity 6140K, committed 6144K, reserved 1048576K
GC Heap History (20 events):
Event: 9.254 GC heap before
{Heap before GC invocations=9 (full 0):
 garbage-first heap   total 79872K, used 56820K [0x00000000c1800000, 0x0000000100000000)
  region size 1024K, 22 young (22528K), 4 survivors (4096K)
 Metaspace       used 32603K, capacity 32861K, committed 33328K, reserved 1079296K
  class space    used 4019K, capacity 4107K, committed 4224K, reserved 1048576K
}
Event: 9.262 GC heap after
{Heap after GC invocations=10 (full 0):
 garbage-first heap   total 79872K, used 43465K [0x00000000c1800000, 0x0000000100000000)
  region size 1024K, 3 young (3072K), 3 survivors (3072K)
 Metaspace       used 32603K, capacity 32861K, committed 33328K, reserved 1079296K
  class space    used 4019K, capacity 4107K, committed 4224K, reserved 1048576K
}
Event: 11.426 GC heap before
{Heap before GC invocations=10 (full 0):
 garbage-first heap   total 79872K, used 59849K [0x00000000c1800000, 0x0000000100000000)
  region size 1024K, 19 young (19456K), 3 survivors (3072K)
 Metaspace       used 34637K, capacity 34910K, committed 35504K, reserved 1081344K
  class space    used 4419K, capacity 4491K, committed 4608K, reserved 1048576K
}
Event: 11.434 GC heap after
{Heap after GC invocations=11 (full 0):
 garbage-first heap   total 79872K, used 47063K [0x00000000c1800000, 0x0000000100000000)
  region size 1024K, 3 young (3072K), 3 survivors (3072K)
 Metaspace       used 34637K, capacity 34910K, committed 35504K, reserved 1081344K
  class space    used 4419K, capacity 4491K, committed 4608K, reserved 1048576K
}
Event: 12.578 GC heap before
{Heap before GC invocations=12 (full 0):
 garbage-first heap   total 80896K, used 62423K [0x00000000c1800000, 0x0000000100000000)
  region size 1024K, 18 young (18432K), 3 survivors (3072K)
 Metaspace       used 37124K, capacity 37423K, committed 37936K, reserved 1083392K
  class space    used 4832K, capacity 4944K, committed 4992K, reserved 1048576K
}
Event: 12.586 GC heap after
{Heap after GC invocations=13 (full 0):
 garbage-first heap   total 80896K, used 49875K [0x00000000c1800000, 0x0000000100000000)
  region size 1024K, 3 young (3072K), 3 survivors (3072K)
 Metaspace       used 37124K, capacity 37423K, committed 37936K, reserved 1083392K
  class space    used 4832K, capacity 4944K, committed 4992K, reserved 1048576K
}
Event: 13.218 GC heap before
{Heap before GC invocations=13 (full 0):
 garbage-first heap   total 80896K, used 63187K [0x00000000c1800000, 0x0000000100000000)
  region size 1024K, 17 young (17408K), 3 survivors (3072K)
 Metaspace       used 39738K, capacity 40046K, committed 40496K, reserved 1085440K
  class space    used 5163K, capacity 5241K, committed 5248K, reserved 1048576K
}
Event: 13.226 GC heap after
{Heap after GC invocations=14 (full 0):
 garbage-first heap   total 80896K, used 53395K [0x00000000c1800000, 0x0000000100000000)
  region size 1024K, 3 young (3072K), 3 survivors (3072K)
 Metaspace       used 39738K, capacity 40046K, committed 40496K, reserved 1085440K
  class space    used 5163K, capacity 5241K, committed 5248K, reserved 1048576K
}
Event: 13.600 GC heap before
{Heap before GC invocations=15 (full 0):
 garbage-first heap   total 94208K, used 61587K [0x00000000c1800000, 0x0000000100000000)
  region size 1024K, 12 young (12288K), 3 survivors (3072K)
 Metaspace       used 40134K, capacity 40462K, committed 40880K, reserved 1085440K
  class space    used 5233K, capacity 5337K, committed 5376K, reserved 1048576K
}
Event: 13.606 GC heap after
{Heap after GC invocations=16 (full 0):
 garbage-first heap   total 94208K, used 56320K [0x00000000c1800000, 0x0000000100000000)
  region size 1024K, 2 young (2048K), 2 survivors (2048K)
 Metaspace       used 40134K, capacity 40462K, committed 40880K, reserved 1085440K
  class space    used 5233K, capacity 5337K, committed 5376K, reserved 1048576K
}
Event: 14.268 GC heap before
{Heap before GC invocations=16 (full 0):
 garbage-first heap   total 94208K, used 72704K [0x00000000c1800000, 0x0000000100000000)
  region size 1024K, 18 young (18432K), 2 survivors (2048K)
 Metaspace       used 40771K, capacity 41070K, committed 41520K, reserved 1085440K
  class space    used 5402K, capacity 5497K, committed 5504K, reserved 1048576K
}
Event: 14.273 GC heap after
{Heap after GC invocations=17 (full 0):
 garbage-first heap   total 94208K, used 62157K [0x00000000c1800000, 0x0000000100000000)
  region size 1024K, 3 young (3072K), 3 survivors (3072K)
 Metaspace       used 40771K, capacity 41070K, committed 41520K, reserved 1085440K
  class space    used 5402K, capacity 5497K, committed 5504K, reserved 1048576K
}
Event: 14.465 GC heap before
{Heap before GC invocations=18 (full 0):
 garbage-first heap   total 109568K, used 82637K [0x00000000c1800000, 0x0000000100000000)
  region size 1024K, 15 young (15360K), 3 survivors (3072K)
 Metaspace       used 40883K, capacity 41166K, committed 41648K, reserved 1085440K
  class space    used 5434K, capacity 5529K, committed 5632K, reserved 1048576K
}
Event: 14.470 GC heap after
{Heap after GC invocations=19 (full 0):
 garbage-first heap   total 109568K, used 72546K [0x00000000c1800000, 0x0000000100000000)
  region size 1024K, 1 young (1024K), 1 survivors (1024K)
 Metaspace       used 40883K, capacity 41166K, committed 41648K, reserved 1085440K
  class space    used 5434K, capacity 5529K, committed 5632K, reserved 1048576K
}
Event: 14.946 GC heap before
{Heap before GC invocations=19 (full 0):
 garbage-first heap   total 109568K, used 86882K [0x00000000c1800000, 0x0000000100000000)
  region size 1024K, 16 young (16384K), 1 survivors (1024K)
 Metaspace       used 41391K, capacity 41743K, committed 42288K, reserved 1085440K
  class space    used 5553K, capacity 5657K, committed 5760K, reserved 1048576K
}
Event: 14.950 GC heap after
{Heap after GC invocations=20 (full 0):
 garbage-first heap   total 109568K, used 77099K [0x00000000c1800000, 0x0000000100000000)
  region size 1024K, 2 young (2048K), 2 survivors (2048K)
 Metaspace       used 41391K, capacity 41743K, committed 42288K, reserved 1085440K
  class space    used 5553K, capacity 5657K, committed 5760K, reserved 1048576K
}
Event: 15.280 GC heap before
{Heap before GC invocations=21 (full 0):
 garbage-first heap   total 137216K, used 87339K [0x00000000c1800000, 0x0000000100000000)
  region size 1024K, 13 young (13312K), 2 survivors (2048K)
 Metaspace       used 41658K, capacity 41967K, committed 42288K, reserved 1085440K
  class space    used 5629K, capacity 5753K, committed 5760K, reserved 1048576K
}
Event: 15.285 GC heap after
{Heap after GC invocations=22 (full 0):
 garbage-first heap   total 137216K, used 80477K [0x00000000c1800000, 0x0000000100000000)
  region size 1024K, 2 young (2048K), 2 survivors (2048K)
 Metaspace       used 41658K, capacity 41967K, committed 42288K, reserved 1085440K
  class space    used 5629K, capacity 5753K, committed 5760K, reserved 1048576K
}
Event: 15.951 GC heap before
{Heap before GC invocations=22 (full 0):
 garbage-first heap   total 137216K, used 97885K [0x00000000c1800000, 0x0000000100000000)
  region size 1024K, 21 young (21504K), 2 survivors (2048K)
 Metaspace       used 42841K, capacity 43119K, committed 43440K, reserved 1087488K
  class space    used 5784K, capacity 5881K, committed 5888K, reserved 1048576K
}
Event: 15.956 GC heap after
{Heap after GC invocations=23 (full 0):
 garbage-first heap   total 137216K, used 86640K [0x00000000c1800000, 0x0000000100000000)
  region size 1024K, 4 young (4096K), 4 survivors (4096K)
 Metaspace       used 42841K, capacity 43119K, committed 43440K, reserved 1087488K
  class space    used 5784K, capacity 5881K, committed 5888K, reserved 1048576K
}

