# JRE version: Java(TM) SE Runtime Environment (15.0.2+7) (build 15.0.2+7-27)
# Java VM: Java HotSpot(TM) 64-Bit Server VM (15.0.2+7-27, mixed mode, sharing, tiered, compressed oops, g1 gc, windows-amd64)
GC Precious Log:
 CPUs: 4 total, 4 available
 Memory: 3996M
 Large Page Support: Disabled
 NUMA Support: Disabled
 Compressed Oops: Enabled (32-bit)
 Heap Region Size: 1M
 Heap Min Capacity: 8M
 Heap Initial Capacity: 64M
 Heap Max Capacity: 1000M
 Pre-touch: Disabled
 Parallel Workers: 4
 Concurrent Workers: 1
 Concurrent Refinement Workers: 4
 Periodic GC: Disabled
Heap:
 garbage-first heap   total 143360K, used 89072K [0x00000000c1800000, 0x0000000100000000)
  region size 1024K, 10 young (10240K), 4 survivors (4096K)
 Metaspace       used 45341K, capacity 45656K, committed 46128K, reserved 1089536K
  class space    used 6077K, capacity 6172K, committed 6272K, reserved 1048576K
GC Heap History (20 events):
Event: 8.516 GC heap before
{Heap before GC invocations=9 (full 0):
 garbage-first heap   total 78848K, used 51581K [0x00000000c1800000, 0x0000000100000000)
  region size 1024K, 26 young (26624K), 3 survivors (3072K)
 Metaspace       used 31980K, capacity 32216K, committed 32560K, reserved 1077248K
  class space    used 3790K, capacity 3882K, committed 3968K, reserved 1048576K
}
Event: 8.526 GC heap after
{Heap after GC invocations=10 (full 0):
 garbage-first heap   total 78848K, used 34761K [0x00000000c1800000, 0x0000000100000000)
  region size 1024K, 4 young (4096K), 4 survivors (4096K)
 Metaspace       used 31980K, capacity 32216K, committed 32560K, reserved 1077248K
  class space    used 3790K, capacity 3882K, committed 3968K, reserved 1048576K
}
Event: 10.842 GC heap before
{Heap before GC invocations=10 (full 0):
 garbage-first heap   total 78848K, used 54217K [0x00000000c1800000, 0x0000000100000000)
  region size 1024K, 24 young (24576K), 4 survivors (4096K)
 Metaspace       used 34760K, capacity 35101K, committed 35632K, reserved 1081344K
  class space    used 4323K, capacity 4427K, committed 4480K, reserved 1048576K
}
Event: 10.852 GC heap after
{Heap after GC invocations=11 (full 0):
 garbage-first heap   total 78848K, used 38889K [0x00000000c1800000, 0x0000000100000000)
  region size 1024K, 3 young (3072K), 3 survivors (3072K)
 Metaspace       used 34760K, capacity 35101K, committed 35632K, reserved 1081344K
  class space    used 4323K, capacity 4427K, committed 4480K, reserved 1048576K
}
Event: 12.688 GC heap before
{Heap before GC invocations=11 (full 0):
 garbage-first heap   total 78848K, used 58345K [0x00000000c1800000, 0x0000000100000000)
  region size 1024K, 22 young (22528K), 3 survivors (3072K)
 Metaspace       used 37197K, capacity 37471K, committed 37936K, reserved 1083392K
  class space    used 4833K, capacity 4939K, committed 4992K, reserved 1048576K
}
Event: 12.699 GC heap after
{Heap after GC invocations=12 (full 0):
 garbage-first heap   total 78848K, used 43487K [0x00000000c1800000, 0x0000000100000000)
  region size 1024K, 3 young (3072K), 3 survivors (3072K)
 Metaspace       used 37197K, capacity 37471K, committed 37936K, reserved 1083392K
  class space    used 4833K, capacity 4939K, committed 4992K, reserved 1048576K
}
Event: 13.608 GC heap before
{Heap before GC invocations=13 (full 0):
 garbage-first heap   total 78848K, used 58847K [0x00000000c1800000, 0x0000000100000000)
  region size 1024K, 19 young (19456K), 3 survivors (3072K)
 Metaspace       used 40525K, capacity 40843K, committed 41136K, reserved 1085440K
  class space    used 5236K, capacity 5336K, committed 5376K, reserved 1048576K
}
Event: 13.625 GC heap after
{Heap after GC invocations=14 (full 0):
 garbage-first heap   total 78848K, used 47093K [0x00000000c1800000, 0x0000000100000000)
  region size 1024K, 3 young (3072K), 3 survivors (3072K)
 Metaspace       used 40525K, capacity 40843K, committed 41136K, reserved 1085440K
  class space    used 5236K, capacity 5336K, committed 5376K, reserved 1048576K
}
Event: 14.111 GC heap before
{Heap before GC invocations=14 (full 0):
 garbage-first heap   total 78848K, used 60405K [0x00000000c1800000, 0x0000000100000000)
  region size 1024K, 17 young (17408K), 3 survivors (3072K)
 Metaspace       used 41181K, capacity 41454K, committed 41776K, reserved 1085440K
  class space    used 5354K, capacity 5433K, committed 5504K, reserved 1048576K
}
Event: 14.117 GC heap after
{Heap after GC invocations=15 (full 0):
 garbage-first heap   total 78848K, used 51861K [0x00000000c1800000, 0x0000000100000000)
  region size 1024K, 3 young (3072K), 3 survivors (3072K)
 Metaspace       used 41181K, capacity 41454K, committed 41776K, reserved 1085440K
  class space    used 5354K, capacity 5433K, committed 5504K, reserved 1048576K
}
Event: 14.500 GC heap before
{Heap before GC invocations=16 (full 0):
 garbage-first heap   total 92160K, used 62101K [0x00000000c1800000, 0x0000000100000000)
  region size 1024K, 13 young (13312K), 3 survivors (3072K)
 Metaspace       used 41554K, capacity 41838K, committed 42160K, reserved 1085440K
  class space    used 5457K, capacity 5561K, committed 5632K, reserved 1048576K
}
Event: 14.506 GC heap after
{Heap after GC invocations=17 (full 0):
 garbage-first heap   total 92160K, used 55622K [0x00000000c1800000, 0x0000000100000000)
  region size 1024K, 2 young (2048K), 2 survivors (2048K)
 Metaspace       used 41554K, capacity 41838K, committed 42160K, reserved 1085440K
  class space    used 5457K, capacity 5561K, committed 5632K, reserved 1048576K
}
Event: 14.658 GC heap before
{Heap before GC invocations=17 (full 0):
 garbage-first heap   total 92160K, used 60742K [0x00000000c1800000, 0x0000000100000000)
  region size 1024K, 8 young (8192K), 2 survivors (2048K)
 Metaspace       used 41746K, capacity 42062K, committed 42416K, reserved 1085440K
  class space    used 5513K, capacity 5593K, committed 5632K, reserved 1048576K
}
Event: 14.662 GC heap after
{Heap after GC invocations=18 (full 0):
 garbage-first heap   total 92160K, used 57771K [0x00000000c1800000, 0x0000000100000000)
  region size 1024K, 2 young (2048K), 2 survivors (2048K)
 Metaspace       used 41746K, capacity 42062K, committed 42416K, reserved 1085440K
  class space    used 5513K, capacity 5593K, committed 5632K, reserved 1048576K
}
Event: 14.866 GC heap before
{Heap before GC invocations=19 (full 0):
 garbage-first heap   total 132096K, used 79275K [0x00000000c1800000, 0x0000000100000000)
  region size 1024K, 15 young (15360K), 2 survivors (2048K)
 Metaspace       used 41898K, capacity 42190K, committed 42544K, reserved 1085440K
  class space    used 5554K, capacity 5657K, committed 5760K, reserved 1048576K
}
Event: 14.873 GC heap after
{Heap after GC invocations=20 (full 0):
 garbage-first heap   total 132096K, used 68094K [0x00000000c1800000, 0x0000000100000000)
  region size 1024K, 2 young (2048K), 2 survivors (2048K)
 Metaspace       used 41898K, capacity 42190K, committed 42544K, reserved 1085440K
  class space    used 5554K, capacity 5657K, committed 5760K, reserved 1048576K
}
Event: 15.707 GC heap before
{Heap before GC invocations=20 (full 0):
 garbage-first heap   total 132096K, used 97790K [0x00000000c1800000, 0x0000000100000000)
  region size 1024K, 31 young (31744K), 2 survivors (2048K)
 Metaspace       used 42674K, capacity 42959K, committed 43440K, reserved 1087488K
  class space    used 5752K, capacity 5849K, committed 5888K, reserved 1048576K
}
Event: 15.713 GC heap after
{Heap after GC invocations=21 (full 0):
 garbage-first heap   total 132096K, used 76605K [0x00000000c1800000, 0x0000000100000000)
  region size 1024K, 4 young (4096K), 4 survivors (4096K)
 Metaspace       used 42674K, capacity 42959K, committed 43440K, reserved 1087488K
  class space    used 5752K, capacity 5849K, committed 5888K, reserved 1048576K
}
Event: 16.282 GC heap before
{Heap before GC invocations=22 (full 0):
 garbage-first heap   total 133120K, used 86845K [0x00000000c1800000, 0x0000000100000000)
  region size 1024K, 16 young (16384K), 4 survivors (4096K)
 Metaspace       used 43720K, capacity 44015K, committed 44336K, reserved 1087488K
  class space    used 5865K, capacity 5945K, committed 6016K, reserved 1048576K
}
Event: 16.287 GC heap after
{Heap after GC invocations=23 (full 0):
 garbage-first heap   total 133120K, used 80880K [0x00000000c1800000, 0x0000000100000000)
  region size 1024K, 4 young (4096K), 4 survivors (4096K)
 Metaspace       used 43720K, capacity 44015K, committed 44336K, reserved 1087488K
  class space    used 5865K, capacity 5945K, committed 6016K, reserved 1048576K
}

