# JRE version: Java(TM) SE Runtime Environment (15.0.2+7) (build 15.0.2+7-27)
# Java VM: Java HotSpot(TM) 64-Bit Server VM (15.0.2+7-27, mixed mode, sharing, tiered, compressed oops, g1 gc, windows-amd64)
GC Precious Log:
 CPUs: 4 total, 4 available
 Memory: 3996M
 Large Page Support: Disabled
 NUMA Support: Disabled
 Compressed Oops: Enabled (32-bit)
 Heap Region Size: 1M
 Heap Min Capacity: 8M
 Heap Initial Capacity: 64M
 Heap Max Capacity: 1000M
 Pre-touch: Disabled
 Parallel Workers: 4
 Concurrent Workers: 1
 Concurrent Refinement Workers: 4
 Periodic GC: Disabled
Heap:
 garbage-first heap   total 145408K, used 91312K [0x00000000c1800000, 0x0000000100000000)
  region size 1024K, 11 young (11264K), 4 survivors (4096K)
 Metaspace       used 45321K, capacity 45662K, committed 46288K, reserved 1089536K
  class space    used 6069K, capacity 6173K, committed 6272K, reserved 1048576K
GC Heap History (20 events):
Event: 8.928 GC heap before
{Heap before GC invocations=8 (full 0):
 garbage-first heap   total 78848K, used 52049K [0x00000000c1800000, 0x0000000100000000)
  region size 1024K, 26 young (26624K), 3 survivors (3072K)
 Metaspace       used 31927K, capacity 32220K, committed 32560K, reserved 1077248K
  class space    used 3785K, capacity 3883K, committed 3968K, reserved 1048576K
}
Event: 8.938 GC heap after
{Heap after GC invocations=9 (full 0):
 garbage-first heap   total 78848K, used 35491K [0x00000000c1800000, 0x0000000100000000)
  region size 1024K, 4 young (4096K), 4 survivors (4096K)
 Metaspace       used 31927K, capacity 32220K, committed 32560K, reserved 1077248K
  class space    used 3785K, capacity 3883K, committed 3968K, reserved 1048576K
}
Event: 11.509 GC heap before
{Heap before GC invocations=9 (full 0):
 garbage-first heap   total 78848K, used 54947K [0x00000000c1800000, 0x0000000100000000)
  region size 1024K, 24 young (24576K), 4 survivors (4096K)
 Metaspace       used 34786K, capacity 35101K, committed 35632K, reserved 1081344K
  class space    used 4339K, capacity 4427K, committed 4480K, reserved 1048576K
}
Event: 11.519 GC heap after
{Heap after GC invocations=10 (full 0):
 garbage-first heap   total 78848K, used 39744K [0x00000000c1800000, 0x0000000100000000)
  region size 1024K, 3 young (3072K), 3 survivors (3072K)
 Metaspace       used 34786K, capacity 35101K, committed 35632K, reserved 1081344K
  class space    used 4339K, capacity 4427K, committed 4480K, reserved 1048576K
}
Event: 12.075 GC heap before
{Heap before GC invocations=10 (full 0):
 garbage-first heap   total 78848K, used 44864K [0x00000000c1800000, 0x0000000100000000)
  region size 1024K, 9 young (9216K), 3 survivors (3072K)
 Metaspace       used 35187K, capacity 35486K, committed 35920K, reserved 1081344K
  class space    used 4441K, capacity 4555K, committed 4608K, reserved 1048576K
}
Event: 12.082 GC heap after
{Heap after GC invocations=11 (full 0):
 garbage-first heap   total 78848K, used 41821K [0x00000000c1800000, 0x0000000100000000)
  region size 1024K, 2 young (2048K), 2 survivors (2048K)
 Metaspace       used 35187K, capacity 35486K, committed 35920K, reserved 1081344K
  class space    used 4441K, capacity 4555K, committed 4608K, reserved 1048576K
}
Event: 13.500 GC heap before
{Heap before GC invocations=12 (full 0):
 garbage-first heap   total 78848K, used 59229K [0x00000000c1800000, 0x0000000100000000)
  region size 1024K, 19 young (19456K), 2 survivors (2048K)
 Metaspace       used 38252K, capacity 38546K, committed 38992K, reserved 1083392K
  class space    used 4940K, capacity 5041K, committed 5120K, reserved 1048576K
}
Event: 13.507 GC heap after
{Heap after GC invocations=13 (full 0):
 garbage-first heap   total 78848K, used 44535K [0x00000000c1800000, 0x0000000100000000)
  region size 1024K, 3 young (3072K), 3 survivors (3072K)
 Metaspace       used 38252K, capacity 38546K, committed 38992K, reserved 1083392K
  class space    used 4940K, capacity 5041K, committed 5120K, reserved 1048576K
}
Event: 14.230 GC heap before
{Heap before GC invocations=13 (full 0):
 garbage-first heap   total 78848K, used 59895K [0x00000000c1800000, 0x0000000100000000)
  region size 1024K, 19 young (19456K), 3 survivors (3072K)
 Metaspace       used 40702K, capacity 41006K, committed 41552K, reserved 1085440K
  class space    used 5261K, capacity 5369K, committed 5376K, reserved 1048576K
}
Event: 14.237 GC heap after
{Heap after GC invocations=14 (full 0):
 garbage-first heap   total 78848K, used 48598K [0x00000000c1800000, 0x0000000100000000)
  region size 1024K, 3 young (3072K), 3 survivors (3072K)
 Metaspace       used 40702K, capacity 41006K, committed 41552K, reserved 1085440K
  class space    used 5261K, capacity 5369K, committed 5376K, reserved 1048576K
}
Event: 14.637 GC heap before
{Heap before GC invocations=15 (full 0):
 garbage-first heap   total 87040K, used 59862K [0x00000000c1800000, 0x0000000100000000)
  region size 1024K, 15 young (15360K), 3 survivors (3072K)
 Metaspace       used 41187K, capacity 41550K, committed 41936K, reserved 1085440K
  class space    used 5367K, capacity 5465K, committed 5504K, reserved 1048576K
}
Event: 14.642 GC heap after
{Heap after GC invocations=16 (full 0):
 garbage-first heap   total 87040K, used 53155K [0x00000000c1800000, 0x0000000100000000)
  region size 1024K, 2 young (2048K), 2 survivors (2048K)
 Metaspace       used 41187K, capacity 41550K, committed 41936K, reserved 1085440K
  class space    used 5367K, capacity 5465K, committed 5504K, reserved 1048576K
}
Event: 15.038 GC heap before
{Heap before GC invocations=16 (full 0):
 garbage-first heap   total 87040K, used 65443K [0x00000000c1800000, 0x0000000100000000)
  region size 1024K, 16 young (16384K), 2 survivors (2048K)
 Metaspace       used 41693K, capacity 41998K, committed 42576K, reserved 1087488K
  class space    used 5506K, capacity 5593K, committed 5632K, reserved 1048576K
}
Event: 15.045 GC heap after
{Heap after GC invocations=17 (full 0):
 garbage-first heap   total 87040K, used 57914K [0x00000000c1800000, 0x0000000100000000)
  region size 1024K, 2 young (2048K), 2 survivors (2048K)
 Metaspace       used 41693K, capacity 41998K, committed 42576K, reserved 1087488K
  class space    used 5506K, capacity 5593K, committed 5632K, reserved 1048576K
}
Event: 15.204 GC heap before
{Heap before GC invocations=17 (full 0):
 garbage-first heap   total 132096K, used 77370K [0x00000000c1800000, 0x0000000100000000)
  region size 1024K, 13 young (13312K), 2 survivors (2048K)
 Metaspace       used 41794K, capacity 42094K, committed 42576K, reserved 1087488K
  class space    used 5535K, capacity 5625K, committed 5632K, reserved 1048576K
}
Event: 15.208 GC heap after
{Heap after GC invocations=18 (full 0):
 garbage-first heap   total 132096K, used 67787K [0x00000000c1800000, 0x0000000100000000)
  region size 1024K, 1 young (1024K), 1 survivors (1024K)
 Metaspace       used 41794K, capacity 42094K, committed 42576K, reserved 1087488K
  class space    used 5535K, capacity 5625K, committed 5632K, reserved 1048576K
}
Event: 16.100 GC heap before
{Heap before GC invocations=19 (full 0):
 garbage-first heap   total 132096K, used 97483K [0x00000000c1800000, 0x0000000100000000)
  region size 1024K, 31 young (31744K), 1 survivors (1024K)
 Metaspace       used 42589K, capacity 42895K, committed 43344K, reserved 1087488K
  class space    used 5735K, capacity 5849K, committed 5888K, reserved 1048576K
}
Event: 16.107 GC heap after
{Heap after GC invocations=20 (full 0):
 garbage-first heap   total 132096K, used 76451K [0x00000000c1800000, 0x0000000100000000)
  region size 1024K, 4 young (4096K), 4 survivors (4096K)
 Metaspace       used 42589K, capacity 42895K, committed 43344K, reserved 1087488K
  class space    used 5735K, capacity 5849K, committed 5888K, reserved 1048576K
}
Event: 16.716 GC heap before
{Heap before GC invocations=20 (full 0):
 garbage-first heap   total 132096K, used 87715K [0x00000000c1800000, 0x0000000100000000)
  region size 1024K, 17 young (17408K), 4 survivors (4096K)
 Metaspace       used 43658K, capacity 43951K, committed 44496K, reserved 1087488K
  class space    used 5857K, capacity 5945K, committed 6016K, reserved 1048576K
}
Event: 16.722 GC heap after
{Heap after GC invocations=21 (full 0):
 garbage-first heap   total 132096K, used 81072K [0x00000000c1800000, 0x0000000100000000)
  region size 1024K, 4 young (4096K), 4 survivors (4096K)
 Metaspace       used 43658K, capacity 43951K, committed 44496K, reserved 1087488K
  class space    used 5857K, capacity 5945K, committed 6016K, reserved 1048576K
}

