# JRE version: Java(TM) SE Runtime Environment (15.0.2+7) (build 15.0.2+7-27)
# Java VM: Java HotSpot(TM) 64-Bit Server VM (15.0.2+7-27, mixed mode, sharing, tiered, compressed oops, g1 gc, windows-amd64)
GC Precious Log:
 CPUs: 4 total, 4 available
 Memory: 3996M
 Large Page Support: Disabled
 NUMA Support: Disabled
 Compressed Oops: Enabled (32-bit)
 Heap Region Size: 1M
 Heap Min Capacity: 8M
 Heap Initial Capacity: 64M
 Heap Max Capacity: 1000M
 Pre-touch: Disabled
 Parallel Workers: 4
 Concurrent Workers: 1
 Concurrent Refinement Workers: 4
 Periodic GC: Disabled
Heap:
 garbage-first heap   total 142336K, used 91097K [0x00000000c1800000, 0x0000000100000000)
  region size 1024K, 13 young (13312K), 4 survivors (4096K)
 Metaspace       used 45166K, capacity 45435K, committed 45904K, reserved 1089536K
  class space    used 6040K, capacity 6140K, committed 6144K, reserved 1048576K
GC Heap History (20 events):
Event: 11.338 GC heap before
{Heap before GC invocations=8 (full 0):
 garbage-first heap   total 78848K, used 52596K [0x00000000c1800000, 0x0000000100000000)
  region size 1024K, 27 young (27648K), 3 survivors (3072K)
 Metaspace       used 31941K, capacity 32220K, committed 32560K, reserved 1077248K
  class space    used 3785K, capacity 3883K, committed 3968K, reserved 1048576K
}
Event: 11.349 GC heap after
{Heap after GC invocations=9 (full 0):
 garbage-first heap   total 78848K, used 35102K [0x00000000c1800000, 0x0000000100000000)
  region size 1024K, 4 young (4096K), 4 survivors (4096K)
 Metaspace       used 31941K, capacity 32220K, committed 32560K, reserved 1077248K
  class space    used 3785K, capacity 3883K, committed 3968K, reserved 1048576K
}
Event: 14.380 GC heap before
{Heap before GC invocations=9 (full 0):
 garbage-first heap   total 78848K, used 54558K [0x00000000c1800000, 0x0000000100000000)
  region size 1024K, 24 young (24576K), 4 survivors (4096K)
 Metaspace       used 34868K, capacity 35197K, committed 35632K, reserved 1081344K
  class space    used 4357K, capacity 4459K, committed 4480K, reserved 1048576K
}
Event: 14.389 GC heap after
{Heap after GC invocations=10 (full 0):
 garbage-first heap   total 78848K, used 39127K [0x00000000c1800000, 0x0000000100000000)
  region size 1024K, 3 young (3072K), 3 survivors (3072K)
 Metaspace       used 34868K, capacity 35197K, committed 35632K, reserved 1081344K
  class space    used 4357K, capacity 4459K, committed 4480K, reserved 1048576K
}
Event: 14.965 GC heap before
{Heap before GC invocations=10 (full 0):
 garbage-first heap   total 78848K, used 43223K [0x00000000c1800000, 0x0000000100000000)
  region size 1024K, 8 young (8192K), 3 survivors (3072K)
 Metaspace       used 35259K, capacity 35486K, committed 35920K, reserved 1081344K
  class space    used 4469K, capacity 4555K, committed 4608K, reserved 1048576K
}
Event: 14.972 GC heap after
{Heap after GC invocations=11 (full 0):
 garbage-first heap   total 78848K, used 40866K [0x00000000c1800000, 0x0000000100000000)
  region size 1024K, 2 young (2048K), 2 survivors (2048K)
 Metaspace       used 35259K, capacity 35486K, committed 35920K, reserved 1081344K
  class space    used 4469K, capacity 4555K, committed 4608K, reserved 1048576K
}
Event: 16.600 GC heap before
{Heap before GC invocations=12 (full 0):
 garbage-first heap   total 78848K, used 57250K [0x00000000c1800000, 0x0000000100000000)
  region size 1024K, 19 young (19456K), 2 survivors (2048K)
 Metaspace       used 38473K, capacity 38834K, committed 39248K, reserved 1083392K
  class space    used 4964K, capacity 5073K, committed 5120K, reserved 1048576K
}
Event: 16.608 GC heap after
{Heap after GC invocations=13 (full 0):
 garbage-first heap   total 78848K, used 43518K [0x00000000c1800000, 0x0000000100000000)
  region size 1024K, 3 young (3072K), 3 survivors (3072K)
 Metaspace       used 38473K, capacity 38834K, committed 39248K, reserved 1083392K
  class space    used 4964K, capacity 5073K, committed 5120K, reserved 1048576K
}
Event: 17.481 GC heap before
{Heap before GC invocations=13 (full 0):
 garbage-first heap   total 78848K, used 58878K [0x00000000c1800000, 0x0000000100000000)
  region size 1024K, 19 young (19456K), 3 survivors (3072K)
 Metaspace       used 40705K, capacity 41006K, committed 41552K, reserved 1085440K
  class space    used 5265K, capacity 5369K, committed 5376K, reserved 1048576K
}
Event: 17.489 GC heap after
{Heap after GC invocations=14 (full 0):
 garbage-first heap   total 78848K, used 48032K [0x00000000c1800000, 0x0000000100000000)
  region size 1024K, 3 young (3072K), 3 survivors (3072K)
 Metaspace       used 40705K, capacity 41006K, committed 41552K, reserved 1085440K
  class space    used 5265K, capacity 5369K, committed 5376K, reserved 1048576K
}
Event: 18.118 GC heap before
{Heap before GC invocations=15 (full 0):
 garbage-first heap   total 83968K, used 61344K [0x00000000c1800000, 0x0000000100000000)
  region size 1024K, 16 young (16384K), 3 survivors (3072K)
 Metaspace       used 41251K, capacity 41518K, committed 41936K, reserved 1085440K
  class space    used 5390K, capacity 5497K, committed 5504K, reserved 1048576K
}
Event: 18.123 GC heap after
{Heap after GC invocations=16 (full 0):
 garbage-first heap   total 83968K, used 52224K [0x00000000c1800000, 0x0000000100000000)
  region size 1024K, 2 young (2048K), 2 survivors (2048K)
 Metaspace       used 41251K, capacity 41518K, committed 41936K, reserved 1085440K
  class space    used 5390K, capacity 5497K, committed 5504K, reserved 1048576K
}
Event: 18.632 GC heap before
{Heap before GC invocations=16 (full 0):
 garbage-first heap   total 83968K, used 62464K [0x00000000c1800000, 0x0000000100000000)
  region size 1024K, 14 young (14336K), 2 survivors (2048K)
 Metaspace       used 41658K, capacity 41934K, committed 42320K, reserved 1085440K
  class space    used 5504K, capacity 5593K, committed 5632K, reserved 1048576K
}
Event: 18.638 GC heap after
{Heap after GC invocations=17 (full 0):
 garbage-first heap   total 83968K, used 56320K [0x00000000c1800000, 0x0000000100000000)
  region size 1024K, 2 young (2048K), 2 survivors (2048K)
 Metaspace       used 41658K, capacity 41934K, committed 42320K, reserved 1085440K
  class space    used 5504K, capacity 5593K, committed 5632K, reserved 1048576K
}
Event: 18.763 GC heap before
{Heap before GC invocations=18 (full 0):
 garbage-first heap   total 126976K, used 74752K [0x00000000c1800000, 0x0000000100000000)
  region size 1024K, 12 young (12288K), 2 survivors (2048K)
 Metaspace       used 41736K, capacity 42030K, committed 42576K, reserved 1087488K
  class space    used 5529K, capacity 5625K, committed 5632K, reserved 1048576K
}
Event: 18.768 GC heap after
{Heap after GC invocations=19 (full 0):
 garbage-first heap   total 126976K, used 66019K [0x00000000c1800000, 0x0000000100000000)
  region size 1024K, 1 young (1024K), 1 survivors (1024K)
 Metaspace       used 41736K, capacity 42030K, committed 42576K, reserved 1087488K
  class space    used 5529K, capacity 5625K, committed 5632K, reserved 1048576K
}
Event: 19.465 GC heap before
{Heap before GC invocations=19 (full 0):
 garbage-first heap   total 126976K, used 95715K [0x00000000c1800000, 0x0000000100000000)
  region size 1024K, 30 young (30720K), 1 survivors (1024K)
 Metaspace       used 42513K, capacity 42863K, committed 43344K, reserved 1087488K
  class space    used 5726K, capacity 5817K, committed 5888K, reserved 1048576K
}
Event: 19.471 GC heap after
{Heap after GC invocations=20 (full 0):
 garbage-first heap   total 126976K, used 74563K [0x00000000c1800000, 0x0000000100000000)
  region size 1024K, 4 young (4096K), 4 survivors (4096K)
 Metaspace       used 42513K, capacity 42863K, committed 43344K, reserved 1087488K
  class space    used 5726K, capacity 5817K, committed 5888K, reserved 1048576K
}
Event: 20.215 GC heap before
{Heap before GC invocations=21 (full 0):
 garbage-first heap   total 130048K, used 87875K [0x00000000c1800000, 0x0000000100000000)
  region size 1024K, 19 young (19456K), 4 survivors (4096K)
 Metaspace       used 43642K, capacity 43951K, committed 44496K, reserved 1087488K
  class space    used 5857K, capacity 5945K, committed 6016K, reserved 1048576K
}
Event: 20.220 GC heap after
{Heap after GC invocations=22 (full 0):
 garbage-first heap   total 130048K, used 79833K [0x00000000c1800000, 0x0000000100000000)
  region size 1024K, 4 young (4096K), 4 survivors (4096K)
 Metaspace       used 43642K, capacity 43951K, committed 44496K, reserved 1087488K
  class space    used 5857K, capacity 5945K, committed 6016K, reserved 1048576K
}

