# JRE version: Java(TM) SE Runtime Environment (15.0.2+7) (build 15.0.2+7-27)
# Java VM: Java HotSpot(TM) 64-Bit Server VM (15.0.2+7-27, mixed mode, sharing, tiered, compressed oops, g1 gc, windows-amd64)
GC Precious Log:
 CPUs: 4 total, 4 available
 Memory: 12188M
 Large Page Support: Disabled
 NUMA Support: Disabled
 Compressed Oops: Enabled (Zero based)
 Heap Region Size: 2M
 Heap Min Capacity: 8M
 Heap Initial Capacity: 192M
 Heap Max Capacity: 3048M
 Pre-touch: Disabled
 Parallel Workers: 4
 Concurrent Workers: 1
 Concurrent Refinement Workers: 4
 Periodic GC: Disabled
Heap:
 garbage-first heap   total 153600K, used 95911K [0x0000000741800000, 0x0000000800000000)
  region size 2048K, 2 young (4096K), 1 survivors (2048K)
 Metaspace       used 51245K, capacity 51645K, committed 51888K, reserved 1093632K
  class space    used 6983K, capacity 7111K, committed 7168K, reserved 1048576K
GC Heap History (20 events):
Event: 10.262 GC heap before
{Heap before GC invocations=7 (full 0):
 garbage-first heap   total 90112K, used 56547K [0x0000000741800000, 0x0000000800000000)
  region size 2048K, 18 young (36864K), 4 survivors (8192K)
 Metaspace       used 32101K, capacity 32384K, committed 32816K, reserved 1077248K
  class space    used 4015K, capacity 4108K, committed 4224K, reserved 1048576K
}
Event: 10.274 GC heap after
{Heap after GC invocations=8 (full 0):
 garbage-first heap   total 90112K, used 36791K [0x0000000741800000, 0x0000000800000000)
  region size 2048K, 3 young (6144K), 3 survivors (6144K)
 Metaspace       used 32101K, capacity 32384K, committed 32816K, reserved 1077248K
  class space    used 4015K, capacity 4108K, committed 4224K, reserved 1048576K
}
Event: 14.204 GC heap before
{Heap before GC invocations=8 (full 0):
 garbage-first heap   total 90112K, used 59319K [0x0000000741800000, 0x0000000800000000)
  region size 2048K, 15 young (30720K), 3 survivors (6144K)
 Metaspace       used 35162K, capacity 35425K, committed 35888K, reserved 1081344K
  class space    used 4537K, capacity 4620K, committed 4736K, reserved 1048576K
}
Event: 14.214 GC heap after
{Heap after GC invocations=9 (full 0):
 garbage-first heap   total 90112K, used 41667K [0x0000000741800000, 0x0000000800000000)
  region size 2048K, 2 young (4096K), 2 survivors (4096K)
 Metaspace       used 35162K, capacity 35425K, committed 35888K, reserved 1081344K
  class space    used 4537K, capacity 4620K, committed 4736K, reserved 1048576K
}
Event: 15.550 GC heap before
{Heap before GC invocations=10 (full 0):
 garbage-first heap   total 90112K, used 62147K [0x0000000741800000, 0x0000000800000000)
  region size 2048K, 13 young (26624K), 2 survivors (4096K)
 Metaspace       used 39697K, capacity 40014K, committed 40624K, reserved 1085440K
  class space    used 5184K, capacity 5273K, committed 5376K, reserved 1048576K
}
Event: 15.564 GC heap after
{Heap after GC invocations=11 (full 0):
 garbage-first heap   total 90112K, used 46038K [0x0000000741800000, 0x0000000800000000)
  region size 2048K, 2 young (4096K), 2 survivors (4096K)
 Metaspace       used 39697K, capacity 40014K, committed 40624K, reserved 1085440K
  class space    used 5184K, capacity 5273K, committed 5376K, reserved 1048576K
}
Event: 15.963 GC heap before
{Heap before GC invocations=11 (full 0):
 garbage-first heap   total 90112K, used 62422K [0x0000000741800000, 0x0000000800000000)
  region size 2048K, 11 young (22528K), 2 survivors (4096K)
 Metaspace       used 40476K, capacity 40817K, committed 41264K, reserved 1085440K
  class space    used 5328K, capacity 5434K, committed 5504K, reserved 1048576K
}
Event: 15.971 GC heap after
{Heap after GC invocations=12 (full 0):
 garbage-first heap   total 90112K, used 52347K [0x0000000741800000, 0x0000000800000000)
  region size 2048K, 2 young (4096K), 2 survivors (4096K)
 Metaspace       used 40476K, capacity 40817K, committed 41264K, reserved 1085440K
  class space    used 5328K, capacity 5434K, committed 5504K, reserved 1048576K
}
Event: 16.282 GC heap before
{Heap before GC invocations=13 (full 0):
 garbage-first heap   total 96256K, used 64635K [0x0000000741800000, 0x0000000800000000)
  region size 2048K, 9 young (18432K), 2 survivors (4096K)
 Metaspace       used 40964K, capacity 41265K, committed 41648K, reserved 1085440K
  class space    used 5460K, capacity 5562K, committed 5632K, reserved 1048576K
}
Event: 16.288 GC heap after
{Heap after GC invocations=14 (full 0):
 garbage-first heap   total 96256K, used 57108K [0x0000000741800000, 0x0000000800000000)
  region size 2048K, 2 young (4096K), 2 survivors (4096K)
 Metaspace       used 40964K, capacity 41265K, committed 41648K, reserved 1085440K
  class space    used 5460K, capacity 5562K, committed 5632K, reserved 1048576K
}
Event: 16.451 GC heap before
{Heap before GC invocations=15 (full 0):
 garbage-first heap   total 137216K, used 79636K [0x0000000741800000, 0x0000000800000000)
  region size 2048K, 9 young (18432K), 2 survivors (4096K)
 Metaspace       used 41197K, capacity 41521K, committed 41904K, reserved 1085440K
  class space    used 5512K, capacity 5626K, committed 5632K, reserved 1048576K
}
Event: 16.456 GC heap after
{Heap after GC invocations=16 (full 0):
 garbage-first heap   total 137216K, used 69382K [0x0000000741800000, 0x0000000800000000)
  region size 2048K, 1 young (2048K), 1 survivors (2048K)
 Metaspace       used 41197K, capacity 41521K, committed 41904K, reserved 1085440K
  class space    used 5512K, capacity 5626K, committed 5632K, reserved 1048576K
}
Event: 16.932 GC heap before
{Heap before GC invocations=16 (full 0):
 garbage-first heap   total 137216K, used 100102K [0x0000000741800000, 0x0000000800000000)
  region size 2048K, 16 young (32768K), 1 survivors (2048K)
 Metaspace       used 41909K, capacity 42226K, committed 42672K, reserved 1085440K
  class space    used 5711K, capacity 5818K, committed 5888K, reserved 1048576K
}
Event: 16.937 GC heap after
{Heap after GC invocations=17 (full 0):
 garbage-first heap   total 137216K, used 78464K [0x0000000741800000, 0x0000000800000000)
  region size 2048K, 2 young (4096K), 2 survivors (4096K)
 Metaspace       used 41909K, capacity 42226K, committed 42672K, reserved 1085440K
  class space    used 5711K, capacity 5818K, committed 5888K, reserved 1048576K
}
Event: 17.255 GC heap before
{Heap before GC invocations=18 (full 0):
 garbage-first heap   total 151552K, used 86656K [0x0000000741800000, 0x0000000800000000)
  region size 2048K, 7 young (14336K), 2 survivors (4096K)
 Metaspace       used 42885K, capacity 43186K, committed 43696K, reserved 1087488K
  class space    used 5808K, capacity 5882K, committed 5888K, reserved 1048576K
}
Event: 17.261 GC heap after
{Heap after GC invocations=19 (full 0):
 garbage-first heap   total 151552K, used 82386K [0x0000000741800000, 0x0000000800000000)
  region size 2048K, 2 young (4096K), 2 survivors (4096K)
 Metaspace       used 42885K, capacity 43186K, committed 43696K, reserved 1087488K
  class space    used 5808K, capacity 5882K, committed 5888K, reserved 1048576K
}
Event: 73.494 GC heap before
{Heap before GC invocations=20 (full 0):
 garbage-first heap   total 153600K, used 113106K [0x0000000741800000, 0x0000000800000000)
  region size 2048K, 16 young (32768K), 2 survivors (4096K)
 Metaspace       used 48523K, capacity 48897K, committed 49200K, reserved 1091584K
  class space    used 6678K, capacity 6779K, committed 6784K, reserved 1048576K
}
Event: 73.500 GC heap after
{Heap after GC invocations=21 (full 0):
 garbage-first heap   total 153600K, used 90020K [0x0000000741800000, 0x0000000800000000)
  region size 2048K, 2 young (4096K), 2 survivors (4096K)
 Metaspace       used 48523K, capacity 48897K, committed 49200K, reserved 1091584K
  class space    used 6678K, capacity 6779K, committed 6784K, reserved 1048576K
}
Event: 91.005 GC heap before
{Heap before GC invocations=21 (full 0):
 garbage-first heap   total 153600K, used 112548K [0x0000000741800000, 0x0000000800000000)
  region size 2048K, 14 young (28672K), 2 survivors (4096K)
 Metaspace       used 51200K, capacity 51633K, committed 51888K, reserved 1093632K
  class space    used 6974K, capacity 7107K, committed 7168K, reserved 1048576K
}
Event: 91.012 GC heap after
{Heap after GC invocations=22 (full 0):
 garbage-first heap   total 153600K, used 91815K [0x0000000741800000, 0x0000000800000000)
  region size 2048K, 1 young (2048K), 1 survivors (2048K)
 Metaspace       used 51200K, capacity 51633K, committed 51888K, reserved 1093632K
  class space    used 6974K, capacity 7107K, committed 7168K, reserved 1048576K
}

