# JRE version: Java(TM) SE Runtime Environment (15.0.2+7) (build 15.0.2+7-27)
# Java VM: Java HotSpot(TM) 64-Bit Server VM (15.0.2+7-27, mixed mode, sharing, tiered, compressed oops, g1 gc, windows-amd64)
GC Precious Log:
 CPUs: 4 total, 4 available
 Memory: 12188M
 Large Page Support: Disabled
 NUMA Support: Disabled
 Compressed Oops: Enabled (Zero based)
 Heap Region Size: 2M
 Heap Min Capacity: 8M
 Heap Initial Capacity: 192M
 Heap Max Capacity: 3048M
 Pre-touch: Disabled
 Parallel Workers: 4
 Concurrent Workers: 1
 Concurrent Refinement Workers: 4
 Periodic GC: Disabled
Heap:
 garbage-first heap   total 147456K, used 88592K [0x0000000741800000, 0x0000000800000000)
  region size 2048K, 3 young (6144K), 2 survivors (4096K)
 Metaspace       used 50829K, capacity 51165K, committed 51408K, reserved 1093632K
  class space    used 6943K, capacity 7081K, committed 7168K, reserved 1048576K
GC Heap History (20 events):
Event: 11.592 GC heap before
{Heap before GC invocations=7 (full 0):
 garbage-first heap   total 102400K, used 63970K [0x0000000741800000, 0x0000000800000000)
  region size 2048K, 19 young (38912K), 4 survivors (8192K)
 Metaspace       used 33450K, capacity 33729K, committed 34176K, reserved 1079296K
  class space    used 4099K, capacity 4204K, committed 4224K, reserved 1048576K
}
Event: 11.605 GC heap after
{Heap after GC invocations=8 (full 0):
 garbage-first heap   total 102400K, used 42704K [0x0000000741800000, 0x0000000800000000)
  region size 2048K, 3 young (6144K), 3 survivors (6144K)
 Metaspace       used 33450K, capacity 33729K, committed 34176K, reserved 1079296K
  class space    used 4099K, capacity 4204K, committed 4224K, reserved 1048576K
}
Event: 15.018 GC heap before
{Heap before GC invocations=8 (full 0):
 garbage-first heap   total 102400K, used 59088K [0x0000000741800000, 0x0000000800000000)
  region size 2048K, 12 young (24576K), 3 survivors (6144K)
 Metaspace       used 35319K, capacity 35586K, committed 35920K, reserved 1081344K
  class space    used 4530K, capacity 4652K, committed 4736K, reserved 1048576K
}
Event: 15.027 GC heap after
{Heap after GC invocations=9 (full 0):
 garbage-first heap   total 102400K, used 47257K [0x0000000741800000, 0x0000000800000000)
  region size 2048K, 2 young (4096K), 2 survivors (4096K)
 Metaspace       used 35319K, capacity 35586K, committed 35920K, reserved 1081344K
  class space    used 4530K, capacity 4652K, committed 4736K, reserved 1048576K
}
Event: 17.156 GC heap before
{Heap before GC invocations=10 (full 0):
 garbage-first heap   total 102400K, used 71833K [0x0000000741800000, 0x0000000800000000)
  region size 2048K, 15 young (30720K), 2 survivors (4096K)
 Metaspace       used 40169K, capacity 40431K, committed 40656K, reserved 1085440K
  class space    used 5254K, capacity 5369K, committed 5376K, reserved 1048576K
}
Event: 17.166 GC heap after
{Heap after GC invocations=11 (full 0):
 garbage-first heap   total 102400K, used 51462K [0x0000000741800000, 0x0000000800000000)
  region size 2048K, 2 young (4096K), 2 survivors (4096K)
 Metaspace       used 40169K, capacity 40431K, committed 40656K, reserved 1085440K
  class space    used 5254K, capacity 5369K, committed 5376K, reserved 1048576K
}
Event: 17.880 GC heap before
{Heap before GC invocations=11 (full 0):
 garbage-first heap   total 102400K, used 71942K [0x0000000741800000, 0x0000000800000000)
  region size 2048K, 13 young (26624K), 2 survivors (4096K)
 Metaspace       used 41121K, capacity 41458K, committed 41936K, reserved 1085440K
  class space    used 5455K, capacity 5562K, committed 5632K, reserved 1048576K
}
Event: 17.889 GC heap after
{Heap after GC invocations=12 (full 0):
 garbage-first heap   total 102400K, used 59262K [0x0000000741800000, 0x0000000800000000)
  region size 2048K, 2 young (4096K), 2 survivors (4096K)
 Metaspace       used 41121K, capacity 41458K, committed 41936K, reserved 1085440K
  class space    used 5455K, capacity 5562K, committed 5632K, reserved 1048576K
}
Event: 18.551 GC heap before
{Heap before GC invocations=13 (full 0):
 garbage-first heap   total 110592K, used 75646K [0x0000000741800000, 0x0000000800000000)
  region size 2048K, 10 young (20480K), 2 survivors (4096K)
 Metaspace       used 41734K, capacity 42002K, committed 42320K, reserved 1085440K
  class space    used 5608K, capacity 5722K, committed 5760K, reserved 1048576K
}
Event: 18.557 GC heap after
{Heap after GC invocations=14 (full 0):
 garbage-first heap   total 110592K, used 64344K [0x0000000741800000, 0x0000000800000000)
  region size 2048K, 2 young (4096K), 2 survivors (4096K)
 Metaspace       used 41734K, capacity 42002K, committed 42320K, reserved 1085440K
  class space    used 5608K, capacity 5722K, committed 5760K, reserved 1048576K
}
Event: 18.958 GC heap before
{Heap before GC invocations=14 (full 0):
 garbage-first heap   total 110592K, used 82776K [0x0000000741800000, 0x0000000800000000)
  region size 2048K, 11 young (22528K), 2 survivors (4096K)
 Metaspace       used 42206K, capacity 42515K, committed 42960K, reserved 1087488K
  class space    used 5732K, capacity 5850K, committed 5888K, reserved 1048576K
}
Event: 18.963 GC heap after
{Heap after GC invocations=15 (full 0):
 garbage-first heap   total 110592K, used 70410K [0x0000000741800000, 0x0000000800000000)
  region size 2048K, 2 young (4096K), 2 survivors (4096K)
 Metaspace       used 42206K, capacity 42515K, committed 42960K, reserved 1087488K
  class space    used 5732K, capacity 5850K, committed 5888K, reserved 1048576K
}
Event: 19.513 GC heap before
{Heap before GC invocations=16 (full 0):
 garbage-first heap   total 122880K, used 82698K [0x0000000741800000, 0x0000000800000000)
  region size 2048K, 9 young (18432K), 2 survivors (4096K)
 Metaspace       used 42466K, capacity 42803K, committed 43088K, reserved 1087488K
  class space    used 5817K, capacity 5946K, committed 6016K, reserved 1048576K
}
Event: 19.521 GC heap after
{Heap after GC invocations=17 (full 0):
 garbage-first heap   total 122880K, used 74802K [0x0000000741800000, 0x0000000800000000)
  region size 2048K, 2 young (4096K), 2 survivors (4096K)
 Metaspace       used 42466K, capacity 42803K, committed 43088K, reserved 1087488K
  class space    used 5817K, capacity 5946K, committed 6016K, reserved 1048576K
}
Event: 19.790 GC heap before
{Heap before GC invocations=17 (full 0):
 garbage-first heap   total 122880K, used 76850K [0x0000000741800000, 0x0000000800000000)
  region size 2048K, 5 young (10240K), 2 survivors (4096K)
 Metaspace       used 43411K, capacity 43699K, committed 44112K, reserved 1087488K
  class space    used 5896K, capacity 6010K, committed 6016K, reserved 1048576K
}
Event: 19.792 GC heap after
{Heap after GC invocations=18 (full 0):
 garbage-first heap   total 122880K, used 77643K [0x0000000741800000, 0x0000000800000000)
  region size 2048K, 2 young (4096K), 2 survivors (4096K)
 Metaspace       used 43411K, capacity 43699K, committed 44112K, reserved 1087488K
  class space    used 5896K, capacity 6010K, committed 6016K, reserved 1048576K
}
Event: 39.259 GC heap before
{Heap before GC invocations=19 (full 0):
 garbage-first heap   total 147456K, used 94027K [0x0000000741800000, 0x0000000800000000)
  region size 2048K, 9 young (18432K), 2 survivors (4096K)
 Metaspace       used 46267K, capacity 46559K, committed 46800K, reserved 1089536K
  class space    used 6255K, capacity 6365K, committed 6400K, reserved 1048576K
}
Event: 39.263 GC heap after
{Heap after GC invocations=20 (full 0):
 garbage-first heap   total 147456K, used 82421K [0x0000000741800000, 0x0000000800000000)
  region size 2048K, 1 young (2048K), 1 survivors (2048K)
 Metaspace       used 46267K, capacity 46559K, committed 46800K, reserved 1089536K
  class space    used 6255K, capacity 6365K, committed 6400K, reserved 1048576K
}
Event: 55.490 GC heap before
{Heap before GC invocations=20 (full 0):
 garbage-first heap   total 147456K, used 106997K [0x0000000741800000, 0x0000000800000000)
  region size 2048K, 14 young (28672K), 1 survivors (2048K)
 Metaspace       used 50756K, capacity 51120K, committed 51408K, reserved 1093632K
  class space    used 6928K, capacity 7067K, committed 7168K, reserved 1048576K
}
Event: 55.498 GC heap after
{Heap after GC invocations=21 (full 0):
 garbage-first heap   total 147456K, used 84496K [0x0000000741800000, 0x0000000800000000)
  region size 2048K, 2 young (4096K), 2 survivors (4096K)
 Metaspace       used 50756K, capacity 51120K, committed 51408K, reserved 1093632K
  class space    used 6928K, capacity 7067K, committed 7168K, reserved 1048576K
}

