# JRE version: Java(TM) SE Runtime Environment (15.0.2+7) (build 15.0.2+7-27)
# Java VM: Java HotSpot(TM) 64-Bit Server VM (15.0.2+7-27, mixed mode, sharing, tiered, compressed oops, g1 gc, windows-amd64)
GC Precious Log:
 CPUs: 4 total, 4 available
 Memory: 3996M
 Large Page Support: Disabled
 NUMA Support: Disabled
 Compressed Oops: Enabled (32-bit)
 Heap Region Size: 1M
 Heap Min Capacity: 8M
 Heap Initial Capacity: 64M
 Heap Max Capacity: 1000M
 Pre-touch: Disabled
 Parallel Workers: 4
 Concurrent Workers: 1
 Concurrent Refinement Workers: 4
 Periodic GC: Disabled
Heap:
 garbage-first heap   total 152576K, used 96160K [0x00000000c1800000, 0x0000000100000000)
  region size 1024K, 11 young (11264K), 4 survivors (4096K)
 Metaspace       used 44472K, capacity 44795K, committed 45232K, reserved 1089536K
  class space    used 5997K, capacity 6140K, committed 6144K, reserved 1048576K
GC Heap History (20 events):
Event: 7.510 GC heap before
{Heap before GC invocations=10 (full 0):
 garbage-first heap   total 80896K, used 56764K [0x00000000c1800000, 0x0000000100000000)
  region size 1024K, 25 young (25600K), 3 survivors (3072K)
 Metaspace       used 30483K, capacity 30809K, committed 31152K, reserved 1077248K
  class space    used 3646K, capacity 3754K, committed 3840K, reserved 1048576K
}
Event: 7.520 GC heap after
{Heap after GC invocations=11 (full 0):
 garbage-first heap   total 80896K, used 39586K [0x00000000c1800000, 0x0000000100000000)
  region size 1024K, 4 young (4096K), 4 survivors (4096K)
 Metaspace       used 30483K, capacity 30809K, committed 31152K, reserved 1077248K
  class space    used 3646K, capacity 3754K, committed 3840K, reserved 1048576K
}
Event: 9.673 GC heap before
{Heap before GC invocations=11 (full 0):
 garbage-first heap   total 80896K, used 58018K [0x00000000c1800000, 0x0000000100000000)
  region size 1024K, 23 young (23552K), 4 survivors (4096K)
 Metaspace       used 33175K, capacity 33437K, committed 33840K, reserved 1079296K
  class space    used 4082K, capacity 4171K, committed 4224K, reserved 1048576K
}
Event: 9.682 GC heap after
{Heap after GC invocations=12 (full 0):
 garbage-first heap   total 80896K, used 43831K [0x00000000c1800000, 0x0000000100000000)
  region size 1024K, 3 young (3072K), 3 survivors (3072K)
 Metaspace       used 33175K, capacity 33437K, committed 33840K, reserved 1079296K
  class space    used 4082K, capacity 4171K, committed 4224K, reserved 1048576K
}
Event: 12.038 GC heap before
{Heap before GC invocations=12 (full 0):
 garbage-first heap   total 80896K, used 61239K [0x00000000c1800000, 0x0000000100000000)
  region size 1024K, 20 young (20480K), 3 survivors (3072K)
 Metaspace       used 35084K, capacity 35390K, committed 35760K, reserved 1081344K
  class space    used 4505K, capacity 4587K, committed 4608K, reserved 1048576K
}
Event: 12.046 GC heap after
{Heap after GC invocations=13 (full 0):
 garbage-first heap   total 80896K, used 47327K [0x00000000c1800000, 0x0000000100000000)
  region size 1024K, 3 young (3072K), 3 survivors (3072K)
 Metaspace       used 35084K, capacity 35390K, committed 35760K, reserved 1081344K
  class space    used 4505K, capacity 4587K, committed 4608K, reserved 1048576K
}
Event: 12.782 GC heap before
{Heap before GC invocations=14 (full 0):
 garbage-first heap   total 81920K, used 60639K [0x00000000c1800000, 0x0000000100000000)
  region size 1024K, 17 young (17408K), 3 survivors (3072K)
 Metaspace       used 38111K, capacity 38462K, committed 38832K, reserved 1083392K
  class space    used 4938K, capacity 5077K, committed 5120K, reserved 1048576K
}
Event: 12.789 GC heap after
{Heap after GC invocations=15 (full 0):
 garbage-first heap   total 81920K, used 49691K [0x00000000c1800000, 0x0000000100000000)
  region size 1024K, 3 young (3072K), 3 survivors (3072K)
 Metaspace       used 38111K, capacity 38462K, committed 38832K, reserved 1083392K
  class space    used 4938K, capacity 5077K, committed 5120K, reserved 1048576K
}
Event: 13.409 GC heap before
{Heap before GC invocations=15 (full 0):
 garbage-first heap   total 81920K, used 63003K [0x00000000c1800000, 0x0000000100000000)
  region size 1024K, 16 young (16384K), 3 survivors (3072K)
 Metaspace       used 39897K, capacity 40270K, committed 40624K, reserved 1085440K
  class space    used 5194K, capacity 5337K, committed 5376K, reserved 1048576K
}
Event: 13.418 GC heap after
{Heap after GC invocations=16 (full 0):
 garbage-first heap   total 81920K, used 52995K [0x00000000c1800000, 0x0000000100000000)
  region size 1024K, 2 young (2048K), 2 survivors (2048K)
 Metaspace       used 39897K, capacity 40270K, committed 40624K, reserved 1085440K
  class space    used 5194K, capacity 5337K, committed 5376K, reserved 1048576K
}
Event: 13.854 GC heap before
{Heap before GC invocations=17 (full 0):
 garbage-first heap   total 92160K, used 64259K [0x00000000c1800000, 0x0000000100000000)
  region size 1024K, 13 young (13312K), 2 survivors (2048K)
 Metaspace       used 40337K, capacity 40654K, committed 41008K, reserved 1085440K
  class space    used 5285K, capacity 5401K, committed 5504K, reserved 1048576K
}
Event: 13.860 GC heap after
{Heap after GC invocations=18 (full 0):
 garbage-first heap   total 92160K, used 56953K [0x00000000c1800000, 0x0000000100000000)
  region size 1024K, 2 young (2048K), 2 survivors (2048K)
 Metaspace       used 40337K, capacity 40654K, committed 41008K, reserved 1085440K
  class space    used 5285K, capacity 5401K, committed 5504K, reserved 1048576K
}
Event: 14.377 GC heap before
{Heap before GC invocations=18 (full 0):
 garbage-first heap   total 92160K, used 71289K [0x00000000c1800000, 0x0000000100000000)
  region size 1024K, 16 young (16384K), 2 survivors (2048K)
 Metaspace       used 40883K, capacity 41262K, committed 41648K, reserved 1085440K
  class space    used 5432K, capacity 5561K, committed 5632K, reserved 1048576K
}
Event: 14.382 GC heap after
{Heap after GC invocations=19 (full 0):
 garbage-first heap   total 92160K, used 62338K [0x00000000c1800000, 0x0000000100000000)
  region size 1024K, 2 young (2048K), 2 survivors (2048K)
 Metaspace       used 40883K, capacity 41262K, committed 41648K, reserved 1085440K
  class space    used 5432K, capacity 5561K, committed 5632K, reserved 1048576K
}
Event: 14.568 GC heap before
{Heap before GC invocations=20 (full 0):
 garbage-first heap   total 133120K, used 81794K [0x00000000c1800000, 0x0000000100000000)
  region size 1024K, 13 young (13312K), 2 survivors (2048K)
 Metaspace       used 40974K, capacity 41358K, committed 41648K, reserved 1085440K
  class space    used 5459K, capacity 5593K, committed 5632K, reserved 1048576K
}
Event: 14.574 GC heap after
{Heap after GC invocations=21 (full 0):
 garbage-first heap   total 133120K, used 72376K [0x00000000c1800000, 0x0000000100000000)
  region size 1024K, 1 young (1024K), 1 survivors (1024K)
 Metaspace       used 40974K, capacity 41358K, committed 41648K, reserved 1085440K
  class space    used 5459K, capacity 5593K, committed 5632K, reserved 1048576K
}
Event: 15.383 GC heap before
{Heap before GC invocations=21 (full 0):
 garbage-first heap   total 133120K, used 100024K [0x00000000c1800000, 0x0000000100000000)
  region size 1024K, 28 young (28672K), 1 survivors (1024K)
 Metaspace       used 41721K, capacity 42063K, committed 42416K, reserved 1085440K
  class space    used 5645K, capacity 5785K, committed 5888K, reserved 1048576K
}
Event: 15.388 GC heap after
{Heap after GC invocations=22 (full 0):
 garbage-first heap   total 133120K, used 80055K [0x00000000c1800000, 0x0000000100000000)
  region size 1024K, 4 young (4096K), 4 survivors (4096K)
 Metaspace       used 41721K, capacity 42063K, committed 42416K, reserved 1085440K
  class space    used 5645K, capacity 5785K, committed 5888K, reserved 1048576K
}
Event: 16.041 GC heap before
{Heap before GC invocations=23 (full 0):
 garbage-first heap   total 142336K, used 95415K [0x00000000c1800000, 0x0000000100000000)
  region size 1024K, 21 young (21504K), 4 survivors (4096K)
 Metaspace       used 42884K, capacity 43215K, committed 43568K, reserved 1087488K
  class space    used 5795K, capacity 5913K, committed 6016K, reserved 1048576K
}
Event: 16.047 GC heap after
{Heap after GC invocations=24 (full 0):
 garbage-first heap   total 142336K, used 85920K [0x00000000c1800000, 0x0000000100000000)
  region size 1024K, 4 young (4096K), 4 survivors (4096K)
 Metaspace       used 42884K, capacity 43215K, committed 43568K, reserved 1087488K
  class space    used 5795K, capacity 5913K, committed 6016K, reserved 1048576K
}

