# JRE version: Java(TM) SE Runtime Environment (15.0.2+7) (build 15.0.2+7-27)
# Java VM: Java HotSpot(TM) 64-Bit Server VM (15.0.2+7-27, mixed mode, sharing, tiered, compressed oops, g1 gc, windows-amd64)
GC Precious Log:
 CPUs: 4 total, 4 available
 Memory: 12188M
 Large Page Support: Disabled
 NUMA Support: Disabled
 Compressed Oops: Enabled (Zero based)
 Heap Region Size: 2M
 Heap Min Capacity: 8M
 Heap Initial Capacity: 192M
 Heap Max Capacity: 3048M
 Pre-touch: Disabled
 Parallel Workers: 4
 Concurrent Workers: 1
 Concurrent Refinement Workers: 4
 Periodic GC: Disabled
Heap:
 garbage-first heap   total 163840K, used 133209K [0x0000000741800000, 0x0000000800000000)
  region size 2048K, 21 young (43008K), 1 survivors (2048K)
 Metaspace       used 53025K, capacity 53399K, committed 53680K, reserved 1095680K
  class space    used 7202K, capacity 7332K, committed 7424K, reserved 1048576K
GC Heap History (20 events):
Event: 31.496 GC heap before
{Heap before GC invocations=23 (full 0):
 garbage-first heap   total 151552K, used 109908K [0x0000000741800000, 0x0000000800000000)
  region size 2048K, 14 young (28672K), 2 survivors (4096K)
 Metaspace       used 44150K, capacity 44446K, committed 44848K, reserved 1087488K
  class space    used 5880K, capacity 5980K, committed 6016K, reserved 1048576K
}
Event: 31.504 GC heap after
{Heap after GC invocations=24 (full 0):
 garbage-first heap   total 151552K, used 89239K [0x0000000741800000, 0x0000000800000000)
  region size 2048K, 2 young (4096K), 2 survivors (4096K)
 Metaspace       used 44150K, capacity 44446K, committed 44848K, reserved 1087488K
  class space    used 5880K, capacity 5980K, committed 6016K, reserved 1048576K
}
Event: 33.112 GC heap before
{Heap before GC invocations=24 (full 0):
 garbage-first heap   total 151552K, used 113815K [0x0000000741800000, 0x0000000800000000)
  region size 2048K, 15 young (30720K), 2 survivors (4096K)
 Metaspace       used 50646K, capacity 51019K, committed 51376K, reserved 1093632K
  class space    used 6972K, capacity 7097K, committed 7168K, reserved 1048576K
}
Event: 33.123 GC heap after
{Heap after GC invocations=25 (full 0):
 garbage-first heap   total 151552K, used 93101K [0x0000000741800000, 0x0000000800000000)
  region size 2048K, 2 young (4096K), 2 survivors (4096K)
 Metaspace       used 50646K, capacity 51019K, committed 51376K, reserved 1093632K
  class space    used 6972K, capacity 7097K, committed 7168K, reserved 1048576K
}
Event: 103.454 GC heap before
{Heap before GC invocations=26 (full 0):
 garbage-first heap   total 161792K, used 117677K [0x0000000741800000, 0x0000000800000000)
  region size 2048K, 14 young (28672K), 2 survivors (4096K)
 Metaspace       used 51635K, capacity 52044K, committed 52528K, reserved 1095680K
  class space    used 7074K, capacity 7225K, committed 7296K, reserved 1048576K
}
Event: 103.460 GC heap after
{Heap after GC invocations=27 (full 0):
 garbage-first heap   total 161792K, used 94562K [0x0000000741800000, 0x0000000800000000)
  region size 2048K, 1 young (2048K), 1 survivors (2048K)
 Metaspace       used 51635K, capacity 52044K, committed 52528K, reserved 1095680K
  class space    used 7074K, capacity 7225K, committed 7296K, reserved 1048576K
}
Event: 273.589 GC heap before
{Heap before GC invocations=27 (full 0):
 garbage-first heap   total 161792K, used 127330K [0x0000000741800000, 0x0000000800000000)
  region size 2048K, 17 young (34816K), 1 survivors (2048K)
 Metaspace       used 51635K, capacity 52044K, committed 52528K, reserved 1095680K
  class space    used 7074K, capacity 7225K, committed 7296K, reserved 1048576K
}
Event: 273.592 GC heap after
{Heap after GC invocations=28 (full 0):
 garbage-first heap   total 161792K, used 94287K [0x0000000741800000, 0x0000000800000000)
  region size 2048K, 1 young (2048K), 1 survivors (2048K)
 Metaspace       used 51635K, capacity 52044K, committed 52528K, reserved 1095680K
  class space    used 7074K, capacity 7225K, committed 7296K, reserved 1048576K
}
Event: 453.537 GC heap before
{Heap before GC invocations=29 (full 0):
 garbage-first heap   total 163840K, used 129103K [0x0000000741800000, 0x0000000800000000)
  region size 2048K, 18 young (36864K), 1 survivors (2048K)
 Metaspace       used 51659K, capacity 52108K, committed 52528K, reserved 1095680K
  class space    used 7074K, capacity 7225K, committed 7296K, reserved 1048576K
}
Event: 453.540 GC heap after
{Heap after GC invocations=30 (full 0):
 garbage-first heap   total 163840K, used 94251K [0x0000000741800000, 0x0000000800000000)
  region size 2048K, 1 young (2048K), 1 survivors (2048K)
 Metaspace       used 51659K, capacity 52108K, committed 52528K, reserved 1095680K
  class space    used 7074K, capacity 7225K, committed 7296K, reserved 1048576K
}
Event: 656.659 GC heap before
{Heap before GC invocations=30 (full 0):
 garbage-first heap   total 163840K, used 133163K [0x0000000741800000, 0x0000000800000000)
  region size 2048K, 20 young (40960K), 1 survivors (2048K)
 Metaspace       used 51659K, capacity 52108K, committed 52528K, reserved 1095680K
  class space    used 7074K, capacity 7225K, committed 7296K, reserved 1048576K
}
Event: 656.661 GC heap after
{Heap after GC invocations=31 (full 0):
 garbage-first heap   total 163840K, used 94233K [0x0000000741800000, 0x0000000800000000)
  region size 2048K, 1 young (2048K), 1 survivors (2048K)
 Metaspace       used 51659K, capacity 52108K, committed 52528K, reserved 1095680K
  class space    used 7074K, capacity 7225K, committed 7296K, reserved 1048576K
}
Event: 870.476 GC heap before
{Heap before GC invocations=32 (full 0):
 garbage-first heap   total 163840K, used 135193K [0x0000000741800000, 0x0000000800000000)
  region size 2048K, 21 young (43008K), 1 survivors (2048K)
 Metaspace       used 51659K, capacity 52108K, committed 52528K, reserved 1095680K
  class space    used 7074K, capacity 7225K, committed 7296K, reserved 1048576K
}
Event: 870.479 GC heap after
{Heap after GC invocations=33 (full 0):
 garbage-first heap   total 163840K, used 94216K [0x0000000741800000, 0x0000000800000000)
  region size 2048K, 1 young (2048K), 1 survivors (2048K)
 Metaspace       used 51659K, capacity 52108K, committed 52528K, reserved 1095680K
  class space    used 7074K, capacity 7225K, committed 7296K, reserved 1048576K
}
Event: 1025.372 GC heap before
{Heap before GC invocations=33 (full 0):
 garbage-first heap   total 163840K, used 137224K [0x0000000741800000, 0x0000000800000000)
  region size 2048K, 22 young (45056K), 1 survivors (2048K)
 Metaspace       used 51895K, capacity 52300K, committed 52784K, reserved 1095680K
  class space    used 7075K, capacity 7225K, committed 7296K, reserved 1048576K
}
Event: 1025.376 GC heap after
{Heap after GC invocations=34 (full 0):
 garbage-first heap   total 163840K, used 94294K [0x0000000741800000, 0x0000000800000000)
  region size 2048K, 1 young (2048K), 1 survivors (2048K)
 Metaspace       used 51895K, capacity 52300K, committed 52784K, reserved 1095680K
  class space    used 7075K, capacity 7225K, committed 7296K, reserved 1048576K
}
Event: 1168.314 GC heap before
{Heap before GC invocations=35 (full 0):
 garbage-first heap   total 163840K, used 139350K [0x0000000741800000, 0x0000000800000000)
  region size 2048K, 23 young (47104K), 1 survivors (2048K)
 Metaspace       used 51990K, capacity 52374K, committed 52784K, reserved 1095680K
  class space    used 7075K, capacity 7226K, committed 7296K, reserved 1048576K
}
Event: 1168.318 GC heap after
{Heap after GC invocations=36 (full 0):
 garbage-first heap   total 163840K, used 94308K [0x0000000741800000, 0x0000000800000000)
  region size 2048K, 1 young (2048K), 1 survivors (2048K)
 Metaspace       used 51990K, capacity 52374K, committed 52784K, reserved 1095680K
  class space    used 7075K, capacity 7226K, committed 7296K, reserved 1048576K
}
Event: 1411.935 GC heap before
{Heap before GC invocations=36 (full 0):
 garbage-first heap   total 163840K, used 141412K [0x0000000741800000, 0x0000000800000000)
  region size 2048K, 24 young (49152K), 1 survivors (2048K)
 Metaspace       used 51993K, capacity 52374K, committed 52784K, reserved 1095680K
  class space    used 7075K, capacity 7226K, committed 7296K, reserved 1048576K
}
Event: 1411.938 GC heap after
{Heap after GC invocations=37 (full 0):
 garbage-first heap   total 163840K, used 94297K [0x0000000741800000, 0x0000000800000000)
  region size 2048K, 1 young (2048K), 1 survivors (2048K)
 Metaspace       used 51993K, capacity 52374K, committed 52784K, reserved 1095680K
  class space    used 7075K, capacity 7226K, committed 7296K, reserved 1048576K
}

