# JRE version: Java(TM) SE Runtime Environment (15.0.2+7) (build 15.0.2+7-27)
# Java VM: Java HotSpot(TM) 64-Bit Server VM (15.0.2+7-27, mixed mode, sharing, tiered, compressed oops, g1 gc, windows-amd64)
GC Precious Log:
 CPUs: 4 total, 4 available
 Memory: 12188M
 Large Page Support: Disabled
 NUMA Support: Disabled
 Compressed Oops: Enabled (Zero based)
 Heap Region Size: 2M
 Heap Min Capacity: 8M
 Heap Initial Capacity: 192M
 Heap Max Capacity: 3048M
 Pre-touch: Disabled
 Parallel Workers: 4
 Concurrent Workers: 1
 Concurrent Refinement Workers: 4
 Periodic GC: Disabled
Heap:
 garbage-first heap   total 264192K, used 155268K [0x0000000741800000, 0x0000000800000000)
  region size 2048K, 2 young (4096K), 1 survivors (2048K)
 Metaspace       used 71632K, capacity 72236K, committed 72272K, reserved 1112064K
  class space    used 9730K, capacity 9921K, committed 9932K, reserved 1048576K
GC Heap History (20 events):
Event: 85.465 GC heap before
{Heap before GC invocations=28 (full 0):
 garbage-first heap   total 204800K, used 163271K [0x0000000741800000, 0x0000000800000000)
  region size 2048K, 23 young (47104K), 3 survivors (6144K)
 Metaspace       used 51543K, capacity 51917K, committed 52176K, reserved 1093632K
  class space    used 7011K, capacity 7161K, committed 7244K, reserved 1048576K
}
Event: 85.473 GC heap after
{Heap after GC invocations=29 (full 0):
 garbage-first heap   total 204800K, used 127122K [0x0000000741800000, 0x0000000800000000)
  region size 2048K, 3 young (6144K), 3 survivors (6144K)
 Metaspace       used 51543K, capacity 51917K, committed 52176K, reserved 1093632K
  class space    used 7011K, capacity 7161K, committed 7244K, reserved 1048576K
}
Event: 150.491 GC heap before
{Heap before GC invocations=30 (full 0):
 garbage-first heap   total 219136K, used 166034K [0x0000000741800000, 0x0000000800000000)
  region size 2048K, 22 young (45056K), 3 survivors (6144K)
 Metaspace       used 52201K, capacity 52526K, committed 52816K, reserved 1095680K
  class space    used 7123K, capacity 7257K, committed 7372K, reserved 1048576K
}
Event: 150.500 GC heap after
{Heap after GC invocations=31 (full 0):
 garbage-first heap   total 219136K, used 131151K [0x0000000741800000, 0x0000000800000000)
  region size 2048K, 3 young (6144K), 3 survivors (6144K)
 Metaspace       used 52201K, capacity 52526K, committed 52816K, reserved 1095680K
  class space    used 7123K, capacity 7257K, committed 7372K, reserved 1048576K
}
Event: 291.680 GC heap before
{Heap before GC invocations=31 (full 0):
 garbage-first heap   total 219136K, used 178255K [0x0000000741800000, 0x0000000800000000)
  region size 2048K, 26 young (53248K), 3 survivors (6144K)
 Metaspace       used 52718K, capacity 53045K, committed 53328K, reserved 1095680K
  class space    used 7200K, capacity 7322K, committed 7372K, reserved 1048576K
}
Event: 291.685 GC heap after
{Heap after GC invocations=32 (full 0):
 garbage-first heap   total 219136K, used 132762K [0x0000000741800000, 0x0000000800000000)
  region size 2048K, 1 young (2048K), 1 survivors (2048K)
 Metaspace       used 52718K, capacity 53045K, committed 53328K, reserved 1095680K
  class space    used 7200K, capacity 7322K, committed 7372K, reserved 1048576K
}
Event: 294.820 GC heap before
{Heap before GC invocations=33 (full 0):
 garbage-first heap   total 229376K, used 179866K [0x0000000741800000, 0x0000000800000000)
  region size 2048K, 24 young (49152K), 1 survivors (2048K)
 Metaspace       used 63342K, capacity 63872K, committed 63952K, reserved 1103872K
  class space    used 8566K, capacity 8739K, committed 8780K, reserved 1048576K
}
Event: 294.827 GC heap after
{Heap after GC invocations=34 (full 0):
 garbage-first heap   total 229376K, used 135898K [0x0000000741800000, 0x0000000800000000)
  region size 2048K, 3 young (6144K), 3 survivors (6144K)
 Metaspace       used 63342K, capacity 63872K, committed 63952K, reserved 1103872K
  class space    used 8566K, capacity 8739K, committed 8780K, reserved 1048576K
}
Event: 294.842 GC heap before
{Heap before GC invocations=34 (full 0):
 garbage-first heap   total 229376K, used 135898K [0x0000000741800000, 0x0000000800000000)
  region size 2048K, 4 young (8192K), 3 survivors (6144K)
 Metaspace       used 63770K, capacity 64288K, committed 64592K, reserved 1105920K
  class space    used 8614K, capacity 8771K, committed 8908K, reserved 1048576K
}
Event: 294.846 GC heap after
{Heap after GC invocations=35 (full 0):
 garbage-first heap   total 229376K, used 136325K [0x0000000741800000, 0x0000000800000000)
  region size 2048K, 2 young (4096K), 2 survivors (4096K)
 Metaspace       used 63770K, capacity 64288K, committed 64592K, reserved 1105920K
  class space    used 8614K, capacity 8771K, committed 8908K, reserved 1048576K
}
Event: 317.672 GC heap before
{Heap before GC invocations=36 (full 0):
 garbage-first heap   total 239616K, used 193669K [0x0000000741800000, 0x0000000800000000)
  region size 2048K, 29 young (59392K), 2 survivors (4096K)
 Metaspace       used 68397K, capacity 68959K, committed 69328K, reserved 1110016K
  class space    used 9232K, capacity 9427K, committed 9548K, reserved 1048576K
}
Event: 317.684 GC heap after
{Heap after GC invocations=37 (full 0):
 garbage-first heap   total 239616K, used 148117K [0x0000000741800000, 0x0000000800000000)
  region size 2048K, 4 young (8192K), 4 survivors (8192K)
 Metaspace       used 68397K, capacity 68959K, committed 69328K, reserved 1110016K
  class space    used 9232K, capacity 9427K, committed 9548K, reserved 1048576K
}
Event: 437.984 GC heap before
{Heap before GC invocations=37 (full 0):
 garbage-first heap   total 239616K, used 195221K [0x0000000741800000, 0x0000000800000000)
  region size 2048K, 27 young (55296K), 4 survivors (8192K)
 Metaspace       used 69364K, capacity 70015K, committed 70096K, reserved 1110016K
  class space    used 9300K, capacity 9523K, committed 9548K, reserved 1048576K
}
Event: 437.994 GC heap after
{Heap after GC invocations=38 (full 0):
 garbage-first heap   total 239616K, used 151177K [0x0000000741800000, 0x0000000800000000)
  region size 2048K, 2 young (4096K), 2 survivors (4096K)
 Metaspace       used 69364K, capacity 70015K, committed 70096K, reserved 1110016K
  class space    used 9300K, capacity 9523K, committed 9548K, reserved 1048576K
}
Event: 469.466 GC heap before
{Heap before GC invocations=39 (full 0):
 garbage-first heap   total 260096K, used 196233K [0x0000000741800000, 0x0000000800000000)
  region size 2048K, 24 young (49152K), 2 survivors (4096K)
 Metaspace       used 70061K, capacity 70655K, committed 70736K, reserved 1110016K
  class space    used 9443K, capacity 9651K, committed 9676K, reserved 1048576K
}
Event: 469.472 GC heap after
{Heap after GC invocations=40 (full 0):
 garbage-first heap   total 260096K, used 154246K [0x0000000741800000, 0x0000000800000000)
  region size 2048K, 3 young (6144K), 3 survivors (6144K)
 Metaspace       used 70061K, capacity 70655K, committed 70736K, reserved 1110016K
  class space    used 9443K, capacity 9651K, committed 9676K, reserved 1048576K
}
Event: 578.013 GC heap before
{Heap before GC invocations=40 (full 0):
 garbage-first heap   total 260096K, used 213638K [0x0000000741800000, 0x0000000800000000)
  region size 2048K, 32 young (65536K), 3 survivors (6144K)
 Metaspace       used 71176K, capacity 71746K, committed 72016K, reserved 1112064K
  class space    used 9653K, capacity 9844K, committed 9932K, reserved 1048576K
}
Event: 578.021 GC heap after
{Heap after GC invocations=41 (full 0):
 garbage-first heap   total 260096K, used 159113K [0x0000000741800000, 0x0000000800000000)
  region size 2048K, 3 young (6144K), 3 survivors (6144K)
 Metaspace       used 71176K, capacity 71746K, committed 72016K, reserved 1112064K
  class space    used 9653K, capacity 9844K, committed 9932K, reserved 1048576K
}
Event: 656.737 GC heap before
{Heap before GC invocations=42 (full 0):
 garbage-first heap   total 264192K, used 206217K [0x0000000741800000, 0x0000000800000000)
  region size 2048K, 29 young (59392K), 3 survivors (6144K)
 Metaspace       used 71520K, capacity 72130K, committed 72272K, reserved 1112064K
  class space    used 9711K, capacity 9908K, committed 9932K, reserved 1048576K
}
Event: 656.741 GC heap after
{Heap after GC invocations=43 (full 0):
 garbage-first heap   total 264192K, used 151172K [0x0000000741800000, 0x0000000800000000)
  region size 2048K, 1 young (2048K), 1 survivors (2048K)
 Metaspace       used 71520K, capacity 72130K, committed 72272K, reserved 1112064K
  class space    used 9711K, capacity 9908K, committed 9932K, reserved 1048576K
}

