# JRE version: Java(TM) SE Runtime Environment (15.0.2+7) (build 15.0.2+7-27)
# Java VM: Java HotSpot(TM) 64-Bit Server VM (15.0.2+7-27, mixed mode, sharing, tiered, compressed oops, g1 gc, windows-amd64)
GC Precious Log:
 CPUs: 4 total, 4 available
 Memory: 3996M
 Large Page Support: Disabled
 NUMA Support: Disabled
 Compressed Oops: Enabled (32-bit)
 Heap Region Size: 1M
 Heap Min Capacity: 8M
 Heap Initial Capacity: 64M
 Heap Max Capacity: 1000M
 Pre-touch: Disabled
 Parallel Workers: 4
 Concurrent Workers: 1
 Concurrent Refinement Workers: 4
 Periodic GC: Disabled
Heap:
 garbage-first heap   total 153600K, used 101234K [0x00000000c1800000, 0x0000000100000000)
  region size 1024K, 15 young (15360K), 4 survivors (4096K)
 Metaspace       used 45149K, capacity 45502K, committed 45872K, reserved 1089536K
  class space    used 6059K, capacity 6205K, committed 6272K, reserved 1048576K
GC Heap History (20 events):
Event: 8.680 GC heap before
{Heap before GC invocations=9 (full 0):
 garbage-first heap   total 83968K, used 57295K [0x00000000c1800000, 0x0000000100000000)
  region size 1024K, 25 young (25600K), 3 survivors (3072K)
 Metaspace       used 30783K, capacity 30969K, committed 31408K, reserved 1077248K
  class space    used 3709K, capacity 3786K, committed 3840K, reserved 1048576K
}
Event: 8.690 GC heap after
{Heap after GC invocations=10 (full 0):
 garbage-first heap   total 83968K, used 39936K [0x00000000c1800000, 0x0000000100000000)
  region size 1024K, 4 young (4096K), 4 survivors (4096K)
 Metaspace       used 30783K, capacity 30969K, committed 31408K, reserved 1077248K
  class space    used 3709K, capacity 3786K, committed 3840K, reserved 1048576K
}
Event: 11.202 GC heap before
{Heap before GC invocations=10 (full 0):
 garbage-first heap   total 83968K, used 59392K [0x00000000c1800000, 0x0000000100000000)
  region size 1024K, 24 young (24576K), 4 survivors (4096K)
 Metaspace       used 33558K, capacity 33853K, committed 34480K, reserved 1079296K
  class space    used 4144K, capacity 4267K, committed 4352K, reserved 1048576K
}
Event: 11.211 GC heap after
{Heap after GC invocations=11 (full 0):
 garbage-first heap   total 83968K, used 44201K [0x00000000c1800000, 0x0000000100000000)
  region size 1024K, 3 young (3072K), 3 survivors (3072K)
 Metaspace       used 33558K, capacity 33853K, committed 34480K, reserved 1079296K
  class space    used 4144K, capacity 4267K, committed 4352K, reserved 1048576K
}
Event: 13.382 GC heap before
{Heap before GC invocations=11 (full 0):
 garbage-first heap   total 83968K, used 58537K [0x00000000c1800000, 0x0000000100000000)
  region size 1024K, 18 young (18432K), 3 survivors (3072K)
 Metaspace       used 35175K, capacity 35422K, committed 35888K, reserved 1081344K
  class space    used 4500K, capacity 4619K, committed 4736K, reserved 1048576K
}
Event: 13.389 GC heap after
{Heap after GC invocations=12 (full 0):
 garbage-first heap   total 83968K, used 47806K [0x00000000c1800000, 0x0000000100000000)
  region size 1024K, 3 young (3072K), 3 survivors (3072K)
 Metaspace       used 35175K, capacity 35422K, committed 35888K, reserved 1081344K
  class space    used 4500K, capacity 4619K, committed 4736K, reserved 1048576K
}
Event: 14.460 GC heap before
{Heap before GC invocations=13 (full 0):
 garbage-first heap   total 83968K, used 63166K [0x00000000c1800000, 0x0000000100000000)
  region size 1024K, 19 young (19456K), 3 survivors (3072K)
 Metaspace       used 38534K, capacity 38814K, committed 39344K, reserved 1083392K
  class space    used 4988K, capacity 5109K, committed 5120K, reserved 1048576K
}
Event: 14.467 GC heap after
{Heap after GC invocations=14 (full 0):
 garbage-first heap   total 83968K, used 50843K [0x00000000c1800000, 0x0000000100000000)
  region size 1024K, 3 young (3072K), 3 survivors (3072K)
 Metaspace       used 38534K, capacity 38814K, committed 39344K, reserved 1083392K
  class space    used 4988K, capacity 5109K, committed 5120K, reserved 1048576K
}
Event: 15.167 GC heap before
{Heap before GC invocations=14 (full 0):
 garbage-first heap   total 83968K, used 64155K [0x00000000c1800000, 0x0000000100000000)
  region size 1024K, 17 young (17408K), 3 survivors (3072K)
 Metaspace       used 40116K, capacity 40462K, committed 40880K, reserved 1085440K
  class space    used 5217K, capacity 5337K, committed 5376K, reserved 1048576K
}
Event: 15.174 GC heap after
{Heap after GC invocations=15 (full 0):
 garbage-first heap   total 83968K, used 54691K [0x00000000c1800000, 0x0000000100000000)
  region size 1024K, 3 young (3072K), 3 survivors (3072K)
 Metaspace       used 40116K, capacity 40462K, committed 40880K, reserved 1085440K
  class space    used 5217K, capacity 5337K, committed 5376K, reserved 1048576K
}
Event: 15.714 GC heap before
{Heap before GC invocations=16 (full 0):
 garbage-first heap   total 96256K, used 64931K [0x00000000c1800000, 0x0000000100000000)
  region size 1024K, 14 young (14336K), 3 survivors (3072K)
 Metaspace       used 40586K, capacity 40878K, committed 41264K, reserved 1085440K
  class space    used 5321K, capacity 5433K, committed 5504K, reserved 1048576K
}
Event: 15.721 GC heap after
{Heap after GC invocations=17 (full 0):
 garbage-first heap   total 96256K, used 58653K [0x00000000c1800000, 0x0000000100000000)
  region size 1024K, 2 young (2048K), 2 survivors (2048K)
 Metaspace       used 40586K, capacity 40878K, committed 41264K, reserved 1085440K
  class space    used 5321K, capacity 5433K, committed 5504K, reserved 1048576K
}
Event: 16.336 GC heap before
{Heap before GC invocations=17 (full 0):
 garbage-first heap   total 96256K, used 70941K [0x00000000c1800000, 0x0000000100000000)
  region size 1024K, 15 young (15360K), 2 survivors (2048K)
 Metaspace       used 41060K, capacity 41326K, committed 41904K, reserved 1085440K
  class space    used 5451K, capacity 5561K, committed 5632K, reserved 1048576K
}
Event: 16.341 GC heap after
{Heap after GC invocations=18 (full 0):
 garbage-first heap   total 96256K, used 63086K [0x00000000c1800000, 0x0000000100000000)
  region size 1024K, 3 young (3072K), 3 survivors (3072K)
 Metaspace       used 41060K, capacity 41326K, committed 41904K, reserved 1085440K
  class space    used 5451K, capacity 5561K, committed 5632K, reserved 1048576K
}
Event: 16.582 GC heap before
{Heap before GC invocations=19 (full 0):
 garbage-first heap   total 138240K, used 83566K [0x00000000c1800000, 0x0000000100000000)
  region size 1024K, 15 young (15360K), 3 survivors (3072K)
 Metaspace       used 41202K, capacity 41486K, committed 41904K, reserved 1085440K
  class space    used 5485K, capacity 5593K, committed 5632K, reserved 1048576K
}
Event: 16.586 GC heap after
{Heap after GC invocations=20 (full 0):
 garbage-first heap   total 138240K, used 73328K [0x00000000c1800000, 0x0000000100000000)
  region size 1024K, 1 young (1024K), 1 survivors (1024K)
 Metaspace       used 41202K, capacity 41486K, committed 41904K, reserved 1085440K
  class space    used 5485K, capacity 5593K, committed 5632K, reserved 1048576K
}
Event: 17.402 GC heap before
{Heap before GC invocations=20 (full 0):
 garbage-first heap   total 138240K, used 104048K [0x00000000c1800000, 0x0000000100000000)
  region size 1024K, 31 young (31744K), 1 survivors (1024K)
 Metaspace       used 41956K, capacity 42223K, committed 42672K, reserved 1085440K
  class space    used 5691K, capacity 5817K, committed 5888K, reserved 1048576K
}
Event: 17.409 GC heap after
{Heap after GC invocations=21 (full 0):
 garbage-first heap   total 138240K, used 82524K [0x00000000c1800000, 0x0000000100000000)
  region size 1024K, 4 young (4096K), 4 survivors (4096K)
 Metaspace       used 41956K, capacity 42223K, committed 42672K, reserved 1085440K
  class space    used 5691K, capacity 5817K, committed 5888K, reserved 1048576K
}
Event: 18.022 GC heap before
{Heap before GC invocations=22 (full 0):
 garbage-first heap   total 145408K, used 92764K [0x00000000c1800000, 0x0000000100000000)
  region size 1024K, 16 young (16384K), 4 survivors (4096K)
 Metaspace       used 42976K, capacity 43279K, committed 43824K, reserved 1087488K
  class space    used 5797K, capacity 5913K, committed 6016K, reserved 1048576K
}
Event: 18.029 GC heap after
{Heap after GC invocations=23 (full 0):
 garbage-first heap   total 145408K, used 86898K [0x00000000c1800000, 0x0000000100000000)
  region size 1024K, 4 young (4096K), 4 survivors (4096K)
 Metaspace       used 42976K, capacity 43279K, committed 43824K, reserved 1087488K
  class space    used 5797K, capacity 5913K, committed 6016K, reserved 1048576K
}

