# JRE version: Java(TM) SE Runtime Environment (15.0.2+7) (build 15.0.2+7-27)
# Java VM: Java HotSpot(TM) 64-Bit Server VM (15.0.2+7-27, mixed mode, sharing, tiered, compressed oops, g1 gc, windows-amd64)
GC Precious Log:
 CPUs: 4 total, 4 available
 Memory: 3996M
 Large Page Support: Disabled
 NUMA Support: Disabled
 Compressed Oops: Enabled (32-bit)
 Heap Region Size: 1M
 Heap Min Capacity: 8M
 Heap Initial Capacity: 64M
 Heap Max Capacity: 1000M
 Pre-touch: Disabled
 Parallel Workers: 4
 Concurrent Workers: 1
 Concurrent Refinement Workers: 4
 Periodic GC: Disabled
Heap:
 garbage-first heap   total 145408K, used 93863K [0x00000000c1800000, 0x0000000100000000)
  region size 1024K, 14 young (14336K), 4 survivors (4096K)
 Metaspace       used 45516K, capacity 45822K, committed 46208K, reserved 1089536K
  class space    used 6088K, capacity 6205K, committed 6272K, reserved 1048576K
GC Heap History (20 events):
Event: 9.752 GC heap before
{Heap before GC invocations=8 (full 0):
 garbage-first heap   total 75776K, used 52670K [0x00000000c1800000, 0x0000000100000000)
  region size 1024K, 25 young (25600K), 4 survivors (4096K)
 Metaspace       used 33907K, capacity 34141K, committed 34560K, reserved 1079296K
  class space    used 4121K, capacity 4235K, committed 4352K, reserved 1048576K
}
Event: 9.762 GC heap after
{Heap after GC invocations=9 (full 0):
 garbage-first heap   total 75776K, used 37421K [0x00000000c1800000, 0x0000000100000000)
  region size 1024K, 4 young (4096K), 4 survivors (4096K)
 Metaspace       used 33907K, capacity 34141K, committed 34560K, reserved 1079296K
  class space    used 4121K, capacity 4235K, committed 4352K, reserved 1048576K
}
Event: 11.777 GC heap before
{Heap before GC invocations=9 (full 0):
 garbage-first heap   total 75776K, used 50733K [0x00000000c1800000, 0x0000000100000000)
  region size 1024K, 18 young (18432K), 4 survivors (4096K)
 Metaspace       used 35215K, capacity 35454K, committed 35840K, reserved 1081344K
  class space    used 4426K, capacity 4523K, committed 4608K, reserved 1048576K
}
Event: 11.786 GC heap after
{Heap after GC invocations=10 (full 0):
 garbage-first heap   total 75776K, used 40951K [0x00000000c1800000, 0x0000000100000000)
  region size 1024K, 3 young (3072K), 3 survivors (3072K)
 Metaspace       used 35215K, capacity 35454K, committed 35840K, reserved 1081344K
  class space    used 4426K, capacity 4523K, committed 4608K, reserved 1048576K
}
Event: 13.021 GC heap before
{Heap before GC invocations=11 (full 0):
 garbage-first heap   total 75776K, used 56311K [0x00000000c1800000, 0x0000000100000000)
  region size 1024K, 18 young (18432K), 3 survivors (3072K)
 Metaspace       used 37794K, capacity 38063K, committed 38656K, reserved 1083392K
  class space    used 4897K, capacity 5008K, committed 5120K, reserved 1048576K
}
Event: 13.029 GC heap after
{Heap after GC invocations=12 (full 0):
 garbage-first heap   total 75776K, used 43960K [0x00000000c1800000, 0x0000000100000000)
  region size 1024K, 3 young (3072K), 3 survivors (3072K)
 Metaspace       used 37794K, capacity 38063K, committed 38656K, reserved 1083392K
  class space    used 4897K, capacity 5008K, committed 5120K, reserved 1048576K
}
Event: 13.795 GC heap before
{Heap before GC invocations=12 (full 0):
 garbage-first heap   total 75776K, used 57272K [0x00000000c1800000, 0x0000000100000000)
  region size 1024K, 17 young (17408K), 3 survivors (3072K)
 Metaspace       used 40575K, capacity 40875K, committed 41216K, reserved 1085440K
  class space    used 5248K, capacity 5368K, committed 5376K, reserved 1048576K
}
Event: 13.803 GC heap after
{Heap after GC invocations=13 (full 0):
 garbage-first heap   total 75776K, used 47041K [0x00000000c1800000, 0x0000000100000000)
  region size 1024K, 3 young (3072K), 3 survivors (3072K)
 Metaspace       used 40575K, capacity 40875K, committed 41216K, reserved 1085440K
  class space    used 5248K, capacity 5368K, committed 5376K, reserved 1048576K
}
Event: 14.259 GC heap before
{Heap before GC invocations=14 (full 0):
 garbage-first heap   total 81920K, used 59329K [0x00000000c1800000, 0x0000000100000000)
  region size 1024K, 15 young (15360K), 3 survivors (3072K)
 Metaspace       used 41153K, capacity 41422K, committed 41856K, reserved 1085440K
  class space    used 5340K, capacity 5465K, committed 5504K, reserved 1048576K
}
Event: 14.265 GC heap after
{Heap after GC invocations=15 (full 0):
 garbage-first heap   total 81920K, used 50560K [0x00000000c1800000, 0x0000000100000000)
  region size 1024K, 2 young (2048K), 2 survivors (2048K)
 Metaspace       used 41153K, capacity 41422K, committed 41856K, reserved 1085440K
  class space    used 5340K, capacity 5465K, committed 5504K, reserved 1048576K
}
Event: 14.634 GC heap before
{Heap before GC invocations=15 (full 0):
 garbage-first heap   total 81920K, used 62848K [0x00000000c1800000, 0x0000000100000000)
  region size 1024K, 15 young (15360K), 2 survivors (2048K)
 Metaspace       used 41670K, capacity 41934K, committed 42240K, reserved 1085440K
  class space    used 5481K, capacity 5593K, committed 5632K, reserved 1048576K
}
Event: 14.640 GC heap after
{Heap after GC invocations=16 (full 0):
 garbage-first heap   total 81920K, used 55421K [0x00000000c1800000, 0x0000000100000000)
  region size 1024K, 2 young (2048K), 2 survivors (2048K)
 Metaspace       used 41670K, capacity 41934K, committed 42240K, reserved 1085440K
  class space    used 5481K, capacity 5593K, committed 5632K, reserved 1048576K
}
Event: 14.825 GC heap before
{Heap before GC invocations=17 (full 0):
 garbage-first heap   total 99328K, used 59517K [0x00000000c1800000, 0x0000000100000000)
  region size 1024K, 7 young (7168K), 2 survivors (2048K)
 Metaspace       used 41815K, capacity 42094K, committed 42496K, reserved 1085440K
  class space    used 5524K, capacity 5625K, committed 5632K, reserved 1048576K
}
Event: 14.831 GC heap after
{Heap after GC invocations=18 (full 0):
 garbage-first heap   total 99328K, used 56965K [0x00000000c1800000, 0x0000000100000000)
  region size 1024K, 2 young (2048K), 2 survivors (2048K)
 Metaspace       used 41815K, capacity 42094K, committed 42496K, reserved 1085440K
  class space    used 5524K, capacity 5625K, committed 5632K, reserved 1048576K
}
Event: 15.175 GC heap before
{Heap before GC invocations=19 (full 0):
 garbage-first heap   total 132096K, used 82565K [0x00000000c1800000, 0x0000000100000000)
  region size 1024K, 19 young (19456K), 2 survivors (2048K)
 Metaspace       used 42115K, capacity 42382K, committed 42880K, reserved 1087488K
  class space    used 5595K, capacity 5721K, committed 5760K, reserved 1048576K
}
Event: 15.180 GC heap after
{Heap after GC invocations=20 (full 0):
 garbage-first heap   total 132096K, used 68378K [0x00000000c1800000, 0x0000000100000000)
  region size 1024K, 3 young (3072K), 3 survivors (3072K)
 Metaspace       used 42115K, capacity 42382K, committed 42880K, reserved 1087488K
  class space    used 5595K, capacity 5721K, committed 5760K, reserved 1048576K
}
Event: 16.006 GC heap before
{Heap before GC invocations=20 (full 0):
 garbage-first heap   total 132096K, used 99098K [0x00000000c1800000, 0x0000000100000000)
  region size 1024K, 33 young (33792K), 3 survivors (3072K)
 Metaspace       used 42804K, capacity 43087K, committed 43648K, reserved 1087488K
  class space    used 5788K, capacity 5913K, committed 6016K, reserved 1048576K
}
Event: 16.013 GC heap after
{Heap after GC invocations=21 (full 0):
 garbage-first heap   total 132096K, used 76923K [0x00000000c1800000, 0x0000000100000000)
  region size 1024K, 5 young (5120K), 5 survivors (5120K)
 Metaspace       used 42804K, capacity 43087K, committed 43648K, reserved 1087488K
  class space    used 5788K, capacity 5913K, committed 6016K, reserved 1048576K
}
Event: 16.481 GC heap before
{Heap before GC invocations=22 (full 0):
 garbage-first heap   total 135168K, used 83067K [0x00000000c1800000, 0x0000000100000000)
  region size 1024K, 13 young (13312K), 5 survivors (5120K)
 Metaspace       used 43769K, capacity 44047K, committed 44416K, reserved 1087488K
  class space    used 5876K, capacity 5977K, committed 6016K, reserved 1048576K
}
Event: 16.486 GC heap after
{Heap after GC invocations=23 (full 0):
 garbage-first heap   total 135168K, used 80551K [0x00000000c1800000, 0x0000000100000000)
  region size 1024K, 4 young (4096K), 4 survivors (4096K)
 Metaspace       used 43769K, capacity 44047K, committed 44416K, reserved 1087488K
  class space    used 5876K, capacity 5977K, committed 6016K, reserved 1048576K
}

