# JRE version: Java(TM) SE Runtime Environment (15.0.2+7) (build 15.0.2+7-27)
# Java VM: Java HotSpot(TM) 64-Bit Server VM (15.0.2+7-27, mixed mode, sharing, tiered, compressed oops, g1 gc, windows-amd64)
GC Precious Log:
 CPUs: 4 total, 4 available
 Memory: 12188M
 Large Page Support: Disabled
 NUMA Support: Disabled
 Compressed Oops: Enabled (Zero based)
 Heap Region Size: 2M
 Heap Min Capacity: 8M
 Heap Initial Capacity: 192M
 Heap Max Capacity: 3048M
 Pre-touch: Disabled
 Parallel Workers: 4
 Concurrent Workers: 1
 Concurrent Refinement Workers: 4
 Periodic GC: Disabled
Heap:
 garbage-first heap   total 141312K, used 89454K [0x0000000741800000, 0x0000000800000000)
  region size 2048K, 3 young (6144K), 2 survivors (4096K)
 Metaspace       used 50712K, capacity 51112K, committed 51376K, reserved 1093632K
  class space    used 6932K, capacity 7081K, committed 7168K, reserved 1048576K
GC Heap History (20 events):
Event: 9.231 GC heap before
{Heap before GC invocations=7 (full 0):
 garbage-first heap   total 102400K, used 63049K [0x0000000741800000, 0x0000000800000000)
  region size 2048K, 18 young (36864K), 4 survivors (8192K)
 Metaspace       used 33384K, capacity 33613K, committed 34096K, reserved 1079296K
  class space    used 4101K, capacity 4204K, committed 4224K, reserved 1048576K
}
Event: 9.243 GC heap after
{Heap after GC invocations=8 (full 0):
 garbage-first heap   total 102400K, used 43054K [0x0000000741800000, 0x0000000800000000)
  region size 2048K, 3 young (6144K), 3 survivors (6144K)
 Metaspace       used 33384K, capacity 33613K, committed 34096K, reserved 1079296K
  class space    used 4101K, capacity 4204K, committed 4224K, reserved 1048576K
}
Event: 11.521 GC heap before
{Heap before GC invocations=8 (full 0):
 garbage-first heap   total 102400K, used 57390K [0x0000000741800000, 0x0000000800000000)
  region size 2048K, 11 young (22528K), 3 survivors (6144K)
 Metaspace       used 35158K, capacity 35374K, committed 35888K, reserved 1081344K
  class space    used 4513K, capacity 4620K, committed 4736K, reserved 1048576K
}
Event: 11.529 GC heap after
{Heap after GC invocations=9 (full 0):
 garbage-first heap   total 102400K, used 46752K [0x0000000741800000, 0x0000000800000000)
  region size 2048K, 2 young (4096K), 2 survivors (4096K)
 Metaspace       used 35158K, capacity 35374K, committed 35888K, reserved 1081344K
  class space    used 4513K, capacity 4620K, committed 4736K, reserved 1048576K
}
Event: 13.036 GC heap before
{Heap before GC invocations=10 (full 0):
 garbage-first heap   total 102400K, used 69280K [0x0000000741800000, 0x0000000800000000)
  region size 2048K, 14 young (28672K), 2 survivors (4096K)
 Metaspace       used 39986K, capacity 40277K, committed 40880K, reserved 1085440K
  class space    used 5236K, capacity 5336K, committed 5376K, reserved 1048576K
}
Event: 13.047 GC heap after
{Heap after GC invocations=11 (full 0):
 garbage-first heap   total 102400K, used 50865K [0x0000000741800000, 0x0000000800000000)
  region size 2048K, 2 young (4096K), 2 survivors (4096K)
 Metaspace       used 39986K, capacity 40277K, committed 40880K, reserved 1085440K
  class space    used 5236K, capacity 5336K, committed 5376K, reserved 1048576K
}
Event: 13.592 GC heap before
{Heap before GC invocations=11 (full 0):
 garbage-first heap   total 102400K, used 75441K [0x0000000741800000, 0x0000000800000000)
  region size 2048K, 14 young (28672K), 2 survivors (4096K)
 Metaspace       used 41069K, capacity 41342K, committed 41904K, reserved 1085440K
  class space    used 5438K, capacity 5562K, committed 5632K, reserved 1048576K
}
Event: 13.601 GC heap after
{Heap after GC invocations=12 (full 0):
 garbage-first heap   total 102400K, used 58715K [0x0000000741800000, 0x0000000800000000)
  region size 2048K, 2 young (4096K), 2 survivors (4096K)
 Metaspace       used 41069K, capacity 41342K, committed 41904K, reserved 1085440K
  class space    used 5438K, capacity 5562K, committed 5632K, reserved 1048576K
}
Event: 14.044 GC heap before
{Heap before GC invocations=13 (full 0):
 garbage-first heap   total 102400K, used 77147K [0x0000000741800000, 0x0000000800000000)
  region size 2048K, 11 young (22528K), 2 survivors (4096K)
 Metaspace       used 41728K, capacity 42014K, committed 42544K, reserved 1085440K
  class space    used 5610K, capacity 5722K, committed 5760K, reserved 1048576K
}
Event: 14.050 GC heap after
{Heap after GC invocations=14 (full 0):
 garbage-first heap   total 102400K, used 65153K [0x0000000741800000, 0x0000000800000000)
  region size 2048K, 2 young (4096K), 2 survivors (4096K)
 Metaspace       used 41728K, capacity 42014K, committed 42544K, reserved 1085440K
  class space    used 5610K, capacity 5722K, committed 5760K, reserved 1048576K
}
Event: 14.308 GC heap before
{Heap before GC invocations=14 (full 0):
 garbage-first heap   total 102400K, used 77441K [0x0000000741800000, 0x0000000800000000)
  region size 2048K, 9 young (18432K), 2 survivors (4096K)
 Metaspace       used 42061K, capacity 42367K, committed 42928K, reserved 1087488K
  class space    used 5699K, capacity 5818K, committed 5888K, reserved 1048576K
}
Event: 14.314 GC heap after
{Heap after GC invocations=15 (full 0):
 garbage-first heap   total 102400K, used 69468K [0x0000000741800000, 0x0000000800000000)
  region size 2048K, 2 young (4096K), 2 survivors (4096K)
 Metaspace       used 42061K, capacity 42367K, committed 42928K, reserved 1087488K
  class space    used 5699K, capacity 5818K, committed 5888K, reserved 1048576K
}
Event: 14.615 GC heap before
{Heap before GC invocations=16 (full 0):
 garbage-first heap   total 122880K, used 81756K [0x0000000741800000, 0x0000000800000000)
  region size 2048K, 8 young (16384K), 2 survivors (4096K)
 Metaspace       used 42338K, capacity 42623K, committed 43184K, reserved 1087488K
  class space    used 5776K, capacity 5882K, committed 5888K, reserved 1048576K
}
Event: 14.620 GC heap after
{Heap after GC invocations=17 (full 0):
 garbage-first heap   total 122880K, used 73224K [0x0000000741800000, 0x0000000800000000)
  region size 2048K, 1 young (2048K), 1 survivors (2048K)
 Metaspace       used 42338K, capacity 42623K, committed 43184K, reserved 1087488K
  class space    used 5776K, capacity 5882K, committed 5888K, reserved 1048576K
}
Event: 14.984 GC heap before
{Heap before GC invocations=17 (full 0):
 garbage-first heap   total 122880K, used 81416K [0x0000000741800000, 0x0000000800000000)
  region size 2048K, 7 young (14336K), 1 survivors (2048K)
 Metaspace       used 43395K, capacity 43711K, committed 44080K, reserved 1087488K
  class space    used 5888K, capacity 6010K, committed 6016K, reserved 1048576K
}
Event: 14.988 GC heap after
{Heap after GC invocations=18 (full 0):
 garbage-first heap   total 122880K, used 77660K [0x0000000741800000, 0x0000000800000000)
  region size 2048K, 2 young (4096K), 2 survivors (4096K)
 Metaspace       used 43395K, capacity 43711K, committed 44080K, reserved 1087488K
  class space    used 5888K, capacity 6010K, committed 6016K, reserved 1048576K
}
Event: 22.632 GC heap before
{Heap before GC invocations=19 (full 0):
 garbage-first heap   total 141312K, used 98140K [0x0000000741800000, 0x0000000800000000)
  region size 2048K, 10 young (20480K), 2 survivors (4096K)
 Metaspace       used 46331K, capacity 46635K, committed 47024K, reserved 1089536K
  class space    used 6261K, capacity 6365K, committed 6400K, reserved 1048576K
}
Event: 22.637 GC heap after
{Heap after GC invocations=20 (full 0):
 garbage-first heap   total 141312K, used 83342K [0x0000000741800000, 0x0000000800000000)
  region size 2048K, 1 young (2048K), 1 survivors (2048K)
 Metaspace       used 46331K, capacity 46635K, committed 47024K, reserved 1089536K
  class space    used 6261K, capacity 6365K, committed 6400K, reserved 1048576K
}
Event: 29.494 GC heap before
{Heap before GC invocations=20 (full 0):
 garbage-first heap   total 141312K, used 103822K [0x0000000741800000, 0x0000000800000000)
  region size 2048K, 12 young (24576K), 1 survivors (2048K)
 Metaspace       used 50656K, capacity 51024K, committed 51376K, reserved 1093632K
  class space    used 6921K, capacity 7073K, committed 7168K, reserved 1048576K
}
Event: 29.501 GC heap after
{Heap after GC invocations=21 (full 0):
 garbage-first heap   total 141312K, used 85358K [0x0000000741800000, 0x0000000800000000)
  region size 2048K, 2 young (4096K), 2 survivors (4096K)
 Metaspace       used 50656K, capacity 51024K, committed 51376K, reserved 1093632K
  class space    used 6921K, capacity 7073K, committed 7168K, reserved 1048576K
}

