# JRE version: Java(TM) SE Runtime Environment (15.0.2+7) (build 15.0.2+7-27)
# Java VM: Java HotSpot(TM) 64-Bit Server VM (15.0.2+7-27, mixed mode, sharing, tiered, compressed oops, g1 gc, windows-amd64)
GC Precious Log:
 CPUs: 4 total, 4 available
 Memory: 12188M
 Large Page Support: Disabled
 NUMA Support: Disabled
 Compressed Oops: Enabled (Zero based)
 Heap Region Size: 2M
 Heap Min Capacity: 8M
 Heap Initial Capacity: 192M
 Heap Max Capacity: 3048M
 Pre-touch: Disabled
 Parallel Workers: 4
 Concurrent Workers: 1
 Concurrent Refinement Workers: 4
 Periodic GC: Disabled
Heap:
 garbage-first heap   total 274432K, used 146903K [0x0000000741800000, 0x0000000800000000)
  region size 2048K, 4 young (8192K), 3 survivors (6144K)
 Metaspace       used 54398K, capacity 54842K, committed 55472K, reserved 1097728K
  class space    used 7164K, capacity 7304K, committed 7424K, reserved 1048576K
GC Heap History (20 events):
Event: 61839.912 GC heap before
{Heap before GC invocations=238 (full 0):
 garbage-first heap   total 233472K, used 196143K [0x0000000741800000, 0x0000000800000000)
  region size 2048K, 36 young (73728K), 5 survivors (10240K)
 Metaspace       used 53398K, capacity 53735K, committed 54320K, reserved 1095680K
  class space    used 7024K, capacity 7153K, committed 7296K, reserved 1048576K
}
Event: 61839.927 GC heap after
{Heap after GC invocations=239 (full 0):
 garbage-first heap   total 233472K, used 137665K [0x0000000741800000, 0x0000000800000000)
  region size 2048K, 3 young (6144K), 3 survivors (6144K)
 Metaspace       used 53398K, capacity 53735K, committed 54320K, reserved 1095680K
  class space    used 7024K, capacity 7153K, committed 7296K, reserved 1048576K
}
Event: 61840.242 GC heap before
{Heap before GC invocations=240 (full 0):
 garbage-first heap   total 274432K, used 197057K [0x0000000741800000, 0x0000000800000000)
  region size 2048K, 32 young (65536K), 3 survivors (6144K)
 Metaspace       used 53401K, capacity 53735K, committed 54320K, reserved 1095680K
  class space    used 7024K, capacity 7153K, committed 7296K, reserved 1048576K
}
Event: 61840.252 GC heap after
{Heap after GC invocations=241 (full 0):
 garbage-first heap   total 274432K, used 140310K [0x0000000741800000, 0x0000000800000000)
  region size 2048K, 2 young (4096K), 2 survivors (4096K)
 Metaspace       used 53401K, capacity 53735K, committed 54320K, reserved 1095680K
  class space    used 7024K, capacity 7153K, committed 7296K, reserved 1048576K
}
Event: 61932.043 GC heap before
{Heap before GC invocations=241 (full 0):
 garbage-first heap   total 274432K, used 230422K [0x0000000741800000, 0x0000000800000000)
  region size 2048K, 46 young (94208K), 2 survivors (4096K)
 Metaspace       used 54111K, capacity 54414K, committed 54960K, reserved 1097728K
  class space    used 7137K, capacity 7250K, committed 7424K, reserved 1048576K
}
Event: 61932.056 GC heap after
{Heap after GC invocations=242 (full 0):
 garbage-first heap   total 274432K, used 144885K [0x0000000741800000, 0x0000000800000000)
  region size 2048K, 4 young (8192K), 4 survivors (8192K)
 Metaspace       used 54111K, capacity 54414K, committed 54960K, reserved 1097728K
  class space    used 7137K, capacity 7250K, committed 7424K, reserved 1048576K
}
Event: 62379.181 GC heap before
{Heap before GC invocations=243 (full 0):
 garbage-first heap   total 274432K, used 228853K [0x0000000741800000, 0x0000000800000000)
  region size 2048K, 46 young (94208K), 4 survivors (8192K)
 Metaspace       used 54111K, capacity 54414K, committed 54960K, reserved 1097728K
  class space    used 7137K, capacity 7250K, committed 7424K, reserved 1048576K
}
Event: 62379.191 GC heap after
{Heap after GC invocations=244 (full 0):
 garbage-first heap   total 274432K, used 142628K [0x0000000741800000, 0x0000000800000000)
  region size 2048K, 3 young (6144K), 3 survivors (6144K)
 Metaspace       used 54111K, capacity 54414K, committed 54960K, reserved 1097728K
  class space    used 7137K, capacity 7250K, committed 7424K, reserved 1048576K
}
Event: 62844.327 GC heap before
{Heap before GC invocations=244 (full 0):
 garbage-first heap   total 274432K, used 230692K [0x0000000741800000, 0x0000000800000000)
  region size 2048K, 46 young (94208K), 3 survivors (6144K)
 Metaspace       used 54111K, capacity 54414K, committed 54960K, reserved 1097728K
  class space    used 7137K, capacity 7250K, committed 7424K, reserved 1048576K
}
Event: 62844.333 GC heap after
{Heap after GC invocations=245 (full 0):
 garbage-first heap   total 274432K, used 142657K [0x0000000741800000, 0x0000000800000000)
  region size 2048K, 3 young (6144K), 3 survivors (6144K)
 Metaspace       used 54111K, capacity 54414K, committed 54960K, reserved 1097728K
  class space    used 7137K, capacity 7250K, committed 7424K, reserved 1048576K
}
Event: 63320.757 GC heap before
{Heap before GC invocations=246 (full 0):
 garbage-first heap   total 274432K, used 232769K [0x0000000741800000, 0x0000000800000000)
  region size 2048K, 47 young (96256K), 3 survivors (6144K)
 Metaspace       used 54111K, capacity 54414K, committed 54960K, reserved 1097728K
  class space    used 7137K, capacity 7250K, committed 7424K, reserved 1048576K
}
Event: 63320.763 GC heap after
{Heap after GC invocations=247 (full 0):
 garbage-first heap   total 274432K, used 142590K [0x0000000741800000, 0x0000000800000000)
  region size 2048K, 3 young (6144K), 3 survivors (6144K)
 Metaspace       used 54111K, capacity 54414K, committed 54960K, reserved 1097728K
  class space    used 7137K, capacity 7250K, committed 7424K, reserved 1048576K
}
Event: 63808.054 GC heap before
{Heap before GC invocations=247 (full 0):
 garbage-first heap   total 274432K, used 234750K [0x0000000741800000, 0x0000000800000000)
  region size 2048K, 48 young (98304K), 3 survivors (6144K)
 Metaspace       used 54111K, capacity 54414K, committed 54960K, reserved 1097728K
  class space    used 7137K, capacity 7250K, committed 7424K, reserved 1048576K
}
Event: 63808.059 GC heap after
{Heap after GC invocations=248 (full 0):
 garbage-first heap   total 274432K, used 142801K [0x0000000741800000, 0x0000000800000000)
  region size 2048K, 3 young (6144K), 3 survivors (6144K)
 Metaspace       used 54111K, capacity 54414K, committed 54960K, reserved 1097728K
  class space    used 7137K, capacity 7250K, committed 7424K, reserved 1048576K
}
Event: 64304.918 GC heap before
{Heap before GC invocations=249 (full 0):
 garbage-first heap   total 274432K, used 237009K [0x0000000741800000, 0x0000000800000000)
  region size 2048K, 49 young (100352K), 3 survivors (6144K)
 Metaspace       used 54111K, capacity 54414K, committed 54960K, reserved 1097728K
  class space    used 7137K, capacity 7250K, committed 7424K, reserved 1048576K
}
Event: 64304.924 GC heap after
{Heap after GC invocations=250 (full 0):
 garbage-first heap   total 274432K, used 142796K [0x0000000741800000, 0x0000000800000000)
  region size 2048K, 3 young (6144K), 3 survivors (6144K)
 Metaspace       used 54111K, capacity 54414K, committed 54960K, reserved 1097728K
  class space    used 7137K, capacity 7250K, committed 7424K, reserved 1048576K
}
Event: 64785.397 GC heap before
{Heap before GC invocations=250 (full 0):
 garbage-first heap   total 274432K, used 237004K [0x0000000741800000, 0x0000000800000000)
  region size 2048K, 49 young (100352K), 3 survivors (6144K)
 Metaspace       used 54113K, capacity 54414K, committed 54960K, reserved 1097728K
  class space    used 7137K, capacity 7250K, committed 7424K, reserved 1048576K
}
Event: 64785.403 GC heap after
{Heap after GC invocations=251 (full 0):
 garbage-first heap   total 274432K, used 142792K [0x0000000741800000, 0x0000000800000000)
  region size 2048K, 3 young (6144K), 3 survivors (6144K)
 Metaspace       used 54113K, capacity 54414K, committed 54960K, reserved 1097728K
  class space    used 7137K, capacity 7250K, committed 7424K, reserved 1048576K
}
Event: 64804.644 GC heap before
{Heap before GC invocations=252 (full 0):
 garbage-first heap   total 274432K, used 157128K [0x0000000741800000, 0x0000000800000000)
  region size 2048K, 11 young (22528K), 3 survivors (6144K)
 Metaspace       used 54302K, capacity 54616K, committed 55216K, reserved 1097728K
  class space    used 7146K, capacity 7251K, committed 7424K, reserved 1048576K
}
Event: 64804.651 GC heap after
{Heap after GC invocations=253 (full 0):
 garbage-first heap   total 274432K, used 142807K [0x0000000741800000, 0x0000000800000000)
  region size 2048K, 3 young (6144K), 3 survivors (6144K)
 Metaspace       used 54302K, capacity 54616K, committed 55216K, reserved 1097728K
  class space    used 7146K, capacity 7251K, committed 7424K, reserved 1048576K
}

