# JRE version: Java(TM) SE Runtime Environment (15.0.2+7) (build 15.0.2+7-27)
# Java VM: Java HotSpot(TM) 64-Bit Server VM (15.0.2+7-27, mixed mode, sharing, tiered, compressed oops, g1 gc, windows-amd64)
GC Precious Log:
 CPUs: 4 total, 4 available
 Memory: 3996M
 Large Page Support: Disabled
 NUMA Support: Disabled
 Compressed Oops: Enabled (32-bit)
 Heap Region Size: 1M
 Heap Min Capacity: 8M
 Heap Initial Capacity: 64M
 Heap Max Capacity: 1000M
 Pre-touch: Disabled
 Parallel Workers: 4
 Concurrent Workers: 1
 Concurrent Refinement Workers: 4
 Periodic GC: Disabled
Heap:
 garbage-first heap   total 143360K, used 89328K [0x00000000c1800000, 0x0000000100000000)
  region size 1024K, 10 young (10240K), 4 survivors (4096K)
 Metaspace       used 45049K, capacity 45397K, committed 45872K, reserved 1089536K
  class space    used 6047K, capacity 6171K, committed 6272K, reserved 1048576K
GC Heap History (20 events):
Event: 8.890 GC heap before
{Heap before GC invocations=9 (full 0):
 garbage-first heap   total 78848K, used 53134K [0x00000000c1800000, 0x0000000100000000)
  region size 1024K, 27 young (27648K), 3 survivors (3072K)
 Metaspace       used 32090K, capacity 32412K, committed 32816K, reserved 1079296K
  class space    used 3823K, capacity 3947K, committed 3968K, reserved 1048576K
}
Event: 8.906 GC heap after
{Heap after GC invocations=10 (full 0):
 garbage-first heap   total 78848K, used 35840K [0x00000000c1800000, 0x0000000100000000)
  region size 1024K, 4 young (4096K), 4 survivors (4096K)
 Metaspace       used 32090K, capacity 32412K, committed 32816K, reserved 1079296K
  class space    used 3823K, capacity 3947K, committed 3968K, reserved 1048576K
}
Event: 11.667 GC heap before
{Heap before GC invocations=10 (full 0):
 garbage-first heap   total 78848K, used 55296K [0x00000000c1800000, 0x0000000100000000)
  region size 1024K, 24 young (24576K), 4 survivors (4096K)
 Metaspace       used 34952K, capacity 35293K, committed 35760K, reserved 1081344K
  class space    used 4368K, capacity 4491K, committed 4608K, reserved 1048576K
}
Event: 11.676 GC heap after
{Heap after GC invocations=11 (full 0):
 garbage-first heap   total 78848K, used 39570K [0x00000000c1800000, 0x0000000100000000)
  region size 1024K, 3 young (3072K), 3 survivors (3072K)
 Metaspace       used 34952K, capacity 35293K, committed 35760K, reserved 1081344K
  class space    used 4368K, capacity 4491K, committed 4608K, reserved 1048576K
}
Event: 13.057 GC heap before
{Heap before GC invocations=11 (full 0):
 garbage-first heap   total 78848K, used 56978K [0x00000000c1800000, 0x0000000100000000)
  region size 1024K, 21 young (21504K), 3 survivors (3072K)
 Metaspace       used 37719K, capacity 38063K, committed 38576K, reserved 1083392K
  class space    used 4889K, capacity 5008K, committed 5120K, reserved 1048576K
}
Event: 13.068 GC heap after
{Heap after GC invocations=12 (full 0):
 garbage-first heap   total 78848K, used 43654K [0x00000000c1800000, 0x0000000100000000)
  region size 1024K, 3 young (3072K), 3 survivors (3072K)
 Metaspace       used 37719K, capacity 38063K, committed 38576K, reserved 1083392K
  class space    used 4889K, capacity 5008K, committed 5120K, reserved 1048576K
}
Event: 14.033 GC heap before
{Heap before GC invocations=13 (full 0):
 garbage-first heap   total 78848K, used 59014K [0x00000000c1800000, 0x0000000100000000)
  region size 1024K, 19 young (19456K), 3 survivors (3072K)
 Metaspace       used 40611K, capacity 40942K, committed 41392K, reserved 1085440K
  class space    used 5247K, capacity 5369K, committed 5376K, reserved 1048576K
}
Event: 14.043 GC heap after
{Heap after GC invocations=14 (full 0):
 garbage-first heap   total 78848K, used 47481K [0x00000000c1800000, 0x0000000100000000)
  region size 1024K, 3 young (3072K), 3 survivors (3072K)
 Metaspace       used 40611K, capacity 40942K, committed 41392K, reserved 1085440K
  class space    used 5247K, capacity 5369K, committed 5376K, reserved 1048576K
}
Event: 14.498 GC heap before
{Heap before GC invocations=14 (full 0):
 garbage-first heap   total 78848K, used 60793K [0x00000000c1800000, 0x0000000100000000)
  region size 1024K, 16 young (16384K), 3 survivors (3072K)
 Metaspace       used 41215K, capacity 41582K, committed 42032K, reserved 1085440K
  class space    used 5362K, capacity 5497K, committed 5504K, reserved 1048576K
}
Event: 14.504 GC heap after
{Heap after GC invocations=15 (full 0):
 garbage-first heap   total 78848K, used 51567K [0x00000000c1800000, 0x0000000100000000)
  region size 1024K, 2 young (2048K), 2 survivors (2048K)
 Metaspace       used 41215K, capacity 41582K, committed 42032K, reserved 1085440K
  class space    used 5362K, capacity 5497K, committed 5504K, reserved 1048576K
}
Event: 14.934 GC heap before
{Heap before GC invocations=16 (full 0):
 garbage-first heap   total 92160K, used 60783K [0x00000000c1800000, 0x0000000100000000)
  region size 1024K, 12 young (12288K), 2 survivors (2048K)
 Metaspace       used 41598K, capacity 41934K, committed 42416K, reserved 1085440K
  class space    used 5469K, capacity 5593K, committed 5632K, reserved 1048576K
}
Event: 14.940 GC heap after
{Heap after GC invocations=17 (full 0):
 garbage-first heap   total 92160K, used 55494K [0x00000000c1800000, 0x0000000100000000)
  region size 1024K, 2 young (2048K), 2 survivors (2048K)
 Metaspace       used 41598K, capacity 41934K, committed 42416K, reserved 1085440K
  class space    used 5469K, capacity 5593K, committed 5632K, reserved 1048576K
}
Event: 15.071 GC heap before
{Heap before GC invocations=17 (full 0):
 garbage-first heap   total 92160K, used 59590K [0x00000000c1800000, 0x0000000100000000)
  region size 1024K, 7 young (7168K), 2 survivors (2048K)
 Metaspace       used 41748K, capacity 42094K, committed 42416K, reserved 1085440K
  class space    used 5515K, capacity 5625K, committed 5632K, reserved 1048576K
}
Event: 15.076 GC heap after
{Heap after GC invocations=18 (full 0):
 garbage-first heap   total 92160K, used 57202K [0x00000000c1800000, 0x0000000100000000)
  region size 1024K, 2 young (2048K), 2 survivors (2048K)
 Metaspace       used 41748K, capacity 42094K, committed 42416K, reserved 1085440K
  class space    used 5515K, capacity 5625K, committed 5632K, reserved 1048576K
}
Event: 15.333 GC heap before
{Heap before GC invocations=19 (full 0):
 garbage-first heap   total 132096K, used 78706K [0x00000000c1800000, 0x0000000100000000)
  region size 1024K, 15 young (15360K), 2 survivors (2048K)
 Metaspace       used 41899K, capacity 42222K, committed 42544K, reserved 1085440K
  class space    used 5554K, capacity 5689K, committed 5760K, reserved 1048576K
}
Event: 15.338 GC heap after
{Heap after GC invocations=20 (full 0):
 garbage-first heap   total 132096K, used 67285K [0x00000000c1800000, 0x0000000100000000)
  region size 1024K, 1 young (1024K), 1 survivors (1024K)
 Metaspace       used 41899K, capacity 42222K, committed 42544K, reserved 1085440K
  class space    used 5554K, capacity 5689K, committed 5760K, reserved 1048576K
}
Event: 16.243 GC heap before
{Heap before GC invocations=20 (full 0):
 garbage-first heap   total 132096K, used 98005K [0x00000000c1800000, 0x0000000100000000)
  region size 1024K, 32 young (32768K), 1 survivors (1024K)
 Metaspace       used 42698K, capacity 42991K, committed 43440K, reserved 1087488K
  class space    used 5760K, capacity 5881K, committed 5888K, reserved 1048576K
}
Event: 16.249 GC heap after
{Heap after GC invocations=21 (full 0):
 garbage-first heap   total 132096K, used 76192K [0x00000000c1800000, 0x0000000100000000)
  region size 1024K, 4 young (4096K), 4 survivors (4096K)
 Metaspace       used 42698K, capacity 42991K, committed 43440K, reserved 1087488K
  class space    used 5760K, capacity 5881K, committed 5888K, reserved 1048576K
}
Event: 16.835 GC heap before
{Heap before GC invocations=22 (full 0):
 garbage-first heap   total 135168K, used 85408K [0x00000000c1800000, 0x0000000100000000)
  region size 1024K, 15 young (15360K), 4 survivors (4096K)
 Metaspace       used 43716K, capacity 44047K, committed 44336K, reserved 1087488K
  class space    used 5867K, capacity 5977K, committed 6016K, reserved 1048576K
}
Event: 16.840 GC heap after
{Heap after GC invocations=23 (full 0):
 garbage-first heap   total 135168K, used 80112K [0x00000000c1800000, 0x0000000100000000)
  region size 1024K, 4 young (4096K), 4 survivors (4096K)
 Metaspace       used 43716K, capacity 44047K, committed 44336K, reserved 1087488K
  class space    used 5867K, capacity 5977K, committed 6016K, reserved 1048576K
}

