# JRE version: Java(TM) SE Runtime Environment (15.0.2+7) (build 15.0.2+7-27)
# Java VM: Java HotSpot(TM) 64-Bit Server VM (15.0.2+7-27, mixed mode, sharing, tiered, compressed oops, g1 gc, windows-amd64)
GC Precious Log:
 CPUs: 20 total, 20 available
 Memory: 16155M
 Large Page Support: Disabled
 NUMA Support: Disabled
 Compressed Oops: Enabled (Zero based)
 Heap Region Size: 2M
 Heap Min Capacity: 8M
 Heap Initial Capacity: 254M
 Heap Max Capacity: 4040M
 Pre-touch: Disabled
 Parallel Workers: 15
 Concurrent Workers: 4
 Concurrent Refinement Workers: 15
 Periodic GC: Disabled
Heap:
 garbage-first heap   total 190464K, used 97149K [0x0000000703800000, 0x0000000800000000)
  region size 2048K, 8 young (16384K), 1 survivors (2048K)
 Metaspace       used 53095K, capacity 53513K, committed 53808K, reserved 1095680K
  class space    used 7086K, capacity 7234K, committed 7296K, reserved 1048576K
GC Heap History (20 events):
Event: 39.647 GC heap before
{Heap before GC invocations=80 (full 0):
 garbage-first heap   total 190464K, used 159677K [0x0000000703800000, 0x0000000800000000)
  region size 2048K, 33 young (67584K), 1 survivors (2048K)
 Metaspace       used 52769K, capacity 53153K, committed 53552K, reserved 1095680K
  class space    used 7066K, capacity 7224K, committed 7296K, reserved 1048576K
}
Event: 39.649 GC heap after
{Heap after GC invocations=81 (full 0):
 garbage-first heap   total 190464K, used 95090K [0x0000000703800000, 0x0000000800000000)
  region size 2048K, 2 young (4096K), 2 survivors (4096K)
 Metaspace       used 52769K, capacity 53153K, committed 53552K, reserved 1095680K
  class space    used 7066K, capacity 7224K, committed 7296K, reserved 1048576K
}
Event: 40.007 GC heap before
{Heap before GC invocations=82 (full 0):
 garbage-first heap   total 190464K, used 158578K [0x0000000703800000, 0x0000000800000000)
  region size 2048K, 33 young (67584K), 2 survivors (4096K)
 Metaspace       used 52769K, capacity 53153K, committed 53552K, reserved 1095680K
  class space    used 7066K, capacity 7224K, committed 7296K, reserved 1048576K
}
Event: 40.009 GC heap after
{Heap after GC invocations=83 (full 0):
 garbage-first heap   total 190464K, used 94424K [0x0000000703800000, 0x0000000800000000)
  region size 2048K, 1 young (2048K), 1 survivors (2048K)
 Metaspace       used 52769K, capacity 53153K, committed 53552K, reserved 1095680K
  class space    used 7066K, capacity 7224K, committed 7296K, reserved 1048576K
}
Event: 40.040 GC heap before
{Heap before GC invocations=83 (full 0):
 garbage-first heap   total 190464K, used 100568K [0x0000000703800000, 0x0000000800000000)
  region size 2048K, 4 young (8192K), 1 survivors (2048K)
 Metaspace       used 52769K, capacity 53153K, committed 53552K, reserved 1095680K
  class space    used 7066K, capacity 7224K, committed 7296K, reserved 1048576K
}
Event: 40.044 GC heap after
{Heap after GC invocations=84 (full 0):
 garbage-first heap   total 190464K, used 85426K [0x0000000703800000, 0x0000000800000000)
  region size 2048K, 1 young (2048K), 1 survivors (2048K)
 Metaspace       used 52769K, capacity 53153K, committed 53552K, reserved 1095680K
  class space    used 7066K, capacity 7224K, committed 7296K, reserved 1048576K
}
Event: 40.480 GC heap before
{Heap before GC invocations=84 (full 0):
 garbage-first heap   total 190464K, used 163250K [0x0000000703800000, 0x0000000800000000)
  region size 2048K, 39 young (79872K), 1 survivors (2048K)
 Metaspace       used 52769K, capacity 53153K, committed 53552K, reserved 1095680K
  class space    used 7066K, capacity 7224K, committed 7296K, reserved 1048576K
}
Event: 40.482 GC heap after
{Heap after GC invocations=85 (full 0):
 garbage-first heap   total 190464K, used 84930K [0x0000000703800000, 0x0000000800000000)
  region size 2048K, 1 young (2048K), 1 survivors (2048K)
 Metaspace       used 52769K, capacity 53153K, committed 53552K, reserved 1095680K
  class space    used 7066K, capacity 7224K, committed 7296K, reserved 1048576K
}
Event: 40.908 GC heap before
{Heap before GC invocations=85 (full 0):
 garbage-first heap   total 190464K, used 162754K [0x0000000703800000, 0x0000000800000000)
  region size 2048K, 39 young (79872K), 1 survivors (2048K)
 Metaspace       used 52770K, capacity 53153K, committed 53552K, reserved 1095680K
  class space    used 7066K, capacity 7224K, committed 7296K, reserved 1048576K
}
Event: 40.909 GC heap after
{Heap after GC invocations=86 (full 0):
 garbage-first heap   total 190464K, used 85584K [0x0000000703800000, 0x0000000800000000)
  region size 2048K, 1 young (2048K), 1 survivors (2048K)
 Metaspace       used 52770K, capacity 53153K, committed 53552K, reserved 1095680K
  class space    used 7066K, capacity 7224K, committed 7296K, reserved 1048576K
}
Event: 41.342 GC heap before
{Heap before GC invocations=86 (full 0):
 garbage-first heap   total 190464K, used 163408K [0x0000000703800000, 0x0000000800000000)
  region size 2048K, 39 young (79872K), 1 survivors (2048K)
 Metaspace       used 52770K, capacity 53153K, committed 53552K, reserved 1095680K
  class space    used 7066K, capacity 7224K, committed 7296K, reserved 1048576K
}
Event: 41.343 GC heap after
{Heap after GC invocations=87 (full 0):
 garbage-first heap   total 190464K, used 85109K [0x0000000703800000, 0x0000000800000000)
  region size 2048K, 1 young (2048K), 1 survivors (2048K)
 Metaspace       used 52770K, capacity 53153K, committed 53552K, reserved 1095680K
  class space    used 7066K, capacity 7224K, committed 7296K, reserved 1048576K
}
Event: 41.830 GC heap before
{Heap before GC invocations=87 (full 0):
 garbage-first heap   total 190464K, used 162933K [0x0000000703800000, 0x0000000800000000)
  region size 2048K, 39 young (79872K), 1 survivors (2048K)
 Metaspace       used 52770K, capacity 53153K, committed 53552K, reserved 1095680K
  class space    used 7066K, capacity 7224K, committed 7296K, reserved 1048576K
}
Event: 41.831 GC heap after
{Heap after GC invocations=88 (full 0):
 garbage-first heap   total 190464K, used 84889K [0x0000000703800000, 0x0000000800000000)
  region size 2048K, 1 young (2048K), 1 survivors (2048K)
 Metaspace       used 52770K, capacity 53153K, committed 53552K, reserved 1095680K
  class space    used 7066K, capacity 7224K, committed 7296K, reserved 1048576K
}
Event: 42.470 GC heap before
{Heap before GC invocations=88 (full 0):
 garbage-first heap   total 190464K, used 164761K [0x0000000703800000, 0x0000000800000000)
  region size 2048K, 40 young (81920K), 1 survivors (2048K)
 Metaspace       used 52770K, capacity 53153K, committed 53552K, reserved 1095680K
  class space    used 7066K, capacity 7224K, committed 7296K, reserved 1048576K
}
Event: 42.473 GC heap after
{Heap after GC invocations=89 (full 0):
 garbage-first heap   total 190464K, used 84892K [0x0000000703800000, 0x0000000800000000)
  region size 2048K, 1 young (2048K), 1 survivors (2048K)
 Metaspace       used 52770K, capacity 53153K, committed 53552K, reserved 1095680K
  class space    used 7066K, capacity 7224K, committed 7296K, reserved 1048576K
}
Event: 42.918 GC heap before
{Heap before GC invocations=89 (full 0):
 garbage-first heap   total 190464K, used 164764K [0x0000000703800000, 0x0000000800000000)
  region size 2048K, 40 young (81920K), 1 survivors (2048K)
 Metaspace       used 52770K, capacity 53153K, committed 53552K, reserved 1095680K
  class space    used 7066K, capacity 7224K, committed 7296K, reserved 1048576K
}
Event: 42.919 GC heap after
{Heap after GC invocations=90 (full 0):
 garbage-first heap   total 190464K, used 84868K [0x0000000703800000, 0x0000000800000000)
  region size 2048K, 1 young (2048K), 1 survivors (2048K)
 Metaspace       used 52770K, capacity 53153K, committed 53552K, reserved 1095680K
  class space    used 7066K, capacity 7224K, committed 7296K, reserved 1048576K
}
Event: 43.601 GC heap before
{Heap before GC invocations=90 (full 0):
 garbage-first heap   total 190464K, used 164740K [0x0000000703800000, 0x0000000800000000)
  region size 2048K, 40 young (81920K), 1 survivors (2048K)
 Metaspace       used 52775K, capacity 53153K, committed 53552K, reserved 1095680K
  class space    used 7066K, capacity 7224K, committed 7296K, reserved 1048576K
}
Event: 43.602 GC heap after
{Heap after GC invocations=91 (full 0):
 garbage-first heap   total 190464K, used 84861K [0x0000000703800000, 0x0000000800000000)
  region size 2048K, 1 young (2048K), 1 survivors (2048K)
 Metaspace       used 52775K, capacity 53153K, committed 53552K, reserved 1095680K
  class space    used 7066K, capacity 7224K, committed 7296K, reserved 1048576K
}

