# JRE version: Java(TM) SE Runtime Environment (15.0.2+7) (build 15.0.2+7-27)
# Java VM: Java HotSpot(TM) 64-Bit Server VM (15.0.2+7-27, mixed mode, sharing, tiered, compressed oops, g1 gc, windows-amd64)
GC Precious Log:
 CPUs: 4 total, 4 available
 Memory: 3996M
 Large Page Support: Disabled
 NUMA Support: Disabled
 Compressed Oops: Enabled (32-bit)
 Heap Region Size: 1M
 Heap Min Capacity: 8M
 Heap Initial Capacity: 64M
 Heap Max Capacity: 1000M
 Pre-touch: Disabled
 Parallel Workers: 4
 Concurrent Workers: 1
 Concurrent Refinement Workers: 4
 Periodic GC: Disabled
Heap:
 garbage-first heap   total 152576K, used 101390K [0x00000000c1800000, 0x0000000100000000)
  region size 1024K, 17 young (17408K), 4 survivors (4096K)
 Metaspace       used 45181K, capacity 45501K, committed 46000K, reserved 1089536K
  class space    used 6003K, capacity 6140K, committed 6144K, reserved 1048576K
GC Heap History (20 events):
Event: 15.765 GC heap before
{Heap before GC invocations=12 (full 0):
 garbage-first heap   total 65536K, used 51183K [0x00000000c1800000, 0x0000000100000000)
  region size 1024K, 13 young (13312K), 2 survivors (2048K)
 Metaspace       used 32566K, capacity 32862K, committed 33328K, reserved 1079296K
  class space    used 4030K, capacity 4139K, committed 4224K, reserved 1048576K
}
Event: 15.774 GC heap after
{Heap after GC invocations=13 (full 0):
 garbage-first heap   total 65536K, used 42995K [0x00000000c1800000, 0x0000000100000000)
  region size 1024K, 2 young (2048K), 2 survivors (2048K)
 Metaspace       used 32566K, capacity 32862K, committed 33328K, reserved 1079296K
  class space    used 4030K, capacity 4139K, committed 4224K, reserved 1048576K
}
Event: 16.994 GC heap before
{Heap before GC invocations=14 (full 0):
 garbage-first heap   total 75776K, used 50163K [0x00000000c1800000, 0x0000000100000000)
  region size 1024K, 10 young (10240K), 2 survivors (2048K)
 Metaspace       used 34074K, capacity 34366K, committed 34736K, reserved 1079296K
  class space    used 4206K, capacity 4331K, committed 4352K, reserved 1048576K
}
Event: 16.999 GC heap after
{Heap after GC invocations=15 (full 0):
 garbage-first heap   total 75776K, used 44581K [0x00000000c1800000, 0x0000000100000000)
  region size 1024K, 2 young (2048K), 2 survivors (2048K)
 Metaspace       used 34074K, capacity 34366K, committed 34736K, reserved 1079296K
  class space    used 4206K, capacity 4331K, committed 4352K, reserved 1048576K
}
Event: 19.025 GC heap before
{Heap before GC invocations=15 (full 0):
 garbage-first heap   total 75776K, used 57893K [0x00000000c1800000, 0x0000000100000000)
  region size 1024K, 15 young (15360K), 2 survivors (2048K)
 Metaspace       used 35493K, capacity 35744K, committed 36400K, reserved 1081344K
  class space    used 4519K, capacity 4619K, committed 4736K, reserved 1048576K
}
Event: 19.030 GC heap after
{Heap after GC invocations=16 (full 0):
 garbage-first heap   total 75776K, used 47011K [0x00000000c1800000, 0x0000000100000000)
  region size 1024K, 2 young (2048K), 2 survivors (2048K)
 Metaspace       used 35493K, capacity 35744K, committed 36400K, reserved 1081344K
  class space    used 4519K, capacity 4619K, committed 4736K, reserved 1048576K
}
Event: 19.922 GC heap before
{Heap before GC invocations=17 (full 0):
 garbage-first heap   total 81920K, used 58275K [0x00000000c1800000, 0x0000000100000000)
  region size 1024K, 14 young (14336K), 2 survivors (2048K)
 Metaspace       used 37749K, capacity 38033K, committed 38448K, reserved 1083392K
  class space    used 4872K, capacity 4976K, committed 4992K, reserved 1048576K
}
Event: 19.930 GC heap after
{Heap after GC invocations=18 (full 0):
 garbage-first heap   total 81920K, used 49233K [0x00000000c1800000, 0x0000000100000000)
  region size 1024K, 2 young (2048K), 2 survivors (2048K)
 Metaspace       used 37749K, capacity 38033K, committed 38448K, reserved 1083392K
  class space    used 4872K, capacity 4976K, committed 4992K, reserved 1048576K
}
Event: 20.789 GC heap before
{Heap before GC invocations=18 (full 0):
 garbage-first heap   total 81920K, used 62545K [0x00000000c1800000, 0x0000000100000000)
  region size 1024K, 16 young (16384K), 2 survivors (2048K)
 Metaspace       used 40262K, capacity 40560K, committed 41136K, reserved 1085440K
  class space    used 5190K, capacity 5305K, committed 5376K, reserved 1048576K
}
Event: 20.797 GC heap after
{Heap after GC invocations=19 (full 0):
 garbage-first heap   total 81920K, used 52516K [0x00000000c1800000, 0x0000000100000000)
  region size 1024K, 2 young (2048K), 2 survivors (2048K)
 Metaspace       used 40262K, capacity 40560K, committed 41136K, reserved 1085440K
  class space    used 5190K, capacity 5305K, committed 5376K, reserved 1048576K
}
Event: 21.255 GC heap before
{Heap before GC invocations=20 (full 0):
 garbage-first heap   total 92160K, used 62756K [0x00000000c1800000, 0x0000000100000000)
  region size 1024K, 13 young (13312K), 2 survivors (2048K)
 Metaspace       used 40753K, capacity 41104K, committed 41520K, reserved 1085440K
  class space    used 5282K, capacity 5401K, committed 5504K, reserved 1048576K
}
Event: 21.261 GC heap after
{Heap after GC invocations=21 (full 0):
 garbage-first heap   total 92160K, used 56271K [0x00000000c1800000, 0x0000000100000000)
  region size 1024K, 2 young (2048K), 2 survivors (2048K)
 Metaspace       used 40753K, capacity 41104K, committed 41520K, reserved 1085440K
  class space    used 5282K, capacity 5401K, committed 5504K, reserved 1048576K
}
Event: 21.735 GC heap before
{Heap before GC invocations=21 (full 0):
 garbage-first heap   total 92160K, used 70607K [0x00000000c1800000, 0x0000000100000000)
  region size 1024K, 17 young (17408K), 2 survivors (2048K)
 Metaspace       used 41341K, capacity 41648K, committed 42160K, reserved 1085440K
  class space    used 5442K, capacity 5561K, committed 5632K, reserved 1048576K
}
Event: 21.742 GC heap after
{Heap after GC invocations=22 (full 0):
 garbage-first heap   total 92160K, used 61701K [0x00000000c1800000, 0x0000000100000000)
  region size 1024K, 3 young (3072K), 3 survivors (3072K)
 Metaspace       used 41341K, capacity 41648K, committed 42160K, reserved 1085440K
  class space    used 5442K, capacity 5561K, committed 5632K, reserved 1048576K
}
Event: 21.879 GC heap before
{Heap before GC invocations=22 (full 0):
 garbage-first heap   total 130048K, used 81157K [0x00000000c1800000, 0x0000000100000000)
  region size 1024K, 14 young (14336K), 3 survivors (3072K)
 Metaspace       used 41409K, capacity 41744K, committed 42160K, reserved 1085440K
  class space    used 5460K, capacity 5593K, committed 5632K, reserved 1048576K
}
Event: 21.885 GC heap after
{Heap after GC invocations=23 (full 0):
 garbage-first heap   total 130048K, used 71610K [0x00000000c1800000, 0x0000000100000000)
  region size 1024K, 1 young (1024K), 1 survivors (1024K)
 Metaspace       used 41409K, capacity 41744K, committed 42160K, reserved 1085440K
  class space    used 5460K, capacity 5593K, committed 5632K, reserved 1048576K
}
Event: 22.590 GC heap before
{Heap before GC invocations=24 (full 0):
 garbage-first heap   total 130048K, used 97210K [0x00000000c1800000, 0x0000000100000000)
  region size 1024K, 27 young (27648K), 1 survivors (1024K)
 Metaspace       used 42196K, capacity 42513K, committed 42928K, reserved 1087488K
  class space    used 5653K, capacity 5785K, committed 5888K, reserved 1048576K
}
Event: 22.599 GC heap after
{Heap after GC invocations=25 (full 0):
 garbage-first heap   total 130048K, used 79118K [0x00000000c1800000, 0x0000000100000000)
  region size 1024K, 4 young (4096K), 4 survivors (4096K)
 Metaspace       used 42196K, capacity 42513K, committed 42928K, reserved 1087488K
  class space    used 5653K, capacity 5785K, committed 5888K, reserved 1048576K
}
Event: 23.384 GC heap before
{Heap before GC invocations=25 (full 0):
 garbage-first heap   total 130048K, used 96526K [0x00000000c1800000, 0x0000000100000000)
  region size 1024K, 23 young (23552K), 4 survivors (4096K)
 Metaspace       used 43409K, capacity 43729K, committed 44336K, reserved 1087488K
  class space    used 5807K, capacity 5913K, committed 6016K, reserved 1048576K
}
Event: 23.395 GC heap after
{Heap after GC invocations=26 (full 0):
 garbage-first heap   total 130048K, used 85006K [0x00000000c1800000, 0x0000000100000000)
  region size 1024K, 4 young (4096K), 4 survivors (4096K)
 Metaspace       used 43409K, capacity 43729K, committed 44336K, reserved 1087488K
  class space    used 5807K, capacity 5913K, committed 6016K, reserved 1048576K
}

