# JRE version: Java(TM) SE Runtime Environment (15.0.2+7) (build 15.0.2+7-27)
# Java VM: Java HotSpot(TM) 64-Bit Server VM (15.0.2+7-27, mixed mode, sharing, tiered, compressed oops, g1 gc, windows-amd64)
GC Precious Log:
 CPUs: 4 total, 4 available
 Memory: 3996M
 Large Page Support: Disabled
 NUMA Support: Disabled
 Compressed Oops: Enabled (32-bit)
 Heap Region Size: 1M
 Heap Min Capacity: 8M
 Heap Initial Capacity: 64M
 Heap Max Capacity: 1000M
 Pre-touch: Disabled
 Parallel Workers: 4
 Concurrent Workers: 1
 Concurrent Refinement Workers: 4
 Periodic GC: Disabled
Heap:
 garbage-first heap   total 152576K, used 98219K [0x00000000c1800000, 0x0000000100000000)
  region size 1024K, 14 young (14336K), 4 survivors (4096K)
 Metaspace       used 44615K, capacity 44958K, committed 45488K, reserved 1089536K
  class space    used 5995K, capacity 6109K, committed 6144K, reserved 1048576K
GC Heap History (20 events):
Event: 20.073 GC heap before
{Heap before GC invocations=10 (full 0):
 garbage-first heap   total 78848K, used 56848K [0x00000000c1800000, 0x0000000100000000)
  region size 1024K, 21 young (21504K), 3 survivors (3072K)
 Metaspace       used 32978K, capacity 33245K, committed 33840K, reserved 1079296K
  class space    used 4025K, capacity 4107K, committed 4224K, reserved 1048576K
}
Event: 20.081 GC heap after
{Heap after GC invocations=11 (full 0):
 garbage-first heap   total 78848K, used 43409K [0x00000000c1800000, 0x0000000100000000)
  region size 1024K, 3 young (3072K), 3 survivors (3072K)
 Metaspace       used 32978K, capacity 33245K, committed 33840K, reserved 1079296K
  class space    used 4025K, capacity 4107K, committed 4224K, reserved 1048576K
}
Event: 22.512 GC heap before
{Heap before GC invocations=12 (full 0):
 garbage-first heap   total 78848K, used 58769K [0x00000000c1800000, 0x0000000100000000)
  region size 1024K, 18 young (18432K), 3 survivors (3072K)
 Metaspace       used 34661K, capacity 34910K, committed 35504K, reserved 1081344K
  class space    used 4419K, capacity 4491K, committed 4608K, reserved 1048576K
}
Event: 22.520 GC heap after
{Heap after GC invocations=13 (full 0):
 garbage-first heap   total 78848K, used 46560K [0x00000000c1800000, 0x0000000100000000)
  region size 1024K, 3 young (3072K), 3 survivors (3072K)
 Metaspace       used 34661K, capacity 34910K, committed 35504K, reserved 1081344K
  class space    used 4419K, capacity 4491K, committed 4608K, reserved 1048576K
}
Event: 23.889 GC heap before
{Heap before GC invocations=13 (full 0):
 garbage-first heap   total 78848K, used 60896K [0x00000000c1800000, 0x0000000100000000)
  region size 1024K, 17 young (17408K), 3 survivors (3072K)
 Metaspace       used 36914K, capacity 37199K, committed 37680K, reserved 1081344K
  class space    used 4805K, capacity 4912K, committed 4992K, reserved 1048576K
}
Event: 23.897 GC heap after
{Heap after GC invocations=14 (full 0):
 garbage-first heap   total 78848K, used 49525K [0x00000000c1800000, 0x0000000100000000)
  region size 1024K, 3 young (3072K), 3 survivors (3072K)
 Metaspace       used 36914K, capacity 37199K, committed 37680K, reserved 1081344K
  class space    used 4805K, capacity 4912K, committed 4992K, reserved 1048576K
}
Event: 24.719 GC heap before
{Heap before GC invocations=15 (full 0):
 garbage-first heap   total 86016K, used 59765K [0x00000000c1800000, 0x0000000100000000)
  region size 1024K, 14 young (14336K), 3 survivors (3072K)
 Metaspace       used 39589K, capacity 39915K, committed 40240K, reserved 1085440K
  class space    used 5156K, capacity 5240K, committed 5248K, reserved 1048576K
}
Event: 24.726 GC heap after
{Heap after GC invocations=16 (full 0):
 garbage-first heap   total 86016K, used 51761K [0x00000000c1800000, 0x0000000100000000)
  region size 1024K, 2 young (2048K), 2 survivors (2048K)
 Metaspace       used 39589K, capacity 39915K, committed 40240K, reserved 1085440K
  class space    used 5156K, capacity 5240K, committed 5248K, reserved 1048576K
}
Event: 25.395 GC heap before
{Heap before GC invocations=16 (full 0):
 garbage-first heap   total 86016K, used 67121K [0x00000000c1800000, 0x0000000100000000)
  region size 1024K, 17 young (17408K), 2 survivors (2048K)
 Metaspace       used 40247K, capacity 40558K, committed 40880K, reserved 1085440K
  class space    used 5252K, capacity 5369K, committed 5376K, reserved 1048576K
}
Event: 25.400 GC heap after
{Heap after GC invocations=17 (full 0):
 garbage-first heap   total 86016K, used 56198K [0x00000000c1800000, 0x0000000100000000)
  region size 1024K, 3 young (3072K), 3 survivors (3072K)
 Metaspace       used 40247K, capacity 40558K, committed 40880K, reserved 1085440K
  class space    used 5252K, capacity 5369K, committed 5376K, reserved 1048576K
}
Event: 26.089 GC heap before
{Heap before GC invocations=18 (full 0):
 garbage-first heap   total 97280K, used 68486K [0x00000000c1800000, 0x0000000100000000)
  region size 1024K, 15 young (15360K), 3 survivors (3072K)
 Metaspace       used 40718K, capacity 41070K, committed 41520K, reserved 1085440K
  class space    used 5382K, capacity 5497K, committed 5504K, reserved 1048576K
}
Event: 26.094 GC heap after
{Heap after GC invocations=19 (full 0):
 garbage-first heap   total 97280K, used 60842K [0x00000000c1800000, 0x0000000100000000)
  region size 1024K, 2 young (2048K), 2 survivors (2048K)
 Metaspace       used 40718K, capacity 41070K, committed 41520K, reserved 1085440K
  class space    used 5382K, capacity 5497K, committed 5504K, reserved 1048576K
}
Event: 26.383 GC heap before
{Heap before GC invocations=19 (full 0):
 garbage-first heap   total 97280K, used 64938K [0x00000000c1800000, 0x0000000100000000)
  region size 1024K, 7 young (7168K), 2 survivors (2048K)
 Metaspace       used 40890K, capacity 41166K, committed 41648K, reserved 1085440K
  class space    used 5432K, capacity 5529K, committed 5632K, reserved 1048576K
}
Event: 26.388 GC heap after
{Heap after GC invocations=20 (full 0):
 garbage-first heap   total 97280K, used 62726K [0x00000000c1800000, 0x0000000100000000)
  region size 1024K, 2 young (2048K), 2 survivors (2048K)
 Metaspace       used 40890K, capacity 41166K, committed 41648K, reserved 1085440K
  class space    used 5432K, capacity 5529K, committed 5632K, reserved 1048576K
}
Event: 26.642 GC heap before
{Heap before GC invocations=21 (full 0):
 garbage-first heap   total 138240K, used 83206K [0x00000000c1800000, 0x0000000100000000)
  region size 1024K, 14 young (14336K), 2 survivors (2048K)
 Metaspace       used 41027K, capacity 41326K, committed 41904K, reserved 1085440K
  class space    used 5467K, capacity 5561K, committed 5632K, reserved 1048576K
}
Event: 26.647 GC heap after
{Heap after GC invocations=22 (full 0):
 garbage-first heap   total 138240K, used 72736K [0x00000000c1800000, 0x0000000100000000)
  region size 1024K, 1 young (1024K), 1 survivors (1024K)
 Metaspace       used 41027K, capacity 41326K, committed 41904K, reserved 1085440K
  class space    used 5467K, capacity 5561K, committed 5632K, reserved 1048576K
}
Event: 27.592 GC heap before
{Heap before GC invocations=22 (full 0):
 garbage-first heap   total 138240K, used 103456K [0x00000000c1800000, 0x0000000100000000)
  region size 1024K, 31 young (31744K), 1 survivors (1024K)
 Metaspace       used 41820K, capacity 42127K, committed 42672K, reserved 1085440K
  class space    used 5671K, capacity 5785K, committed 5888K, reserved 1048576K
}
Event: 27.599 GC heap after
{Heap after GC invocations=23 (full 0):
 garbage-first heap   total 138240K, used 81586K [0x00000000c1800000, 0x0000000100000000)
  region size 1024K, 4 young (4096K), 4 survivors (4096K)
 Metaspace       used 41820K, capacity 42127K, committed 42672K, reserved 1085440K
  class space    used 5671K, capacity 5785K, committed 5888K, reserved 1048576K
}
Event: 28.170 GC heap before
{Heap before GC invocations=24 (full 0):
 garbage-first heap   total 142336K, used 91826K [0x00000000c1800000, 0x0000000100000000)
  region size 1024K, 16 young (16384K), 4 survivors (4096K)
 Metaspace       used 42828K, capacity 43087K, committed 43440K, reserved 1087488K
  class space    used 5777K, capacity 5849K, committed 5888K, reserved 1048576K
}
Event: 28.175 GC heap after
{Heap after GC invocations=25 (full 0):
 garbage-first heap   total 142336K, used 85931K [0x00000000c1800000, 0x0000000100000000)
  region size 1024K, 4 young (4096K), 4 survivors (4096K)
 Metaspace       used 42828K, capacity 43087K, committed 43440K, reserved 1087488K
  class space    used 5777K, capacity 5849K, committed 5888K, reserved 1048576K
}

