# JRE version: Java(TM) SE Runtime Environment (15.0.2+7) (build 15.0.2+7-27)
# Java VM: Java HotSpot(TM) 64-Bit Server VM (15.0.2+7-27, mixed mode, sharing, tiered, compressed oops, g1 gc, windows-amd64)
GC Precious Log:
 CPUs: 4 total, 4 available
 Memory: 12188M
 Large Page Support: Disabled
 NUMA Support: Disabled
 Compressed Oops: Enabled (Zero based)
 Heap Region Size: 2M
 Heap Min Capacity: 8M
 Heap Initial Capacity: 192M
 Heap Max Capacity: 3048M
 Pre-touch: Disabled
 Parallel Workers: 4
 Concurrent Workers: 1
 Concurrent Refinement Workers: 4
 Periodic GC: Disabled
Heap:
 garbage-first heap   total 208896K, used 127900K [0x0000000741800000, 0x0000000800000000)
  region size 2048K, 4 young (8192K), 3 survivors (6144K)
 Metaspace       used 51449K, capacity 51884K, committed 52144K, reserved 1093632K
  class space    used 7006K, capacity 7148K, committed 7168K, reserved 1048576K
GC Heap History (20 events):
Event: 18.093 GC heap before
{Heap before GC invocations=21 (full 0):
 garbage-first heap   total 116736K, used 69179K [0x0000000741800000, 0x0000000800000000)
  region size 2048K, 2 young (4096K), 1 survivors (2048K)
 Metaspace       used 42481K, capacity 42802K, committed 43184K, reserved 1087488K
  class space    used 5774K, capacity 5882K, committed 5888K, reserved 1048576K
}
Event: 18.094 GC heap after
{Heap after GC invocations=22 (full 0):
 garbage-first heap   total 116736K, used 69632K [0x0000000741800000, 0x0000000800000000)
  region size 2048K, 2 young (4096K), 2 survivors (4096K)
 Metaspace       used 42481K, capacity 42802K, committed 43184K, reserved 1087488K
  class space    used 5774K, capacity 5882K, committed 5888K, reserved 1048576K
}
Event: 18.109 GC heap before
{Heap before GC invocations=22 (full 0):
 garbage-first heap   total 118784K, used 114688K [0x0000000741800000, 0x0000000800000000)
  region size 2048K, 4 young (8192K), 2 survivors (4096K)
 Metaspace       used 42481K, capacity 42802K, committed 43184K, reserved 1087488K
  class space    used 5774K, capacity 5882K, committed 5888K, reserved 1048576K
}
Event: 18.110 GC heap after
{Heap after GC invocations=23 (full 0):
 garbage-first heap   total 122880K, used 112490K [0x0000000741800000, 0x0000000800000000)
  region size 2048K, 1 young (2048K), 1 survivors (2048K)
 Metaspace       used 42481K, capacity 42802K, committed 43184K, reserved 1087488K
  class space    used 5774K, capacity 5882K, committed 5888K, reserved 1048576K
}
Event: 18.118 GC heap before
{Heap before GC invocations=23 (full 0):
 garbage-first heap   total 122880K, used 114538K [0x0000000741800000, 0x0000000800000000)
  region size 2048K, 3 young (6144K), 1 survivors (2048K)
 Metaspace       used 42481K, capacity 42802K, committed 43184K, reserved 1087488K
  class space    used 5774K, capacity 5882K, committed 5888K, reserved 1048576K
}
Event: 18.118 GC heap after
{Heap after GC invocations=24 (full 0):
 garbage-first heap   total 122880K, used 112386K [0x0000000741800000, 0x0000000800000000)
  region size 2048K, 1 young (2048K), 1 survivors (2048K)
 Metaspace       used 42481K, capacity 42802K, committed 43184K, reserved 1087488K
  class space    used 5774K, capacity 5882K, committed 5888K, reserved 1048576K
}
Event: 18.127 GC heap before
{Heap before GC invocations=24 (full 0):
 garbage-first heap   total 122880K, used 114434K [0x0000000741800000, 0x0000000800000000)
  region size 2048K, 3 young (6144K), 1 survivors (2048K)
 Metaspace       used 42481K, capacity 42802K, committed 43184K, reserved 1087488K
  class space    used 5774K, capacity 5882K, committed 5888K, reserved 1048576K
}
Event: 18.127 GC heap after
{Heap after GC invocations=25 (full 0):
 garbage-first heap   total 122880K, used 112359K [0x0000000741800000, 0x0000000800000000)
  region size 2048K, 1 young (2048K), 1 survivors (2048K)
 Metaspace       used 42481K, capacity 42802K, committed 43184K, reserved 1087488K
  class space    used 5774K, capacity 5882K, committed 5888K, reserved 1048576K
}
Event: 18.136 GC heap before
{Heap before GC invocations=25 (full 0):
 garbage-first heap   total 122880K, used 114407K [0x0000000741800000, 0x0000000800000000)
  region size 2048K, 3 young (6144K), 1 survivors (2048K)
 Metaspace       used 42481K, capacity 42802K, committed 43184K, reserved 1087488K
  class space    used 5774K, capacity 5882K, committed 5888K, reserved 1048576K
}
Event: 18.136 GC heap after
{Heap after GC invocations=26 (full 0):
 garbage-first heap   total 122880K, used 112357K [0x0000000741800000, 0x0000000800000000)
  region size 2048K, 1 young (2048K), 1 survivors (2048K)
 Metaspace       used 42481K, capacity 42802K, committed 43184K, reserved 1087488K
  class space    used 5774K, capacity 5882K, committed 5888K, reserved 1048576K
}
Event: 18.165 GC heap before
{Heap before GC invocations=26 (full 0):
 garbage-first heap   total 198656K, used 114405K [0x0000000741800000, 0x0000000800000000)
  region size 2048K, 3 young (6144K), 1 survivors (2048K)
 Metaspace       used 42481K, capacity 42802K, committed 43184K, reserved 1087488K
  class space    used 5774K, capacity 5882K, committed 5888K, reserved 1048576K
}
Event: 18.166 GC heap after
{Heap after GC invocations=27 (full 0):
 garbage-first heap   total 198656K, used 112359K [0x0000000741800000, 0x0000000800000000)
  region size 2048K, 1 young (2048K), 1 survivors (2048K)
 Metaspace       used 42481K, capacity 42802K, committed 43184K, reserved 1087488K
  class space    used 5774K, capacity 5882K, committed 5888K, reserved 1048576K
}
Event: 18.314 GC heap before
{Heap before GC invocations=28 (full 0):
 garbage-first heap   total 198656K, used 134887K [0x0000000741800000, 0x0000000800000000)
  region size 2048K, 13 young (26624K), 1 survivors (2048K)
 Metaspace       used 43039K, capacity 43314K, committed 43824K, reserved 1087488K
  class space    used 5830K, capacity 5946K, committed 6016K, reserved 1048576K
}
Event: 18.315 GC heap after
{Heap after GC invocations=29 (full 0):
 garbage-first heap   total 198656K, used 113133K [0x0000000741800000, 0x0000000800000000)
  region size 2048K, 1 young (2048K), 1 survivors (2048K)
 Metaspace       used 43039K, capacity 43314K, committed 43824K, reserved 1087488K
  class space    used 5830K, capacity 5946K, committed 6016K, reserved 1048576K
}
Event: 56.271 GC heap before
{Heap before GC invocations=30 (full 0):
 garbage-first heap   total 202752K, used 139757K [0x0000000741800000, 0x0000000800000000)
  region size 2048K, 13 young (26624K), 1 survivors (2048K)
 Metaspace       used 44312K, capacity 44660K, committed 44976K, reserved 1087488K
  class space    used 5929K, capacity 6050K, committed 6144K, reserved 1048576K
}
Event: 56.274 GC heap after
{Heap after GC invocations=31 (full 0):
 garbage-first heap   total 202752K, used 117365K [0x0000000741800000, 0x0000000800000000)
  region size 2048K, 1 young (2048K), 1 survivors (2048K)
 Metaspace       used 44312K, capacity 44660K, committed 44976K, reserved 1087488K
  class space    used 5929K, capacity 6050K, committed 6144K, reserved 1048576K
}
Event: 95.119 GC heap before
{Heap before GC invocations=32 (full 0):
 garbage-first heap   total 208896K, used 160373K [0x0000000741800000, 0x0000000800000000)
  region size 2048K, 22 young (45056K), 1 survivors (2048K)
 Metaspace       used 50954K, capacity 51327K, committed 51632K, reserved 1093632K
  class space    used 6946K, capacity 7070K, committed 7168K, reserved 1048576K
}
Event: 95.125 GC heap after
{Heap after GC invocations=33 (full 0):
 garbage-first heap   total 208896K, used 123161K [0x0000000741800000, 0x0000000800000000)
  region size 2048K, 3 young (6144K), 3 survivors (6144K)
 Metaspace       used 50954K, capacity 51327K, committed 51632K, reserved 1093632K
  class space    used 6946K, capacity 7070K, committed 7168K, reserved 1048576K
}
Event: 171.124 GC heap before
{Heap before GC invocations=33 (full 0):
 garbage-first heap   total 208896K, used 157977K [0x0000000741800000, 0x0000000800000000)
  region size 2048K, 21 young (43008K), 3 survivors (6144K)
 Metaspace       used 51407K, capacity 51808K, committed 51888K, reserved 1093632K
  class space    used 6998K, capacity 7144K, committed 7168K, reserved 1048576K
}
Event: 171.130 GC heap after
{Heap after GC invocations=34 (full 0):
 garbage-first heap   total 208896K, used 123804K [0x0000000741800000, 0x0000000800000000)
  region size 2048K, 3 young (6144K), 3 survivors (6144K)
 Metaspace       used 51407K, capacity 51808K, committed 51888K, reserved 1093632K
  class space    used 6998K, capacity 7144K, committed 7168K, reserved 1048576K
}

