# JRE version: Java(TM) SE Runtime Environment (15.0.2+7) (build 15.0.2+7-27)
# Java VM: Java HotSpot(TM) 64-Bit Server VM (15.0.2+7-27, mixed mode, sharing, tiered, compressed oops, g1 gc, windows-amd64)
GC Precious Log:
 CPUs: 4 total, 4 available
 Memory: 3996M
 Large Page Support: Disabled
 NUMA Support: Disabled
 Compressed Oops: Enabled (32-bit)
 Heap Region Size: 1M
 Heap Min Capacity: 8M
 Heap Initial Capacity: 64M
 Heap Max Capacity: 1000M
 Pre-touch: Disabled
 Parallel Workers: 4
 Concurrent Workers: 1
 Concurrent Refinement Workers: 4
 Periodic GC: Disabled
Heap:
 garbage-first heap   total 142336K, used 88889K [0x00000000c1800000, 0x0000000100000000)
  region size 1024K, 10 young (10240K), 4 survivors (4096K)
 Metaspace       used 45389K, capacity 45662K, committed 46032K, reserved 1089536K
  class space    used 6077K, capacity 6173K, committed 6272K, reserved 1048576K
GC Heap History (20 events):
Event: 10.135 GC heap before
{Heap before GC invocations=8 (full 0):
 garbage-first heap   total 78848K, used 52598K [0x00000000c1800000, 0x0000000100000000)
  region size 1024K, 27 young (27648K), 3 survivors (3072K)
 Metaspace       used 32006K, capacity 32220K, committed 32560K, reserved 1077248K
  class space    used 3792K, capacity 3883K, committed 3968K, reserved 1048576K
}
Event: 10.151 GC heap after
{Heap after GC invocations=9 (full 0):
 garbage-first heap   total 78848K, used 35238K [0x00000000c1800000, 0x0000000100000000)
  region size 1024K, 4 young (4096K), 4 survivors (4096K)
 Metaspace       used 32006K, capacity 32220K, committed 32560K, reserved 1077248K
  class space    used 3792K, capacity 3883K, committed 3968K, reserved 1048576K
}
Event: 13.221 GC heap before
{Heap before GC invocations=9 (full 0):
 garbage-first heap   total 78848K, used 55718K [0x00000000c1800000, 0x0000000100000000)
  region size 1024K, 24 young (24576K), 4 survivors (4096K)
 Metaspace       used 34941K, capacity 35197K, committed 35632K, reserved 1081344K
  class space    used 4365K, capacity 4459K, committed 4480K, reserved 1048576K
}
Event: 13.230 GC heap after
{Heap after GC invocations=10 (full 0):
 garbage-first heap   total 78848K, used 39129K [0x00000000c1800000, 0x0000000100000000)
  region size 1024K, 3 young (3072K), 3 survivors (3072K)
 Metaspace       used 34941K, capacity 35197K, committed 35632K, reserved 1081344K
  class space    used 4365K, capacity 4459K, committed 4480K, reserved 1048576K
}
Event: 13.652 GC heap before
{Heap before GC invocations=10 (full 0):
 garbage-first heap   total 78848K, used 43225K [0x00000000c1800000, 0x0000000100000000)
  region size 1024K, 8 young (8192K), 3 survivors (3072K)
 Metaspace       used 35355K, capacity 35550K, committed 35920K, reserved 1081344K
  class space    used 4478K, capacity 4555K, committed 4608K, reserved 1048576K
}
Event: 13.658 GC heap after
{Heap after GC invocations=11 (full 0):
 garbage-first heap   total 78848K, used 41019K [0x00000000c1800000, 0x0000000100000000)
  region size 1024K, 2 young (2048K), 2 survivors (2048K)
 Metaspace       used 35355K, capacity 35550K, committed 35920K, reserved 1081344K
  class space    used 4478K, capacity 4555K, committed 4608K, reserved 1048576K
}
Event: 15.290 GC heap before
{Heap before GC invocations=12 (full 0):
 garbage-first heap   total 78848K, used 58427K [0x00000000c1800000, 0x0000000100000000)
  region size 1024K, 19 young (19456K), 2 survivors (2048K)
 Metaspace       used 38550K, capacity 38834K, committed 39248K, reserved 1083392K
  class space    used 4973K, capacity 5073K, committed 5120K, reserved 1048576K
}
Event: 15.297 GC heap after
{Heap after GC invocations=13 (full 0):
 garbage-first heap   total 78848K, used 43344K [0x00000000c1800000, 0x0000000100000000)
  region size 1024K, 3 young (3072K), 3 survivors (3072K)
 Metaspace       used 38550K, capacity 38834K, committed 39248K, reserved 1083392K
  class space    used 4973K, capacity 5073K, committed 5120K, reserved 1048576K
}
Event: 16.118 GC heap before
{Heap before GC invocations=13 (full 0):
 garbage-first heap   total 78848K, used 59728K [0x00000000c1800000, 0x0000000100000000)
  region size 1024K, 19 young (19456K), 3 survivors (3072K)
 Metaspace       used 40777K, capacity 41006K, committed 41296K, reserved 1085440K
  class space    used 5274K, capacity 5369K, committed 5376K, reserved 1048576K
}
Event: 16.126 GC heap after
{Heap after GC invocations=14 (full 0):
 garbage-first heap   total 78848K, used 47838K [0x00000000c1800000, 0x0000000100000000)
  region size 1024K, 3 young (3072K), 3 survivors (3072K)
 Metaspace       used 40777K, capacity 41006K, committed 41296K, reserved 1085440K
  class space    used 5274K, capacity 5369K, committed 5376K, reserved 1048576K
}
Event: 16.588 GC heap before
{Heap before GC invocations=15 (full 0):
 garbage-first heap   total 83968K, used 61150K [0x00000000c1800000, 0x0000000100000000)
  region size 1024K, 16 young (16384K), 3 survivors (3072K)
 Metaspace       used 41335K, capacity 41582K, committed 41936K, reserved 1085440K
  class space    used 5399K, capacity 5497K, committed 5504K, reserved 1048576K
}
Event: 16.594 GC heap after
{Heap after GC invocations=16 (full 0):
 garbage-first heap   total 83968K, used 52182K [0x00000000c1800000, 0x0000000100000000)
  region size 1024K, 2 young (2048K), 2 survivors (2048K)
 Metaspace       used 41335K, capacity 41582K, committed 41936K, reserved 1085440K
  class space    used 5399K, capacity 5497K, committed 5504K, reserved 1048576K
}
Event: 17.039 GC heap before
{Heap before GC invocations=16 (full 0):
 garbage-first heap   total 83968K, used 62422K [0x00000000c1800000, 0x0000000100000000)
  region size 1024K, 14 young (14336K), 2 survivors (2048K)
 Metaspace       used 41751K, capacity 41998K, committed 42320K, reserved 1085440K
  class space    used 5514K, capacity 5593K, committed 5632K, reserved 1048576K
}
Event: 17.044 GC heap after
{Heap after GC invocations=17 (full 0):
 garbage-first heap   total 83968K, used 56320K [0x00000000c1800000, 0x0000000100000000)
  region size 1024K, 2 young (2048K), 2 survivors (2048K)
 Metaspace       used 41751K, capacity 41998K, committed 42320K, reserved 1085440K
  class space    used 5514K, capacity 5593K, committed 5632K, reserved 1048576K
}
Event: 17.191 GC heap before
{Heap before GC invocations=17 (full 0):
 garbage-first heap   total 126976K, used 74752K [0x00000000c1800000, 0x0000000100000000)
  region size 1024K, 12 young (12288K), 2 survivors (2048K)
 Metaspace       used 41826K, capacity 42094K, committed 42576K, reserved 1087488K
  class space    used 5538K, capacity 5625K, committed 5632K, reserved 1048576K
}
Event: 17.196 GC heap after
{Heap after GC invocations=18 (full 0):
 garbage-first heap   total 126976K, used 66007K [0x00000000c1800000, 0x0000000100000000)
  region size 1024K, 1 young (1024K), 1 survivors (1024K)
 Metaspace       used 41826K, capacity 42094K, committed 42576K, reserved 1087488K
  class space    used 5538K, capacity 5625K, committed 5632K, reserved 1048576K
}
Event: 18.104 GC heap before
{Heap before GC invocations=19 (full 0):
 garbage-first heap   total 126976K, used 93655K [0x00000000c1800000, 0x0000000100000000)
  region size 1024K, 29 young (29696K), 1 survivors (1024K)
 Metaspace       used 42612K, capacity 42863K, committed 43344K, reserved 1087488K
  class space    used 5731K, capacity 5817K, committed 5888K, reserved 1048576K
}
Event: 18.110 GC heap after
{Heap after GC invocations=20 (full 0):
 garbage-first heap   total 126976K, used 74359K [0x00000000c1800000, 0x0000000100000000)
  region size 1024K, 4 young (4096K), 4 survivors (4096K)
 Metaspace       used 42612K, capacity 42863K, committed 43344K, reserved 1087488K
  class space    used 5731K, capacity 5817K, committed 5888K, reserved 1048576K
}
Event: 18.776 GC heap before
{Heap before GC invocations=20 (full 0):
 garbage-first heap   total 126976K, used 88695K [0x00000000c1800000, 0x0000000100000000)
  region size 1024K, 20 young (20480K), 4 survivors (4096K)
 Metaspace       used 43717K, capacity 43951K, committed 44496K, reserved 1087488K
  class space    used 5866K, capacity 5945K, committed 6016K, reserved 1048576K
}
Event: 18.780 GC heap after
{Heap after GC invocations=21 (full 0):
 garbage-first heap   total 126976K, used 79673K [0x00000000c1800000, 0x0000000100000000)
  region size 1024K, 4 young (4096K), 4 survivors (4096K)
 Metaspace       used 43717K, capacity 43951K, committed 44496K, reserved 1087488K
  class space    used 5866K, capacity 5945K, committed 6016K, reserved 1048576K
}

