# JRE version: Java(TM) SE Runtime Environment (15.0.2+7) (build 15.0.2+7-27)
# Java VM: Java HotSpot(TM) 64-Bit Server VM (15.0.2+7-27, mixed mode, sharing, tiered, compressed oops, g1 gc, windows-amd64)
GC Precious Log:
 CPUs: 4 total, 4 available
 Memory: 3996M
 Large Page Support: Disabled
 NUMA Support: Disabled
 Compressed Oops: Enabled (32-bit)
 Heap Region Size: 1M
 Heap Min Capacity: 8M
 Heap Initial Capacity: 64M
 Heap Max Capacity: 1000M
 Pre-touch: Disabled
 Parallel Workers: 4
 Concurrent Workers: 1
 Concurrent Refinement Workers: 4
 Periodic GC: Disabled
Heap:
 garbage-first heap   total 152576K, used 95905K [0x00000000c1800000, 0x0000000100000000)
  region size 1024K, 12 young (12288K), 4 survivors (4096K)
 Metaspace       used 44738K, capacity 45054K, committed 45488K, reserved 1089536K
  class space    used 6015K, capacity 6141K, committed 6144K, reserved 1048576K
GC Heap History (20 events):
Event: 7.328 GC heap before
{Heap before GC invocations=8 (full 0):
 garbage-first heap   total 81920K, used 56982K [0x00000000c1800000, 0x0000000100000000)
  region size 1024K, 28 young (28672K), 5 survivors (5120K)
 Metaspace       used 30324K, capacity 30617K, committed 31024K, reserved 1077248K
  class space    used 3602K, capacity 3690K, committed 3712K, reserved 1048576K
}
Event: 7.339 GC heap after
{Heap after GC invocations=9 (full 0):
 garbage-first heap   total 81920K, used 38877K [0x00000000c1800000, 0x0000000100000000)
  region size 1024K, 4 young (4096K), 4 survivors (4096K)
 Metaspace       used 30324K, capacity 30617K, committed 31024K, reserved 1077248K
  class space    used 3602K, capacity 3690K, committed 3712K, reserved 1048576K
}
Event: 9.540 GC heap before
{Heap before GC invocations=9 (full 0):
 garbage-first heap   total 81920K, used 58333K [0x00000000c1800000, 0x0000000100000000)
  region size 1024K, 24 young (24576K), 4 survivors (4096K)
 Metaspace       used 33184K, capacity 33437K, committed 33840K, reserved 1079296K
  class space    used 4084K, capacity 4171K, committed 4224K, reserved 1048576K
}
Event: 9.553 GC heap after
{Heap after GC invocations=10 (full 0):
 garbage-first heap   total 81920K, used 42930K [0x00000000c1800000, 0x0000000100000000)
  region size 1024K, 3 young (3072K), 3 survivors (3072K)
 Metaspace       used 33184K, capacity 33437K, committed 33840K, reserved 1079296K
  class space    used 4084K, capacity 4171K, committed 4224K, reserved 1048576K
}
Event: 11.934 GC heap before
{Heap before GC invocations=10 (full 0):
 garbage-first heap   total 81920K, used 61362K [0x00000000c1800000, 0x0000000100000000)
  region size 1024K, 21 young (21504K), 3 survivors (3072K)
 Metaspace       used 35133K, capacity 35422K, committed 35888K, reserved 1081344K
  class space    used 4523K, capacity 4619K, committed 4736K, reserved 1048576K
}
Event: 11.943 GC heap after
{Heap after GC invocations=11 (full 0):
 garbage-first heap   total 81920K, used 47047K [0x00000000c1800000, 0x0000000100000000)
  region size 1024K, 3 young (3072K), 3 survivors (3072K)
 Metaspace       used 35133K, capacity 35422K, committed 35888K, reserved 1081344K
  class space    used 4523K, capacity 4619K, committed 4736K, reserved 1048576K
}
Event: 12.842 GC heap before
{Heap before GC invocations=12 (full 0):
 garbage-first heap   total 81920K, used 62407K [0x00000000c1800000, 0x0000000100000000)
  region size 1024K, 19 young (19456K), 3 survivors (3072K)
 Metaspace       used 38424K, capacity 38721K, committed 39088K, reserved 1083392K
  class space    used 4973K, capacity 5078K, committed 5120K, reserved 1048576K
}
Event: 12.850 GC heap after
{Heap after GC invocations=13 (full 0):
 garbage-first heap   total 81920K, used 50570K [0x00000000c1800000, 0x0000000100000000)
  region size 1024K, 3 young (3072K), 3 survivors (3072K)
 Metaspace       used 38424K, capacity 38721K, committed 39088K, reserved 1083392K
  class space    used 4973K, capacity 5078K, committed 5120K, reserved 1048576K
}
Event: 13.310 GC heap before
{Heap before GC invocations=13 (full 0):
 garbage-first heap   total 81920K, used 62858K [0x00000000c1800000, 0x0000000100000000)
  region size 1024K, 16 young (16384K), 3 survivors (3072K)
 Metaspace       used 39982K, capacity 40302K, committed 40880K, reserved 1085440K
  class space    used 5205K, capacity 5305K, committed 5376K, reserved 1048576K
}
Event: 13.319 GC heap after
{Heap after GC invocations=14 (full 0):
 garbage-first heap   total 81920K, used 53906K [0x00000000c1800000, 0x0000000100000000)
  region size 1024K, 2 young (2048K), 2 survivors (2048K)
 Metaspace       used 39982K, capacity 40302K, committed 40880K, reserved 1085440K
  class space    used 5205K, capacity 5305K, committed 5376K, reserved 1048576K
}
Event: 13.755 GC heap before
{Heap before GC invocations=15 (full 0):
 garbage-first heap   total 94208K, used 63122K [0x00000000c1800000, 0x0000000100000000)
  region size 1024K, 12 young (12288K), 2 survivors (2048K)
 Metaspace       used 40409K, capacity 40718K, committed 41264K, reserved 1085440K
  class space    used 5303K, capacity 5401K, committed 5504K, reserved 1048576K
}
Event: 13.761 GC heap after
{Heap after GC invocations=16 (full 0):
 garbage-first heap   total 94208K, used 57497K [0x00000000c1800000, 0x0000000100000000)
  region size 1024K, 2 young (2048K), 2 survivors (2048K)
 Metaspace       used 40409K, capacity 40718K, committed 41264K, reserved 1085440K
  class space    used 5303K, capacity 5401K, committed 5504K, reserved 1048576K
}
Event: 14.197 GC heap before
{Heap before GC invocations=16 (full 0):
 garbage-first heap   total 94208K, used 69785K [0x00000000c1800000, 0x0000000100000000)
  region size 1024K, 15 young (15360K), 2 survivors (2048K)
 Metaspace       used 40875K, capacity 41166K, committed 41648K, reserved 1085440K
  class space    used 5432K, capacity 5529K, committed 5632K, reserved 1048576K
}
Event: 14.202 GC heap after
{Heap after GC invocations=17 (full 0):
 garbage-first heap   total 94208K, used 61926K [0x00000000c1800000, 0x0000000100000000)
  region size 1024K, 3 young (3072K), 3 survivors (3072K)
 Metaspace       used 40875K, capacity 41166K, committed 41648K, reserved 1085440K
  class space    used 5432K, capacity 5529K, committed 5632K, reserved 1048576K
}
Event: 14.404 GC heap before
{Heap before GC invocations=18 (full 0):
 garbage-first heap   total 137216K, used 82406K [0x00000000c1800000, 0x0000000100000000)
  region size 1024K, 15 young (15360K), 3 survivors (3072K)
 Metaspace       used 41008K, capacity 41262K, committed 41648K, reserved 1085440K
  class space    used 5467K, capacity 5561K, committed 5632K, reserved 1048576K
}
Event: 14.408 GC heap after
{Heap after GC invocations=19 (full 0):
 garbage-first heap   total 137216K, used 72281K [0x00000000c1800000, 0x0000000100000000)
  region size 1024K, 1 young (1024K), 1 survivors (1024K)
 Metaspace       used 41008K, capacity 41262K, committed 41648K, reserved 1085440K
  class space    used 5467K, capacity 5561K, committed 5632K, reserved 1048576K
}
Event: 15.239 GC heap before
{Heap before GC invocations=19 (full 0):
 garbage-first heap   total 137216K, used 103001K [0x00000000c1800000, 0x0000000100000000)
  region size 1024K, 32 young (32768K), 1 survivors (1024K)
 Metaspace       used 41814K, capacity 42127K, committed 42672K, reserved 1085440K
  class space    used 5676K, capacity 5785K, committed 5888K, reserved 1048576K
}
Event: 15.245 GC heap after
{Heap after GC invocations=20 (full 0):
 garbage-first heap   total 137216K, used 81647K [0x00000000c1800000, 0x0000000100000000)
  region size 1024K, 4 young (4096K), 4 survivors (4096K)
 Metaspace       used 41814K, capacity 42127K, committed 42672K, reserved 1085440K
  class space    used 5676K, capacity 5785K, committed 5888K, reserved 1048576K
}
Event: 15.799 GC heap before
{Heap before GC invocations=21 (full 0):
 garbage-first heap   total 143360K, used 90863K [0x00000000c1800000, 0x0000000100000000)
  region size 1024K, 15 young (15360K), 4 survivors (4096K)
 Metaspace       used 42836K, capacity 43119K, committed 43440K, reserved 1087488K
  class space    used 5784K, capacity 5881K, committed 5888K, reserved 1048576K
}
Event: 15.804 GC heap after
{Heap after GC invocations=22 (full 0):
 garbage-first heap   total 143360K, used 85665K [0x00000000c1800000, 0x0000000100000000)
  region size 1024K, 4 young (4096K), 4 survivors (4096K)
 Metaspace       used 42836K, capacity 43119K, committed 43440K, reserved 1087488K
  class space    used 5784K, capacity 5881K, committed 5888K, reserved 1048576K
}

