# JRE version: Java(TM) SE Runtime Environment (15.0.2+7) (build 15.0.2+7-27)
# Java VM: Java HotSpot(TM) 64-Bit Server VM (15.0.2+7-27, mixed mode, sharing, tiered, compressed oops, g1 gc, windows-amd64)
GC Precious Log:
 CPUs: 4 total, 4 available
 Memory: 3996M
 Large Page Support: Disabled
 NUMA Support: Disabled
 Compressed Oops: Enabled (32-bit)
 Heap Region Size: 1M
 Heap Min Capacity: 8M
 Heap Initial Capacity: 64M
 Heap Max Capacity: 1000M
 Pre-touch: Disabled
 Parallel Workers: 4
 Concurrent Workers: 1
 Concurrent Refinement Workers: 4
 Periodic GC: Disabled
Heap:
 garbage-first heap   total 153600K, used 101448K [0x00000000c1800000, 0x0000000100000000)
  region size 1024K, 15 young (15360K), 3 survivors (3072K)
 Metaspace       used 44816K, capacity 45054K, committed 45488K, reserved 1089536K
  class space    used 6026K, capacity 6141K, committed 6144K, reserved 1048576K
GC Heap History (20 events):
Event: 8.640 GC heap before
{Heap before GC invocations=10 (full 0):
 garbage-first heap   total 83968K, used 55404K [0x00000000c1800000, 0x0000000100000000)
  region size 1024K, 23 young (23552K), 4 survivors (4096K)
 Metaspace       used 31557K, capacity 31740K, committed 32048K, reserved 1077248K
  class space    used 3839K, capacity 3915K, committed 3968K, reserved 1048576K
}
Event: 8.651 GC heap after
{Heap after GC invocations=11 (full 0):
 garbage-first heap   total 83968K, used 41941K [0x00000000c1800000, 0x0000000100000000)
  region size 1024K, 3 young (3072K), 3 survivors (3072K)
 Metaspace       used 31557K, capacity 31740K, committed 32048K, reserved 1077248K
  class space    used 3839K, capacity 3915K, committed 3968K, reserved 1048576K
}
Event: 10.838 GC heap before
{Heap before GC invocations=11 (full 0):
 garbage-first heap   total 83968K, used 58325K [0x00000000c1800000, 0x0000000100000000)
  region size 1024K, 20 young (20480K), 3 survivors (3072K)
 Metaspace       used 34055K, capacity 34269K, committed 34864K, reserved 1079296K
  class space    used 4281K, capacity 4363K, committed 4480K, reserved 1048576K
}
Event: 10.846 GC heap after
{Heap after GC invocations=12 (full 0):
 garbage-first heap   total 83968K, used 45306K [0x00000000c1800000, 0x0000000100000000)
  region size 1024K, 3 young (3072K), 3 survivors (3072K)
 Metaspace       used 34055K, capacity 34269K, committed 34864K, reserved 1079296K
  class space    used 4281K, capacity 4363K, committed 4480K, reserved 1048576K
}
Event: 12.378 GC heap before
{Heap before GC invocations=13 (full 0):
 garbage-first heap   total 83968K, used 60666K [0x00000000c1800000, 0x0000000100000000)
  region size 1024K, 19 young (19456K), 3 survivors (3072K)
 Metaspace       used 35806K, capacity 36031K, committed 36528K, reserved 1081344K
  class space    used 4714K, capacity 4779K, committed 4864K, reserved 1048576K
}
Event: 12.386 GC heap after
{Heap after GC invocations=14 (full 0):
 garbage-first heap   total 83968K, used 49047K [0x00000000c1800000, 0x0000000100000000)
  region size 1024K, 3 young (3072K), 3 survivors (3072K)
 Metaspace       used 35806K, capacity 36031K, committed 36528K, reserved 1081344K
  class space    used 4714K, capacity 4779K, committed 4864K, reserved 1048576K
}
Event: 13.127 GC heap before
{Heap before GC invocations=14 (full 0):
 garbage-first heap   total 83968K, used 64407K [0x00000000c1800000, 0x0000000100000000)
  region size 1024K, 18 young (18432K), 3 survivors (3072K)
 Metaspace       used 39626K, capacity 39915K, committed 40240K, reserved 1085440K
  class space    used 5164K, capacity 5240K, committed 5248K, reserved 1048576K
}
Event: 13.136 GC heap after
{Heap after GC invocations=15 (full 0):
 garbage-first heap   total 83968K, used 52283K [0x00000000c1800000, 0x0000000100000000)
  region size 1024K, 3 young (3072K), 3 survivors (3072K)
 Metaspace       used 39626K, capacity 39915K, committed 40240K, reserved 1085440K
  class space    used 5164K, capacity 5240K, committed 5248K, reserved 1048576K
}
Event: 13.605 GC heap before
{Heap before GC invocations=16 (full 0):
 garbage-first heap   total 94208K, used 64571K [0x00000000c1800000, 0x0000000100000000)
  region size 1024K, 15 young (15360K), 3 survivors (3072K)
 Metaspace       used 40153K, capacity 40462K, committed 40880K, reserved 1085440K
  class space    used 5237K, capacity 5337K, committed 5376K, reserved 1048576K
}
Event: 13.612 GC heap after
{Heap after GC invocations=17 (full 0):
 garbage-first heap   total 94208K, used 55762K [0x00000000c1800000, 0x0000000100000000)
  region size 1024K, 2 young (2048K), 2 survivors (2048K)
 Metaspace       used 40153K, capacity 40462K, committed 40880K, reserved 1085440K
  class space    used 5237K, capacity 5337K, committed 5376K, reserved 1048576K
}
Event: 14.218 GC heap before
{Heap before GC invocations=17 (full 0):
 garbage-first heap   total 94208K, used 71122K [0x00000000c1800000, 0x0000000100000000)
  region size 1024K, 18 young (18432K), 2 survivors (2048K)
 Metaspace       used 40806K, capacity 41070K, committed 41520K, reserved 1085440K
  class space    used 5406K, capacity 5497K, committed 5504K, reserved 1048576K
}
Event: 14.225 GC heap after
{Heap after GC invocations=18 (full 0):
 garbage-first heap   total 94208K, used 61585K [0x00000000c1800000, 0x0000000100000000)
  region size 1024K, 3 young (3072K), 3 survivors (3072K)
 Metaspace       used 40806K, capacity 41070K, committed 41520K, reserved 1085440K
  class space    used 5406K, capacity 5497K, committed 5504K, reserved 1048576K
}
Event: 14.396 GC heap before
{Heap before GC invocations=19 (full 0):
 garbage-first heap   total 107520K, used 63633K [0x00000000c1800000, 0x0000000100000000)
  region size 1024K, 7 young (7168K), 3 survivors (3072K)
 Metaspace       used 40923K, capacity 41166K, committed 41648K, reserved 1085440K
  class space    used 5440K, capacity 5529K, committed 5632K, reserved 1048576K
}
Event: 14.401 GC heap after
{Heap after GC invocations=20 (full 0):
 garbage-first heap   total 107520K, used 63108K [0x00000000c1800000, 0x0000000100000000)
  region size 1024K, 2 young (2048K), 2 survivors (2048K)
 Metaspace       used 40923K, capacity 41166K, committed 41648K, reserved 1085440K
  class space    used 5440K, capacity 5529K, committed 5632K, reserved 1048576K
}
Event: 14.753 GC heap before
{Heap before GC invocations=21 (full 0):
 garbage-first heap   total 140288K, used 88708K [0x00000000c1800000, 0x0000000100000000)
  region size 1024K, 19 young (19456K), 2 survivors (2048K)
 Metaspace       used 41229K, capacity 41518K, committed 41904K, reserved 1085440K
  class space    used 5511K, capacity 5625K, committed 5632K, reserved 1048576K
}
Event: 14.757 GC heap after
{Heap after GC invocations=22 (full 0):
 garbage-first heap   total 140288K, used 74464K [0x00000000c1800000, 0x0000000100000000)
  region size 1024K, 3 young (3072K), 3 survivors (3072K)
 Metaspace       used 41229K, capacity 41518K, committed 41904K, reserved 1085440K
  class space    used 5511K, capacity 5625K, committed 5632K, reserved 1048576K
}
Event: 15.488 GC heap before
{Heap before GC invocations=22 (full 0):
 garbage-first heap   total 140288K, used 105184K [0x00000000c1800000, 0x0000000100000000)
  region size 1024K, 33 young (33792K), 3 survivors (3072K)
 Metaspace       used 41905K, capacity 42223K, committed 42672K, reserved 1085440K
  class space    used 5704K, capacity 5817K, committed 5888K, reserved 1048576K
}
Event: 15.495 GC heap after
{Heap after GC invocations=23 (full 0):
 garbage-first heap   total 140288K, used 83041K [0x00000000c1800000, 0x0000000100000000)
  region size 1024K, 5 young (5120K), 5 survivors (5120K)
 Metaspace       used 41905K, capacity 42223K, committed 42672K, reserved 1085440K
  class space    used 5704K, capacity 5817K, committed 5888K, reserved 1048576K
}
Event: 16.033 GC heap before
{Heap before GC invocations=24 (full 0):
 garbage-first heap   total 147456K, used 89185K [0x00000000c1800000, 0x0000000100000000)
  region size 1024K, 13 young (13312K), 5 survivors (5120K)
 Metaspace       used 42862K, capacity 43119K, committed 43440K, reserved 1087488K
  class space    used 5792K, capacity 5881K, committed 5888K, reserved 1048576K
}
Event: 16.042 GC heap after
{Heap after GC invocations=25 (full 0):
 garbage-first heap   total 147456K, used 86088K [0x00000000c1800000, 0x0000000100000000)
  region size 1024K, 3 young (3072K), 3 survivors (3072K)
 Metaspace       used 42862K, capacity 43119K, committed 43440K, reserved 1087488K
  class space    used 5792K, capacity 5881K, committed 5888K, reserved 1048576K
}

