# JRE version: Java(TM) SE Runtime Environment (15.0.2+7) (build 15.0.2+7-27)
# Java VM: Java HotSpot(TM) 64-Bit Server VM (15.0.2+7-27, mixed mode, sharing, tiered, compressed oops, g1 gc, windows-amd64)
GC Precious Log:
 CPUs: 4 total, 4 available
 Memory: 12188M
 Large Page Support: Disabled
 NUMA Support: Disabled
 Compressed Oops: Enabled (Zero based)
 Heap Region Size: 2M
 Heap Min Capacity: 8M
 Heap Initial Capacity: 192M
 Heap Max Capacity: 3048M
 Pre-touch: Disabled
 Parallel Workers: 4
 Concurrent Workers: 1
 Concurrent Refinement Workers: 4
 Periodic GC: Disabled
Heap:
 garbage-first heap   total 137216K, used 84149K [0x0000000741800000, 0x0000000800000000)
  region size 2048K, 2 young (4096K), 1 survivors (2048K)
 Metaspace       used 51126K, capacity 51559K, committed 51964K, reserved 1093632K
  class space    used 6986K, capacity 7143K, committed 7244K, reserved 1048576K
GC Heap History (20 events):
Event: 12.975 GC heap before
{Heap before GC invocations=11 (full 0):
 garbage-first heap   total 81920K, used 61234K [0x0000000741800000, 0x0000000800000000)
  region size 2048K, 10 young (20480K), 2 survivors (4096K)
 Metaspace       used 40434K, capacity 40827K, committed 41212K, reserved 1085440K
  class space    used 5294K, capacity 5434K, committed 5452K, reserved 1048576K
}
Event: 12.983 GC heap after
{Heap after GC invocations=12 (full 0):
 garbage-first heap   total 81920K, used 48997K [0x0000000741800000, 0x0000000800000000)
  region size 2048K, 2 young (4096K), 2 survivors (4096K)
 Metaspace       used 40434K, capacity 40827K, committed 41212K, reserved 1085440K
  class space    used 5294K, capacity 5434K, committed 5452K, reserved 1048576K
}
Event: 13.267 GC heap before
{Heap before GC invocations=13 (full 0):
 garbage-first heap   total 90112K, used 59237K [0x0000000741800000, 0x0000000800000000)
  region size 2048K, 8 young (16384K), 2 survivors (4096K)
 Metaspace       used 40942K, capacity 41339K, committed 41852K, reserved 1085440K
  class space    used 5422K, capacity 5562K, committed 5580K, reserved 1048576K
}
Event: 13.274 GC heap after
{Heap after GC invocations=14 (full 0):
 garbage-first heap   total 90112K, used 53518K [0x0000000741800000, 0x0000000800000000)
  region size 2048K, 1 young (2048K), 1 survivors (2048K)
 Metaspace       used 40942K, capacity 41339K, committed 41852K, reserved 1085440K
  class space    used 5422K, capacity 5562K, committed 5580K, reserved 1048576K
}
Event: 13.462 GC heap before
{Heap before GC invocations=14 (full 0):
 garbage-first heap   total 90112K, used 63758K [0x0000000741800000, 0x0000000800000000)
  region size 2048K, 7 young (14336K), 1 survivors (2048K)
 Metaspace       used 41404K, capacity 41755K, committed 42236K, reserved 1085440K
  class space    used 5544K, capacity 5658K, committed 5708K, reserved 1048576K
}
Event: 13.467 GC heap after
{Heap after GC invocations=15 (full 0):
 garbage-first heap   total 90112K, used 57556K [0x0000000741800000, 0x0000000800000000)
  region size 2048K, 1 young (2048K), 1 survivors (2048K)
 Metaspace       used 41404K, capacity 41755K, committed 42236K, reserved 1085440K
  class space    used 5544K, capacity 5658K, committed 5708K, reserved 1048576K
}
Event: 13.665 GC heap before
{Heap before GC invocations=16 (full 0):
 garbage-first heap   total 106496K, used 67796K [0x0000000741800000, 0x0000000800000000)
  region size 2048K, 6 young (12288K), 1 survivors (2048K)
 Metaspace       used 41746K, capacity 42108K, committed 42620K, reserved 1085440K
  class space    used 5617K, capacity 5754K, committed 5836K, reserved 1048576K
}
Event: 13.669 GC heap after
{Heap after GC invocations=17 (full 0):
 garbage-first heap   total 106496K, used 61039K [0x0000000741800000, 0x0000000800000000)
  region size 2048K, 1 young (2048K), 1 survivors (2048K)
 Metaspace       used 41746K, capacity 42108K, committed 42620K, reserved 1085440K
  class space    used 5617K, capacity 5754K, committed 5836K, reserved 1048576K
}
Event: 13.887 GC heap before
{Heap before GC invocations=17 (full 0):
 garbage-first heap   total 106496K, used 77423K [0x0000000741800000, 0x0000000800000000)
  region size 2048K, 9 young (18432K), 1 survivors (2048K)
 Metaspace       used 42111K, capacity 42460K, committed 43004K, reserved 1087488K
  class space    used 5726K, capacity 5850K, committed 5964K, reserved 1048576K
}
Event: 13.891 GC heap after
{Heap after GC invocations=18 (full 0):
 garbage-first heap   total 106496K, used 66251K [0x0000000741800000, 0x0000000800000000)
  region size 2048K, 2 young (4096K), 2 survivors (4096K)
 Metaspace       used 42111K, capacity 42460K, committed 43004K, reserved 1087488K
  class space    used 5726K, capacity 5850K, committed 5964K, reserved 1048576K
}
Event: 14.308 GC heap before
{Heap before GC invocations=19 (full 0):
 garbage-first heap   total 122880K, used 78539K [0x0000000741800000, 0x0000000800000000)
  region size 2048K, 9 young (18432K), 2 survivors (4096K)
 Metaspace       used 42732K, capacity 43068K, committed 43516K, reserved 1087488K
  class space    used 5814K, capacity 5946K, committed 5964K, reserved 1048576K
}
Event: 14.314 GC heap after
{Heap after GC invocations=20 (full 0):
 garbage-first heap   total 122880K, used 71083K [0x0000000741800000, 0x0000000800000000)
  region size 2048K, 2 young (4096K), 2 survivors (4096K)
 Metaspace       used 42732K, capacity 43068K, committed 43516K, reserved 1087488K
  class space    used 5814K, capacity 5946K, committed 5964K, reserved 1048576K
}
Event: 14.411 GC heap before
{Heap before GC invocations=20 (full 0):
 garbage-first heap   total 122880K, used 71083K [0x0000000741800000, 0x0000000800000000)
  region size 2048K, 3 young (6144K), 2 survivors (4096K)
 Metaspace       used 43255K, capacity 43644K, committed 44156K, reserved 1087488K
  class space    used 5864K, capacity 6010K, committed 6092K, reserved 1048576K
}
Event: 14.413 GC heap after
{Heap after GC invocations=21 (full 0):
 garbage-first heap   total 122880K, used 72527K [0x0000000741800000, 0x0000000800000000)
  region size 2048K, 1 young (2048K), 1 survivors (2048K)
 Metaspace       used 43255K, capacity 43644K, committed 44156K, reserved 1087488K
  class space    used 5864K, capacity 6010K, committed 6092K, reserved 1048576K
}
Event: 96.788 GC heap before
{Heap before GC invocations=22 (full 0):
 garbage-first heap   total 133120K, used 95055K [0x0000000741800000, 0x0000000800000000)
  region size 2048K, 10 young (20480K), 1 survivors (2048K)
 Metaspace       used 44622K, capacity 44997K, committed 45564K, reserved 1089536K
  class space    used 6019K, capacity 6140K, committed 6220K, reserved 1048576K
}
Event: 96.793 GC heap after
{Heap after GC invocations=23 (full 0):
 garbage-first heap   total 133120K, used 76105K [0x0000000741800000, 0x0000000800000000)
  region size 2048K, 1 young (2048K), 1 survivors (2048K)
 Metaspace       used 44622K, capacity 44997K, committed 45564K, reserved 1089536K
  class space    used 6019K, capacity 6140K, committed 6220K, reserved 1048576K
}
Event: 97.928 GC heap before
{Heap before GC invocations=23 (full 0):
 garbage-first heap   total 133120K, used 96585K [0x0000000741800000, 0x0000000800000000)
  region size 2048K, 12 young (24576K), 1 survivors (2048K)
 Metaspace       used 50167K, capacity 50575K, committed 51068K, reserved 1093632K
  class space    used 6882K, capacity 7032K, committed 7116K, reserved 1048576K
}
Event: 97.933 GC heap after
{Heap after GC invocations=24 (full 0):
 garbage-first heap   total 133120K, used 79107K [0x0000000741800000, 0x0000000800000000)
  region size 2048K, 2 young (4096K), 2 survivors (4096K)
 Metaspace       used 50167K, capacity 50575K, committed 51068K, reserved 1093632K
  class space    used 6882K, capacity 7032K, committed 7116K, reserved 1048576K
}
Event: 109.059 GC heap before
{Heap before GC invocations=25 (full 0):
 garbage-first heap   total 137216K, used 87299K [0x0000000741800000, 0x0000000800000000)
  region size 2048K, 8 young (16384K), 2 survivors (4096K)
 Metaspace       used 51088K, capacity 51483K, committed 51964K, reserved 1093632K
  class space    used 6979K, capacity 7139K, committed 7244K, reserved 1048576K
}
Event: 109.066 GC heap after
{Heap after GC invocations=26 (full 0):
 garbage-first heap   total 137216K, used 80053K [0x0000000741800000, 0x0000000800000000)
  region size 2048K, 1 young (2048K), 1 survivors (2048K)
 Metaspace       used 51088K, capacity 51483K, committed 51964K, reserved 1093632K
  class space    used 6979K, capacity 7139K, committed 7244K, reserved 1048576K
}

