# JRE version: Java(TM) SE Runtime Environment (15.0.2+7) (build 15.0.2+7-27)
# Java VM: Java HotSpot(TM) 64-Bit Server VM (15.0.2+7-27, mixed mode, sharing, tiered, compressed oops, g1 gc, windows-amd64)
GC Precious Log:
 CPUs: 4 total, 4 available
 Memory: 3996M
 Large Page Support: Disabled
 NUMA Support: Disabled
 Compressed Oops: Enabled (32-bit)
 Heap Region Size: 1M
 Heap Min Capacity: 8M
 Heap Initial Capacity: 64M
 Heap Max Capacity: 1000M
 Pre-touch: Disabled
 Parallel Workers: 4
 Concurrent Workers: 1
 Concurrent Refinement Workers: 4
 Periodic GC: Disabled
Heap:
 garbage-first heap   total 152576K, used 112858K [0x00000000c1800000, 0x0000000100000000)
  region size 1024K, 28 young (28672K), 4 survivors (4096K)
 Metaspace       used 44800K, capacity 45083K, committed 45488K, reserved 1089536K
  class space    used 5988K, capacity 6108K, committed 6144K, reserved 1048576K
GC Heap History (20 events):
Event: 9.399 GC heap before
{Heap before GC invocations=8 (full 0):
 garbage-first heap   total 83968K, used 58347K [0x00000000c1800000, 0x0000000100000000)
  region size 1024K, 29 young (29696K), 5 survivors (5120K)
 Metaspace       used 31134K, capacity 31289K, committed 31664K, reserved 1077248K
  class space    used 3721K, capacity 3786K, committed 3840K, reserved 1048576K
}
Event: 9.411 GC heap after
{Heap after GC invocations=9 (full 0):
 garbage-first heap   total 83968K, used 39463K [0x00000000c1800000, 0x0000000100000000)
  region size 1024K, 4 young (4096K), 4 survivors (4096K)
 Metaspace       used 31134K, capacity 31289K, committed 31664K, reserved 1077248K
  class space    used 3721K, capacity 3786K, committed 3840K, reserved 1048576K
}
Event: 11.747 GC heap before
{Heap before GC invocations=9 (full 0):
 garbage-first heap   total 83968K, used 57895K [0x00000000c1800000, 0x0000000100000000)
  region size 1024K, 23 young (23552K), 4 survivors (4096K)
 Metaspace       used 33587K, capacity 33821K, committed 34224K, reserved 1079296K
  class space    used 4169K, capacity 4235K, committed 4352K, reserved 1048576K
}
Event: 11.756 GC heap after
{Heap after GC invocations=10 (full 0):
 garbage-first heap   total 83968K, used 43769K [0x00000000c1800000, 0x0000000100000000)
  region size 1024K, 3 young (3072K), 3 survivors (3072K)
 Metaspace       used 33587K, capacity 33821K, committed 34224K, reserved 1079296K
  class space    used 4169K, capacity 4235K, committed 4352K, reserved 1048576K
}
Event: 14.054 GC heap before
{Heap before GC invocations=10 (full 0):
 garbage-first heap   total 83968K, used 61177K [0x00000000c1800000, 0x0000000100000000)
  region size 1024K, 21 young (21504K), 3 survivors (3072K)
 Metaspace       used 35348K, capacity 35550K, committed 35888K, reserved 1081344K
  class space    used 4582K, capacity 4683K, committed 4736K, reserved 1048576K
}
Event: 14.064 GC heap after
{Heap after GC invocations=11 (full 0):
 garbage-first heap   total 83968K, used 48128K [0x00000000c1800000, 0x0000000100000000)
  region size 1024K, 3 young (3072K), 3 survivors (3072K)
 Metaspace       used 35348K, capacity 35550K, committed 35888K, reserved 1081344K
  class space    used 4582K, capacity 4683K, committed 4736K, reserved 1048576K
}
Event: 15.223 GC heap before
{Heap before GC invocations=12 (full 0):
 garbage-first heap   total 83968K, used 63488K [0x00000000c1800000, 0x0000000100000000)
  region size 1024K, 19 young (19456K), 3 survivors (3072K)
 Metaspace       used 39209K, capacity 39493K, committed 39984K, reserved 1083392K
  class space    used 5103K, capacity 5207K, committed 5248K, reserved 1048576K
}
Event: 15.231 GC heap after
{Heap after GC invocations=13 (full 0):
 garbage-first heap   total 83968K, used 51141K [0x00000000c1800000, 0x0000000100000000)
  region size 1024K, 3 young (3072K), 3 survivors (3072K)
 Metaspace       used 39209K, capacity 39493K, committed 39984K, reserved 1083392K
  class space    used 5103K, capacity 5207K, committed 5248K, reserved 1048576K
}
Event: 15.702 GC heap before
{Heap before GC invocations=13 (full 0):
 garbage-first heap   total 83968K, used 64453K [0x00000000c1800000, 0x0000000100000000)
  region size 1024K, 17 young (17408K), 3 survivors (3072K)
 Metaspace       used 40151K, capacity 40462K, committed 40880K, reserved 1085440K
  class space    used 5237K, capacity 5337K, committed 5376K, reserved 1048576K
}
Event: 15.708 GC heap after
{Heap after GC invocations=14 (full 0):
 garbage-first heap   total 83968K, used 55083K [0x00000000c1800000, 0x0000000100000000)
  region size 1024K, 3 young (3072K), 3 survivors (3072K)
 Metaspace       used 40151K, capacity 40462K, committed 40880K, reserved 1085440K
  class space    used 5237K, capacity 5337K, committed 5376K, reserved 1048576K
}
Event: 16.055 GC heap before
{Heap before GC invocations=15 (full 0):
 garbage-first heap   total 96256K, used 66347K [0x00000000c1800000, 0x0000000100000000)
  region size 1024K, 14 young (14336K), 3 survivors (3072K)
 Metaspace       used 40612K, capacity 40910K, committed 41264K, reserved 1085440K
  class space    used 5359K, capacity 5465K, committed 5504K, reserved 1048576K
}
Event: 16.061 GC heap after
{Heap after GC invocations=16 (full 0):
 garbage-first heap   total 96256K, used 59182K [0x00000000c1800000, 0x0000000100000000)
  region size 1024K, 2 young (2048K), 2 survivors (2048K)
 Metaspace       used 40612K, capacity 40910K, committed 41264K, reserved 1085440K
  class space    used 5359K, capacity 5465K, committed 5504K, reserved 1048576K
}
Event: 16.307 GC heap before
{Heap before GC invocations=16 (full 0):
 garbage-first heap   total 96256K, used 67374K [0x00000000c1800000, 0x0000000100000000)
  region size 1024K, 11 young (11264K), 2 survivors (2048K)
 Metaspace       used 40913K, capacity 41166K, committed 41648K, reserved 1085440K
  class space    used 5440K, capacity 5529K, committed 5632K, reserved 1048576K
}
Event: 16.313 GC heap after
{Heap after GC invocations=17 (full 0):
 garbage-first heap   total 96256K, used 62078K [0x00000000c1800000, 0x0000000100000000)
  region size 1024K, 3 young (3072K), 3 survivors (3072K)
 Metaspace       used 40913K, capacity 41166K, committed 41648K, reserved 1085440K
  class space    used 5440K, capacity 5529K, committed 5632K, reserved 1048576K
}
Event: 16.498 GC heap before
{Heap before GC invocations=18 (full 0):
 garbage-first heap   total 137216K, used 83582K [0x00000000c1800000, 0x0000000100000000)
  region size 1024K, 16 young (16384K), 3 survivors (3072K)
 Metaspace       used 41081K, capacity 41358K, committed 41648K, reserved 1085440K
  class space    used 5481K, capacity 5593K, committed 5632K, reserved 1048576K
}
Event: 16.502 GC heap after
{Heap after GC invocations=19 (full 0):
 garbage-first heap   total 137216K, used 72397K [0x00000000c1800000, 0x0000000100000000)
  region size 1024K, 2 young (2048K), 2 survivors (2048K)
 Metaspace       used 41081K, capacity 41358K, committed 41648K, reserved 1085440K
  class space    used 5481K, capacity 5593K, committed 5632K, reserved 1048576K
}
Event: 17.246 GC heap before
{Heap before GC invocations=19 (full 0):
 garbage-first heap   total 137216K, used 102093K [0x00000000c1800000, 0x0000000100000000)
  region size 1024K, 32 young (32768K), 2 survivors (2048K)
 Metaspace       used 41846K, capacity 42127K, committed 42672K, reserved 1085440K
  class space    used 5683K, capacity 5785K, committed 5888K, reserved 1048576K
}
Event: 17.255 GC heap after
{Heap after GC invocations=20 (full 0):
 garbage-first heap   total 137216K, used 81157K [0x00000000c1800000, 0x0000000100000000)
  region size 1024K, 4 young (4096K), 4 survivors (4096K)
 Metaspace       used 41846K, capacity 42127K, committed 42672K, reserved 1085440K
  class space    used 5683K, capacity 5785K, committed 5888K, reserved 1048576K
}
Event: 17.805 GC heap before
{Heap before GC invocations=21 (full 0):
 garbage-first heap   total 143360K, used 91397K [0x00000000c1800000, 0x0000000100000000)
  region size 1024K, 16 young (16384K), 4 survivors (4096K)
 Metaspace       used 42852K, capacity 43087K, committed 43440K, reserved 1087488K
  class space    used 5786K, capacity 5849K, committed 5888K, reserved 1048576K
}
Event: 17.811 GC heap after
{Heap after GC invocations=22 (full 0):
 garbage-first heap   total 143360K, used 85210K [0x00000000c1800000, 0x0000000100000000)
  region size 1024K, 4 young (4096K), 4 survivors (4096K)
 Metaspace       used 42852K, capacity 43087K, committed 43440K, reserved 1087488K
  class space    used 5786K, capacity 5849K, committed 5888K, reserved 1048576K
}

