# JRE version: Java(TM) SE Runtime Environment (15.0.2+7) (build 15.0.2+7-27)
# Java VM: Java HotSpot(TM) 64-Bit Server VM (15.0.2+7-27, mixed mode, sharing, tiered, compressed oops, g1 gc, windows-amd64)
GC Precious Log:
 CPUs: 4 total, 4 available
 Memory: 12188M
 Large Page Support: Disabled
 NUMA Support: Disabled
 Compressed Oops: Enabled (Zero based)
 Heap Region Size: 2M
 Heap Min Capacity: 8M
 Heap Initial Capacity: 192M
 Heap Max Capacity: 3048M
 Pre-touch: Disabled
 Parallel Workers: 4
 Concurrent Workers: 1
 Concurrent Refinement Workers: 4
 Periodic GC: Disabled
Heap:
 garbage-first heap   total 141312K, used 88796K [0x0000000741800000, 0x0000000800000000)
  region size 2048K, 3 young (6144K), 2 survivors (4096K)
 Metaspace       used 50753K, capacity 51112K, committed 51408K, reserved 1093632K
  class space    used 6931K, capacity 7081K, committed 7168K, reserved 1048576K
GC Heap History (20 events):
Event: 9.371 GC heap before
{Heap before GC invocations=7 (full 0):
 garbage-first heap   total 102400K, used 64761K [0x0000000741800000, 0x0000000800000000)
  region size 2048K, 19 young (38912K), 4 survivors (8192K)
 Metaspace       used 33571K, capacity 33869K, committed 34304K, reserved 1079296K
  class space    used 4134K, capacity 4268K, committed 4352K, reserved 1048576K
}
Event: 9.384 GC heap after
{Heap after GC invocations=8 (full 0):
 garbage-first heap   total 102400K, used 43441K [0x0000000741800000, 0x0000000800000000)
  region size 2048K, 3 young (6144K), 3 survivors (6144K)
 Metaspace       used 33571K, capacity 33869K, committed 34304K, reserved 1079296K
  class space    used 4134K, capacity 4268K, committed 4352K, reserved 1048576K
}
Event: 11.598 GC heap before
{Heap before GC invocations=8 (full 0):
 garbage-first heap   total 102400K, used 57777K [0x0000000741800000, 0x0000000800000000)
  region size 2048K, 11 young (22528K), 3 survivors (6144K)
 Metaspace       used 35248K, capacity 35534K, committed 35920K, reserved 1081344K
  class space    used 4523K, capacity 4652K, committed 4736K, reserved 1048576K
}
Event: 11.607 GC heap after
{Heap after GC invocations=9 (full 0):
 garbage-first heap   total 102400K, used 47120K [0x0000000741800000, 0x0000000800000000)
  region size 2048K, 2 young (4096K), 2 survivors (4096K)
 Metaspace       used 35248K, capacity 35534K, committed 35920K, reserved 1081344K
  class space    used 4523K, capacity 4652K, committed 4736K, reserved 1048576K
}
Event: 13.007 GC heap before
{Heap before GC invocations=10 (full 0):
 garbage-first heap   total 102400K, used 73744K [0x0000000741800000, 0x0000000800000000)
  region size 2048K, 15 young (30720K), 2 survivors (4096K)
 Metaspace       used 40121K, capacity 40347K, committed 40656K, reserved 1085440K
  class space    used 5247K, capacity 5337K, committed 5376K, reserved 1048576K
}
Event: 13.017 GC heap after
{Heap after GC invocations=11 (full 0):
 garbage-first heap   total 102400K, used 51934K [0x0000000741800000, 0x0000000800000000)
  region size 2048K, 2 young (4096K), 2 survivors (4096K)
 Metaspace       used 40121K, capacity 40347K, committed 40656K, reserved 1085440K
  class space    used 5247K, capacity 5337K, committed 5376K, reserved 1048576K
}
Event: 13.497 GC heap before
{Heap before GC invocations=11 (full 0):
 garbage-first heap   total 102400K, used 74462K [0x0000000741800000, 0x0000000800000000)
  region size 2048K, 13 young (26624K), 2 survivors (4096K)
 Metaspace       used 41088K, capacity 41406K, committed 41936K, reserved 1085440K
  class space    used 5448K, capacity 5562K, committed 5632K, reserved 1048576K
}
Event: 13.504 GC heap after
{Heap after GC invocations=12 (full 0):
 garbage-first heap   total 102400K, used 59392K [0x0000000741800000, 0x0000000800000000)
  region size 2048K, 2 young (4096K), 2 survivors (4096K)
 Metaspace       used 41088K, capacity 41406K, committed 41936K, reserved 1085440K
  class space    used 5448K, capacity 5562K, committed 5632K, reserved 1048576K
}
Event: 13.918 GC heap before
{Heap before GC invocations=13 (full 0):
 garbage-first heap   total 106496K, used 73728K [0x0000000741800000, 0x0000000800000000)
  region size 2048K, 10 young (20480K), 2 survivors (4096K)
 Metaspace       used 41676K, capacity 41950K, committed 42320K, reserved 1085440K
  class space    used 5599K, capacity 5722K, committed 5760K, reserved 1048576K
}
Event: 13.925 GC heap after
{Heap after GC invocations=14 (full 0):
 garbage-first heap   total 106496K, used 65110K [0x0000000741800000, 0x0000000800000000)
  region size 2048K, 2 young (4096K), 2 survivors (4096K)
 Metaspace       used 41676K, capacity 41950K, committed 42320K, reserved 1085440K
  class space    used 5599K, capacity 5722K, committed 5760K, reserved 1048576K
}
Event: 14.173 GC heap before
{Heap before GC invocations=14 (full 0):
 garbage-first heap   total 106496K, used 77398K [0x0000000741800000, 0x0000000800000000)
  region size 2048K, 9 young (18432K), 2 survivors (4096K)
 Metaspace       used 42026K, capacity 42367K, committed 42704K, reserved 1085440K
  class space    used 5692K, capacity 5818K, committed 5888K, reserved 1048576K
}
Event: 14.176 GC heap after
{Heap after GC invocations=15 (full 0):
 garbage-first heap   total 106496K, used 69685K [0x0000000741800000, 0x0000000800000000)
  region size 2048K, 2 young (4096K), 2 survivors (4096K)
 Metaspace       used 42026K, capacity 42367K, committed 42704K, reserved 1085440K
  class space    used 5692K, capacity 5818K, committed 5888K, reserved 1048576K
}
Event: 14.459 GC heap before
{Heap before GC invocations=16 (full 0):
 garbage-first heap   total 122880K, used 79925K [0x0000000741800000, 0x0000000800000000)
  region size 2048K, 8 young (16384K), 2 survivors (4096K)
 Metaspace       used 42310K, capacity 42623K, committed 42960K, reserved 1087488K
  class space    used 5769K, capacity 5882K, committed 5888K, reserved 1048576K
}
Event: 14.466 GC heap after
{Heap after GC invocations=17 (full 0):
 garbage-first heap   total 122880K, used 73201K [0x0000000741800000, 0x0000000800000000)
  region size 2048K, 1 young (2048K), 1 survivors (2048K)
 Metaspace       used 42310K, capacity 42623K, committed 42960K, reserved 1087488K
  class space    used 5769K, capacity 5882K, committed 5888K, reserved 1048576K
}
Event: 14.897 GC heap before
{Heap before GC invocations=17 (full 0):
 garbage-first heap   total 122880K, used 83441K [0x0000000741800000, 0x0000000800000000)
  region size 2048K, 8 young (16384K), 1 survivors (2048K)
 Metaspace       used 43392K, capacity 43711K, committed 44112K, reserved 1087488K
  class space    used 5888K, capacity 6010K, committed 6016K, reserved 1048576K
}
Event: 14.900 GC heap after
{Heap after GC invocations=18 (full 0):
 garbage-first heap   total 122880K, used 77434K [0x0000000741800000, 0x0000000800000000)
  region size 2048K, 2 young (4096K), 2 survivors (4096K)
 Metaspace       used 43392K, capacity 43711K, committed 44112K, reserved 1087488K
  class space    used 5888K, capacity 6010K, committed 6016K, reserved 1048576K
}
Event: 80.996 GC heap before
{Heap before GC invocations=19 (full 0):
 garbage-first heap   total 141312K, used 99962K [0x0000000741800000, 0x0000000800000000)
  region size 2048K, 11 young (22528K), 2 survivors (4096K)
 Metaspace       used 45625K, capacity 45963K, committed 46416K, reserved 1089536K
  class space    used 6126K, capacity 6269K, committed 6272K, reserved 1048576K
}
Event: 81.000 GC heap after
{Heap after GC invocations=20 (full 0):
 garbage-first heap   total 141312K, used 81861K [0x0000000741800000, 0x0000000800000000)
  region size 2048K, 1 young (2048K), 1 survivors (2048K)
 Metaspace       used 45625K, capacity 45963K, committed 46416K, reserved 1089536K
  class space    used 6126K, capacity 6269K, committed 6272K, reserved 1048576K
}
Event: 87.717 GC heap before
{Heap before GC invocations=20 (full 0):
 garbage-first heap   total 141312K, used 106437K [0x0000000741800000, 0x0000000800000000)
  region size 2048K, 14 young (28672K), 1 survivors (2048K)
 Metaspace       used 50690K, capacity 51088K, committed 51408K, reserved 1093632K
  class space    used 6919K, capacity 7073K, committed 7168K, reserved 1048576K
}
Event: 87.724 GC heap after
{Heap after GC invocations=21 (full 0):
 garbage-first heap   total 141312K, used 84700K [0x0000000741800000, 0x0000000800000000)
  region size 2048K, 2 young (4096K), 2 survivors (4096K)
 Metaspace       used 50690K, capacity 51088K, committed 51408K, reserved 1093632K
  class space    used 6919K, capacity 7073K, committed 7168K, reserved 1048576K
}

