# JRE version: Java(TM) SE Runtime Environment (15.0.2+7) (build 15.0.2+7-27)
# Java VM: Java HotSpot(TM) 64-Bit Server VM (15.0.2+7-27, mixed mode, sharing, tiered, compressed oops, g1 gc, windows-amd64)
GC Precious Log:
 CPUs: 4 total, 4 available
 Memory: 3996M
 Large Page Support: Disabled
 NUMA Support: Disabled
 Compressed Oops: Enabled (32-bit)
 Heap Region Size: 1M
 Heap Min Capacity: 8M
 Heap Initial Capacity: 64M
 Heap Max Capacity: 1000M
 Pre-touch: Disabled
 Parallel Workers: 4
 Concurrent Workers: 1
 Concurrent Refinement Workers: 4
 Periodic GC: Disabled
Heap:
 garbage-first heap   total 153600K, used 99328K [0x00000000c1800000, 0x0000000100000000)
  region size 1024K, 11 young (11264K), 4 survivors (4096K)
 Metaspace       used 45761K, capacity 46017K, committed 46464K, reserved 1089536K
  class space    used 6156K, capacity 6269K, committed 6272K, reserved 1048576K
GC Heap History (20 events):
Event: 10.411 GC heap before
{Heap before GC invocations=10 (full 0):
 garbage-first heap   total 81920K, used 56624K [0x00000000c1800000, 0x0000000100000000)
  region size 1024K, 19 young (19456K), 3 survivors (3072K)
 Metaspace       used 33904K, capacity 34205K, committed 34688K, reserved 1079296K
  class space    used 4240K, capacity 4363K, committed 4480K, reserved 1048576K
}
Event: 10.419 GC heap after
{Heap after GC invocations=11 (full 0):
 garbage-first heap   total 81920K, used 44992K [0x00000000c1800000, 0x0000000100000000)
  region size 1024K, 3 young (3072K), 3 survivors (3072K)
 Metaspace       used 33904K, capacity 34205K, committed 34688K, reserved 1079296K
  class space    used 4240K, capacity 4363K, committed 4480K, reserved 1048576K
}
Event: 12.134 GC heap before
{Heap before GC invocations=12 (full 0):
 garbage-first heap   total 81920K, used 61376K [0x00000000c1800000, 0x0000000100000000)
  region size 1024K, 19 young (19456K), 3 survivors (3072K)
 Metaspace       used 35442K, capacity 35710K, committed 36224K, reserved 1081344K
  class space    used 4599K, capacity 4715K, committed 4736K, reserved 1048576K
}
Event: 12.143 GC heap after
{Heap after GC invocations=13 (full 0):
 garbage-first heap   total 81920K, used 48823K [0x00000000c1800000, 0x0000000100000000)
  region size 1024K, 3 young (3072K), 3 survivors (3072K)
 Metaspace       used 35442K, capacity 35710K, committed 36224K, reserved 1081344K
  class space    used 4599K, capacity 4715K, committed 4736K, reserved 1048576K
}
Event: 12.996 GC heap before
{Heap before GC invocations=13 (full 0):
 garbage-first heap   total 81920K, used 62135K [0x00000000c1800000, 0x0000000100000000)
  region size 1024K, 17 young (17408K), 3 survivors (3072K)
 Metaspace       used 38718K, capacity 38977K, committed 39552K, reserved 1083392K
  class space    used 5025K, capacity 5142K, committed 5248K, reserved 1048576K
}
Event: 13.004 GC heap after
{Heap after GC invocations=14 (full 0):
 garbage-first heap   total 81920K, used 51632K [0x00000000c1800000, 0x0000000100000000)
  region size 1024K, 3 young (3072K), 3 survivors (3072K)
 Metaspace       used 38718K, capacity 38977K, committed 39552K, reserved 1083392K
  class space    used 5025K, capacity 5142K, committed 5248K, reserved 1048576K
}
Event: 13.422 GC heap before
{Heap before GC invocations=15 (full 0):
 garbage-first heap   total 91136K, used 63920K [0x00000000c1800000, 0x0000000100000000)
  region size 1024K, 15 young (15360K), 3 survivors (3072K)
 Metaspace       used 40071K, capacity 40398K, committed 40704K, reserved 1085440K
  class space    used 5221K, capacity 5337K, committed 5376K, reserved 1048576K
}
Event: 13.430 GC heap after
{Heap after GC invocations=16 (full 0):
 garbage-first heap   total 91136K, used 54272K [0x00000000c1800000, 0x0000000100000000)
  region size 1024K, 2 young (2048K), 2 survivors (2048K)
 Metaspace       used 40071K, capacity 40398K, committed 40704K, reserved 1085440K
  class space    used 5221K, capacity 5337K, committed 5376K, reserved 1048576K
}
Event: 14.073 GC heap before
{Heap before GC invocations=16 (full 0):
 garbage-first heap   total 91136K, used 70656K [0x00000000c1800000, 0x0000000100000000)
  region size 1024K, 19 young (19456K), 2 survivors (2048K)
 Metaspace       used 40794K, capacity 41102K, committed 41472K, reserved 1085440K
  class space    used 5392K, capacity 5529K, committed 5632K, reserved 1048576K
}
Event: 14.078 GC heap after
{Heap after GC invocations=17 (full 0):
 garbage-first heap   total 91136K, used 60295K [0x00000000c1800000, 0x0000000100000000)
  region size 1024K, 3 young (3072K), 3 survivors (3072K)
 Metaspace       used 40794K, capacity 41102K, committed 41472K, reserved 1085440K
  class space    used 5392K, capacity 5529K, committed 5632K, reserved 1048576K
}
Event: 14.313 GC heap before
{Heap before GC invocations=18 (full 0):
 garbage-first heap   total 106496K, used 66439K [0x00000000c1800000, 0x0000000100000000)
  region size 1024K, 10 young (10240K), 3 survivors (3072K)
 Metaspace       used 41017K, capacity 41262K, committed 41728K, reserved 1085440K
  class space    used 5452K, capacity 5561K, committed 5632K, reserved 1048576K
}
Event: 14.319 GC heap after
{Heap after GC invocations=19 (full 0):
 garbage-first heap   total 106496K, used 62464K [0x00000000c1800000, 0x0000000100000000)
  region size 1024K, 2 young (2048K), 2 survivors (2048K)
 Metaspace       used 41017K, capacity 41262K, committed 41728K, reserved 1085440K
  class space    used 5452K, capacity 5561K, committed 5632K, reserved 1048576K
}
Event: 14.700 GC heap before
{Heap before GC invocations=20 (full 0):
 garbage-first heap   total 137216K, used 90112K [0x00000000c1800000, 0x0000000100000000)
  region size 1024K, 21 young (21504K), 2 survivors (2048K)
 Metaspace       used 41391K, capacity 41679K, committed 42112K, reserved 1085440K
  class space    used 5542K, capacity 5657K, committed 5760K, reserved 1048576K
}
Event: 14.705 GC heap after
{Heap after GC invocations=21 (full 0):
 garbage-first heap   total 137216K, used 74593K [0x00000000c1800000, 0x0000000100000000)
  region size 1024K, 3 young (3072K), 3 survivors (3072K)
 Metaspace       used 41391K, capacity 41679K, committed 42112K, reserved 1085440K
  class space    used 5542K, capacity 5657K, committed 5760K, reserved 1048576K
}
Event: 15.474 GC heap before
{Heap before GC invocations=21 (full 0):
 garbage-first heap   total 137216K, used 104289K [0x00000000c1800000, 0x0000000100000000)
  region size 1024K, 33 young (33792K), 3 survivors (3072K)
 Metaspace       used 42031K, capacity 42319K, committed 42752K, reserved 1085440K
  class space    used 5727K, capacity 5849K, committed 5888K, reserved 1048576K
}
Event: 15.481 GC heap after
{Heap after GC invocations=22 (full 0):
 garbage-first heap   total 137216K, used 82985K [0x00000000c1800000, 0x0000000100000000)
  region size 1024K, 5 young (5120K), 5 survivors (5120K)
 Metaspace       used 42031K, capacity 42319K, committed 42752K, reserved 1085440K
  class space    used 5727K, capacity 5849K, committed 5888K, reserved 1048576K
}
Event: 15.851 GC heap before
{Heap before GC invocations=23 (full 0):
 garbage-first heap   total 145408K, used 87081K [0x00000000c1800000, 0x0000000100000000)
  region size 1024K, 11 young (11264K), 5 survivors (5120K)
 Metaspace       used 42963K, capacity 43215K, committed 43648K, reserved 1087488K
  class space    used 5802K, capacity 5913K, committed 6016K, reserved 1048576K
}
Event: 15.856 GC heap after
{Heap after GC invocations=24 (full 0):
 garbage-first heap   total 145408K, used 86045K [0x00000000c1800000, 0x0000000100000000)
  region size 1024K, 3 young (3072K), 3 survivors (3072K)
 Metaspace       used 42963K, capacity 43215K, committed 43648K, reserved 1087488K
  class space    used 5802K, capacity 5913K, committed 6016K, reserved 1048576K
}
Event: 31.260 GC heap before
{Heap before GC invocations=25 (full 0):
 garbage-first heap   total 153600K, used 114717K [0x00000000c1800000, 0x0000000100000000)
  region size 1024K, 28 young (28672K), 3 survivors (3072K)
 Metaspace       used 44043K, capacity 44379K, committed 44928K, reserved 1087488K
  class space    used 5839K, capacity 5979K, committed 6016K, reserved 1048576K
}
Event: 31.271 GC heap after
{Heap after GC invocations=26 (full 0):
 garbage-first heap   total 153600K, used 93184K [0x00000000c1800000, 0x0000000100000000)
  region size 1024K, 4 young (4096K), 4 survivors (4096K)
 Metaspace       used 44043K, capacity 44379K, committed 44928K, reserved 1087488K
  class space    used 5839K, capacity 5979K, committed 6016K, reserved 1048576K
}

