# JRE version: Java(TM) SE Runtime Environment (15.0.2+7) (build 15.0.2+7-27)
# Java VM: Java HotSpot(TM) 64-Bit Server VM (15.0.2+7-27, mixed mode, sharing, tiered, compressed oops, g1 gc, windows-amd64)
GC Precious Log:
 CPUs: 4 total, 4 available
 Memory: 3996M
 Large Page Support: Disabled
 NUMA Support: Disabled
 Compressed Oops: Enabled (32-bit)
 Heap Region Size: 1M
 Heap Min Capacity: 8M
 Heap Initial Capacity: 64M
 Heap Max Capacity: 1000M
 Pre-touch: Disabled
 Parallel Workers: 4
 Concurrent Workers: 1
 Concurrent Refinement Workers: 4
 Periodic GC: Disabled
Heap:
 garbage-first heap   total 143360K, used 101592K [0x00000000c1800000, 0x0000000100000000)
  region size 1024K, 21 young (21504K), 2 survivors (2048K)
 Metaspace       used 45487K, capacity 45790K, committed 46288K, reserved 1089536K
  class space    used 6076K, capacity 6173K, committed 6272K, reserved 1048576K
GC Heap History (20 events):
Event: 13.071 GC heap before
{Heap before GC invocations=11 (full 0):
 garbage-first heap   total 78848K, used 44447K [0x00000000c1800000, 0x0000000100000000)
  region size 1024K, 9 young (9216K), 3 survivors (3072K)
 Metaspace       used 35257K, capacity 35550K, committed 35920K, reserved 1081344K
  class space    used 4447K, capacity 4555K, committed 4608K, reserved 1048576K
}
Event: 13.078 GC heap after
{Heap after GC invocations=12 (full 0):
 garbage-first heap   total 78848K, used 41293K [0x00000000c1800000, 0x0000000100000000)
  region size 1024K, 2 young (2048K), 2 survivors (2048K)
 Metaspace       used 35257K, capacity 35550K, committed 35920K, reserved 1081344K
  class space    used 4447K, capacity 4555K, committed 4608K, reserved 1048576K
}
Event: 14.623 GC heap before
{Heap before GC invocations=13 (full 0):
 garbage-first heap   total 78848K, used 57677K [0x00000000c1800000, 0x0000000100000000)
  region size 1024K, 19 young (19456K), 2 survivors (2048K)
 Metaspace       used 38311K, capacity 38610K, committed 38992K, reserved 1083392K
  class space    used 4947K, capacity 5041K, committed 5120K, reserved 1048576K
}
Event: 14.630 GC heap after
{Heap after GC invocations=14 (full 0):
 garbage-first heap   total 78848K, used 44027K [0x00000000c1800000, 0x0000000100000000)
  region size 1024K, 3 young (3072K), 3 survivors (3072K)
 Metaspace       used 38311K, capacity 38610K, committed 38992K, reserved 1083392K
  class space    used 4947K, capacity 5041K, committed 5120K, reserved 1048576K
}
Event: 15.431 GC heap before
{Heap before GC invocations=14 (full 0):
 garbage-first heap   total 78848K, used 59387K [0x00000000c1800000, 0x0000000100000000)
  region size 1024K, 19 young (19456K), 3 survivors (3072K)
 Metaspace       used 40786K, capacity 41070K, committed 41552K, reserved 1085440K
  class space    used 5268K, capacity 5369K, committed 5376K, reserved 1048576K
}
Event: 15.440 GC heap after
{Heap after GC invocations=15 (full 0):
 garbage-first heap   total 78848K, used 48043K [0x00000000c1800000, 0x0000000100000000)
  region size 1024K, 3 young (3072K), 3 survivors (3072K)
 Metaspace       used 40786K, capacity 41070K, committed 41552K, reserved 1085440K
  class space    used 5268K, capacity 5369K, committed 5376K, reserved 1048576K
}
Event: 15.949 GC heap before
{Heap before GC invocations=16 (full 0):
 garbage-first heap   total 83968K, used 61355K [0x00000000c1800000, 0x0000000100000000)
  region size 1024K, 16 young (16384K), 3 survivors (3072K)
 Metaspace       used 41303K, capacity 41646K, committed 41936K, reserved 1085440K
  class space    used 5387K, capacity 5497K, committed 5504K, reserved 1048576K
}
Event: 15.955 GC heap after
{Heap after GC invocations=17 (full 0):
 garbage-first heap   total 83968K, used 52716K [0x00000000c1800000, 0x0000000100000000)
  region size 1024K, 2 young (2048K), 2 survivors (2048K)
 Metaspace       used 41303K, capacity 41646K, committed 41936K, reserved 1085440K
  class space    used 5387K, capacity 5497K, committed 5504K, reserved 1048576K
}
Event: 16.984 GC heap before
{Heap before GC invocations=17 (full 0):
 garbage-first heap   total 83968K, used 63980K [0x00000000c1800000, 0x0000000100000000)
  region size 1024K, 14 young (14336K), 2 survivors (2048K)
 Metaspace       used 41759K, capacity 42062K, committed 42576K, reserved 1087488K
  class space    used 5511K, capacity 5593K, committed 5632K, reserved 1048576K
}
Event: 16.990 GC heap after
{Heap after GC invocations=18 (full 0):
 garbage-first heap   total 83968K, used 56982K [0x00000000c1800000, 0x0000000100000000)
  region size 1024K, 2 young (2048K), 2 survivors (2048K)
 Metaspace       used 41759K, capacity 42062K, committed 42576K, reserved 1087488K
  class space    used 5511K, capacity 5593K, committed 5632K, reserved 1048576K
}
Event: 17.060 GC heap before
{Heap before GC invocations=18 (full 0):
 garbage-first heap   total 83968K, used 74390K [0x00000000c1800000, 0x0000000100000000)
  region size 1024K, 11 young (11264K), 2 survivors (2048K)
 Metaspace       used 41761K, capacity 42062K, committed 42576K, reserved 1087488K
  class space    used 5511K, capacity 5593K, committed 5632K, reserved 1048576K
}
Event: 17.063 GC heap after
{Heap after GC invocations=19 (full 0):
 garbage-first heap   total 83968K, used 66783K [0x00000000c1800000, 0x0000000100000000)
  region size 1024K, 1 young (1024K), 1 survivors (1024K)
 Metaspace       used 41761K, capacity 42062K, committed 42576K, reserved 1087488K
  class space    used 5511K, capacity 5593K, committed 5632K, reserved 1048576K
}
Event: 17.345 GC heap before
{Heap before GC invocations=20 (full 0):
 garbage-first heap   total 114688K, used 69855K [0x00000000c1800000, 0x0000000100000000)
  region size 1024K, 5 young (5120K), 1 survivors (1024K)
 Metaspace       used 41938K, capacity 42318K, committed 42704K, reserved 1087488K
  class space    used 5553K, capacity 5657K, committed 5760K, reserved 1048576K
}
Event: 17.348 GC heap after
{Heap after GC invocations=21 (full 0):
 garbage-first heap   total 114688K, used 67549K [0x00000000c1800000, 0x0000000100000000)
  region size 1024K, 1 young (1024K), 1 survivors (1024K)
 Metaspace       used 41938K, capacity 42318K, committed 42704K, reserved 1087488K
  class space    used 5553K, capacity 5657K, committed 5760K, reserved 1048576K
}
Event: 17.928 GC heap before
{Heap before GC invocations=21 (full 0):
 garbage-first heap   total 114688K, used 88029K [0x00000000c1800000, 0x0000000100000000)
  region size 1024K, 22 young (22528K), 1 survivors (1024K)
 Metaspace       used 42542K, capacity 42831K, committed 43344K, reserved 1087488K
  class space    used 5702K, capacity 5785K, committed 5888K, reserved 1048576K
}
Event: 17.934 GC heap after
{Heap after GC invocations=22 (full 0):
 garbage-first heap   total 114688K, used 73911K [0x00000000c1800000, 0x0000000100000000)
  region size 1024K, 3 young (3072K), 3 survivors (3072K)
 Metaspace       used 42542K, capacity 42831K, committed 43344K, reserved 1087488K
  class space    used 5702K, capacity 5785K, committed 5888K, reserved 1048576K
}
Event: 18.350 GC heap before
{Heap before GC invocations=23 (full 0):
 garbage-first heap   total 130048K, used 89271K [0x00000000c1800000, 0x0000000100000000)
  region size 1024K, 18 young (18432K), 3 survivors (3072K)
 Metaspace       used 42810K, capacity 43119K, committed 43600K, reserved 1087488K
  class space    used 5791K, capacity 5881K, committed 5888K, reserved 1048576K
}
Event: 18.356 GC heap after
{Heap after GC invocations=24 (full 0):
 garbage-first heap   total 130048K, used 78142K [0x00000000c1800000, 0x0000000100000000)
  region size 1024K, 3 young (3072K), 3 survivors (3072K)
 Metaspace       used 42810K, capacity 43119K, committed 43600K, reserved 1087488K
  class space    used 5791K, capacity 5881K, committed 5888K, reserved 1048576K
}
Event: 18.643 GC heap before
{Heap before GC invocations=24 (full 0):
 garbage-first heap   total 130048K, used 81214K [0x00000000c1800000, 0x0000000100000000)
  region size 1024K, 8 young (8192K), 3 survivors (3072K)
 Metaspace       used 43686K, capacity 44015K, committed 44496K, reserved 1087488K
  class space    used 5856K, capacity 5945K, committed 6016K, reserved 1048576K
}
Event: 18.646 GC heap after
{Heap after GC invocations=25 (full 0):
 garbage-first heap   total 130048K, used 80088K [0x00000000c1800000, 0x0000000100000000)
  region size 1024K, 2 young (2048K), 2 survivors (2048K)
 Metaspace       used 43686K, capacity 44015K, committed 44496K, reserved 1087488K
  class space    used 5856K, capacity 5945K, committed 6016K, reserved 1048576K
}

