# JRE version: Java(TM) SE Runtime Environment (15.0.2+7) (build 15.0.2+7-27)
# Java VM: Java HotSpot(TM) 64-Bit Server VM (15.0.2+7-27, mixed mode, sharing, tiered, compressed oops, g1 gc, windows-amd64)
GC Precious Log:
 CPUs: 4 total, 4 available
 Memory: 3996M
 Large Page Support: Disabled
 NUMA Support: Disabled
 Compressed Oops: Enabled (32-bit)
 Heap Region Size: 1M
 Heap Min Capacity: 8M
 Heap Initial Capacity: 64M
 Heap Max Capacity: 1000M
 Pre-touch: Disabled
 Parallel Workers: 4
 Concurrent Workers: 1
 Concurrent Refinement Workers: 4
 Periodic GC: Disabled
Heap:
 garbage-first heap   total 143360K, used 97417K [0x00000000c1800000, 0x0000000100000000)
  region size 1024K, 18 young (18432K), 4 survivors (4096K)
 Metaspace       used 45878K, capacity 46171K, committed 46464K, reserved 1089536K
  class space    used 6109K, capacity 6236K, committed 6272K, reserved 1048576K
GC Heap History (20 events):
Event: 10.397 GC heap before
{Heap before GC invocations=8 (full 0):
 garbage-first heap   total 75776K, used 53098K [0x00000000c1800000, 0x0000000100000000)
  region size 1024K, 25 young (25600K), 4 survivors (4096K)
 Metaspace       used 34118K, capacity 34428K, committed 34816K, reserved 1079296K
  class space    used 4169K, capacity 4267K, committed 4352K, reserved 1048576K
}
Event: 10.406 GC heap after
{Heap after GC invocations=9 (full 0):
 garbage-first heap   total 75776K, used 37697K [0x00000000c1800000, 0x0000000100000000)
  region size 1024K, 4 young (4096K), 4 survivors (4096K)
 Metaspace       used 34118K, capacity 34428K, committed 34816K, reserved 1079296K
  class space    used 4169K, capacity 4267K, committed 4352K, reserved 1048576K
}
Event: 12.220 GC heap before
{Heap before GC invocations=9 (full 0):
 garbage-first heap   total 75776K, used 48961K [0x00000000c1800000, 0x0000000100000000)
  region size 1024K, 16 young (16384K), 4 survivors (4096K)
 Metaspace       used 35221K, capacity 35454K, committed 35840K, reserved 1081344K
  class space    used 4426K, capacity 4523K, committed 4608K, reserved 1048576K
}
Event: 12.228 GC heap after
{Heap after GC invocations=10 (full 0):
 garbage-first heap   total 75776K, used 40403K [0x00000000c1800000, 0x0000000100000000)
  region size 1024K, 3 young (3072K), 3 survivors (3072K)
 Metaspace       used 35221K, capacity 35454K, committed 35840K, reserved 1081344K
  class space    used 4426K, capacity 4523K, committed 4608K, reserved 1048576K
}
Event: 13.606 GC heap before
{Heap before GC invocations=11 (full 0):
 garbage-first heap   total 75776K, used 56787K [0x00000000c1800000, 0x0000000100000000)
  region size 1024K, 19 young (19456K), 3 survivors (3072K)
 Metaspace       used 37920K, capacity 38191K, committed 38656K, reserved 1083392K
  class space    used 4906K, capacity 5008K, committed 5120K, reserved 1048576K
}
Event: 13.614 GC heap after
{Heap after GC invocations=12 (full 0):
 garbage-first heap   total 75776K, used 43295K [0x00000000c1800000, 0x0000000100000000)
  region size 1024K, 3 young (3072K), 3 survivors (3072K)
 Metaspace       used 37920K, capacity 38191K, committed 38656K, reserved 1083392K
  class space    used 4906K, capacity 5008K, committed 5120K, reserved 1048576K
}
Event: 14.388 GC heap before
{Heap before GC invocations=12 (full 0):
 garbage-first heap   total 75776K, used 56607K [0x00000000c1800000, 0x0000000100000000)
  region size 1024K, 17 young (17408K), 3 survivors (3072K)
 Metaspace       used 40668K, capacity 41006K, committed 41472K, reserved 1085440K
  class space    used 5254K, capacity 5369K, committed 5376K, reserved 1048576K
}
Event: 14.398 GC heap after
{Heap after GC invocations=13 (full 0):
 garbage-first heap   total 75776K, used 46222K [0x00000000c1800000, 0x0000000100000000)
  region size 1024K, 3 young (3072K), 3 survivors (3072K)
 Metaspace       used 40668K, capacity 41006K, committed 41472K, reserved 1085440K
  class space    used 5254K, capacity 5369K, committed 5376K, reserved 1048576K
}
Event: 14.849 GC heap before
{Heap before GC invocations=14 (full 0):
 garbage-first heap   total 80896K, used 57486K [0x00000000c1800000, 0x0000000100000000)
  region size 1024K, 15 young (15360K), 3 survivors (3072K)
 Metaspace       used 41184K, capacity 41486K, committed 41856K, reserved 1085440K
  class space    used 5352K, capacity 5465K, committed 5504K, reserved 1048576K
}
Event: 14.855 GC heap after
{Heap after GC invocations=15 (full 0):
 garbage-first heap   total 80896K, used 50220K [0x00000000c1800000, 0x0000000100000000)
  region size 1024K, 2 young (2048K), 2 survivors (2048K)
 Metaspace       used 41184K, capacity 41486K, committed 41856K, reserved 1085440K
  class space    used 5352K, capacity 5465K, committed 5504K, reserved 1048576K
}
Event: 15.222 GC heap before
{Heap before GC invocations=15 (full 0):
 garbage-first heap   total 80896K, used 61484K [0x00000000c1800000, 0x0000000100000000)
  region size 1024K, 14 young (14336K), 2 survivors (2048K)
 Metaspace       used 41666K, capacity 41998K, committed 42496K, reserved 1085440K
  class space    used 5482K, capacity 5593K, committed 5632K, reserved 1048576K
}
Event: 15.228 GC heap after
{Heap after GC invocations=16 (full 0):
 garbage-first heap   total 80896K, used 54975K [0x00000000c1800000, 0x0000000100000000)
  region size 1024K, 2 young (2048K), 2 survivors (2048K)
 Metaspace       used 41666K, capacity 41998K, committed 42496K, reserved 1085440K
  class space    used 5482K, capacity 5593K, committed 5632K, reserved 1048576K
}
Event: 15.412 GC heap before
{Heap before GC invocations=17 (full 0):
 garbage-first heap   total 97280K, used 59071K [0x00000000c1800000, 0x0000000100000000)
  region size 1024K, 7 young (7168K), 2 survivors (2048K)
 Metaspace       used 41811K, capacity 42094K, committed 42496K, reserved 1085440K
  class space    used 5525K, capacity 5625K, committed 5632K, reserved 1048576K
}
Event: 15.421 GC heap after
{Heap after GC invocations=18 (full 0):
 garbage-first heap   total 97280K, used 56535K [0x00000000c1800000, 0x0000000100000000)
  region size 1024K, 2 young (2048K), 2 survivors (2048K)
 Metaspace       used 41811K, capacity 42094K, committed 42496K, reserved 1085440K
  class space    used 5525K, capacity 5625K, committed 5632K, reserved 1048576K
}
Event: 15.789 GC heap before
{Heap before GC invocations=19 (full 0):
 garbage-first heap   total 128000K, used 81111K [0x00000000c1800000, 0x0000000100000000)
  region size 1024K, 18 young (18432K), 2 survivors (2048K)
 Metaspace       used 42112K, capacity 42350K, committed 42880K, reserved 1087488K
  class space    used 5589K, capacity 5689K, committed 5760K, reserved 1048576K
}
Event: 15.798 GC heap after
{Heap after GC invocations=20 (full 0):
 garbage-first heap   total 128000K, used 67836K [0x00000000c1800000, 0x0000000100000000)
  region size 1024K, 3 young (3072K), 3 survivors (3072K)
 Metaspace       used 42112K, capacity 42350K, committed 42880K, reserved 1087488K
  class space    used 5589K, capacity 5689K, committed 5760K, reserved 1048576K
}
Event: 16.662 GC heap before
{Heap before GC invocations=20 (full 0):
 garbage-first heap   total 128000K, used 96508K [0x00000000c1800000, 0x0000000100000000)
  region size 1024K, 31 young (31744K), 3 survivors (3072K)
 Metaspace       used 42776K, capacity 43055K, committed 43520K, reserved 1087488K
  class space    used 5774K, capacity 5881K, committed 5888K, reserved 1048576K
}
Event: 16.671 GC heap after
{Heap after GC invocations=21 (full 0):
 garbage-first heap   total 128000K, used 75966K [0x00000000c1800000, 0x0000000100000000)
  region size 1024K, 4 young (4096K), 4 survivors (4096K)
 Metaspace       used 42776K, capacity 43055K, committed 43520K, reserved 1087488K
  class space    used 5774K, capacity 5881K, committed 5888K, reserved 1048576K
}
Event: 17.267 GC heap before
{Heap before GC invocations=22 (full 0):
 garbage-first heap   total 133120K, used 84158K [0x00000000c1800000, 0x0000000100000000)
  region size 1024K, 14 young (14336K), 4 survivors (4096K)
 Metaspace       used 43788K, capacity 44079K, committed 44416K, reserved 1087488K
  class space    used 5877K, capacity 6009K, committed 6016K, reserved 1048576K
}
Event: 17.272 GC heap after
{Heap after GC invocations=23 (full 0):
 garbage-first heap   total 133120K, used 80009K [0x00000000c1800000, 0x0000000100000000)
  region size 1024K, 4 young (4096K), 4 survivors (4096K)
 Metaspace       used 43788K, capacity 44079K, committed 44416K, reserved 1087488K
  class space    used 5877K, capacity 6009K, committed 6016K, reserved 1048576K
}

